2025-01-28 21:44:53.653 [warning] /home/gabs/.ssh/config: ENOENT: no such file or directory, open '/home/gabs/.ssh/config'
2025-01-28 21:44:53.653 [info] Activation> Extension version: 0.102.0
2025-01-28 21:44:54.032 [info] Looking for git repository
2025-01-28 21:44:54.032 [info] Found 0 repositories during activation
2025-01-28 21:44:54.032 [info] Git repository found, initializing review manager and pr tree view.
2025-01-28 21:44:54.037 [info] Registering git provider
2025-01-28 21:44:54.037 [info] Review+0> Validate state in progress
2025-01-28 21:44:54.037 [info] Review+0> Validating state...
2025-01-28 21:44:54.037 [info] Review+1> Validate state in progress
2025-01-28 21:44:54.037 [info] Review+1> Validating state...
2025-01-28 21:44:54.037 [info] Review+2> Validate state in progress
2025-01-28 21:44:54.037 [info] Review+2> Validating state...
2025-01-28 21:44:54.224 [info] Repo state for file:///home/gabs/miPrimerProyecto changed.
2025-01-28 21:44:54.225 [info] Repo file:///home/gabs/miPrimerProyecto has already been setup.
2025-01-28 21:44:54.234 [info] Repo state for file:///home/gabs/miPrimerRepo changed.
2025-01-28 21:44:54.234 [info] Repo file:///home/gabs/miPrimerRepo has already been setup.
2025-01-28 21:44:54.379 [info] Found GitHub remote for folder /home/gabs/miPrimerProyecto
2025-01-28 21:44:54.379 [info] Found GitHub remote for folder /home/gabs/miPrimerRepo
2025-01-28 21:44:54.379 [info] Found GitHub remote for folder /home/gabs
2025-01-28 21:44:54.933 [info] Trying to use globalState for assignableUsers.
2025-01-28 21:44:55.239 [info] Trying to use globalState for assignableUsers.
2025-01-28 21:44:55.436 [info] Trying to use globalState for assignableUsers.
2025-01-28 21:44:55.446 [info] Review+1> No matching pull request metadata found locally for current branch main
2025-01-28 21:44:55.492 [info] Review+0> No matching pull request metadata found locally for current branch main
2025-01-28 21:44:55.540 [info] Review+2> No matching pull request metadata found locally for current branch main
2025-01-28 21:44:55.562 [info] Using globalState assignableUsers for 1.
2025-01-28 21:44:55.606 [info] Using globalState assignableUsers for 1.
2025-01-28 21:44:55.609 [info] Using globalState assignableUsers for 1.
2025-01-28 21:44:55.899 [info] Review+0> No matching pull request metadata found on GitHub for current branch main
2025-01-28 21:44:55.914 [info] Review+1> No matching pull request metadata found on GitHub for current branch main
2025-01-28 21:44:55.914 [info] Review+2> No matching pull request metadata found on GitHub for current branch main
2025-01-28 21:45:11.040 [info] Repo state for file:///home/gabs changed.
2025-01-28 21:45:11.040 [info] Repo file:///home/gabs has already been setup.
2025-01-28 21:46:06.725 [info] Review+2> Validate state in progress
2025-01-28 21:46:06.725 [info] Review+2> Validating state...
2025-01-28 21:46:06.730 [info] PullRequestGitHelper> associate developer01 with base branch gabrielag-06/miPrimerRepo#main
2025-01-28 21:46:06.741 [info] Found GitHub remote for folder /home/gabs
2025-01-28 21:46:06.742 [info] Using in-memory cached assignable users.
2025-01-28 21:46:06.753 [info] Review+2> No matching pull request metadata found locally for current branch developer01
2025-01-28 21:46:06.764 [info] Review+2> No matching pull request metadata found on GitHub for current branch developer01
2025-01-28 21:48:25.541 [info] Review+2> Validate state in progress
2025-01-28 21:48:25.541 [info] Review+2> Validating state...
2025-01-28 21:48:25.702 [info] Found GitHub remote for folder /home/gabs
2025-01-28 21:48:25.703 [info] Using in-memory cached assignable users.
2025-01-28 21:48:25.706 [info] Review+2> No matching pull request metadata found locally for current branch developer01
2025-01-28 21:48:26.061 [info] Review+2> No matching pull request metadata found on GitHub for current branch developer01
