2025-01-27 23:26:37.164 [warning] /home/gabs/.ssh/config: ENOENT: no such file or directory, open '/home/gabs/.ssh/config'
2025-01-27 23:26:37.164 [info] Activation> Extension version: 0.102.0
2025-01-27 23:26:37.776 [info] Looking for git repository
2025-01-27 23:26:37.776 [info] Found 0 repositories during activation
2025-01-27 23:26:37.776 [info] Git repository found, initializing review manager and pr tree view.
2025-01-27 23:26:37.780 [info] Registering git provider
2025-01-27 23:26:37.780 [info] Review+0> Validate state in progress
2025-01-27 23:26:37.780 [info] Review+0> Validating state...
2025-01-27 23:26:37.780 [info] Review+1> Validate state in progress
2025-01-27 23:26:37.780 [info] Review+1> Validating state...
2025-01-27 23:26:37.780 [info] Review+2> Validate state in progress
2025-01-27 23:26:37.780 [info] Review+2> Validating state...
2025-01-27 23:26:37.780 [warning] No remotes found. The following remotes are missing: origin, upstream
2025-01-27 23:26:37.780 [info] No GitHub remotes found for folder /home/gabs/miPrimerProyecto
2025-01-27 23:26:37.781 [info] Trying to use globalState for assignableUsers.
2025-01-27 23:26:37.787 [info] Review+0> No matching pull request metadata found locally for current branch main
2025-01-27 23:26:37.793 [info] Review+0> No matching pull request metadata found on GitHub for current branch main
2025-01-27 23:26:37.799 [info] Found GitHub remote for folder /home/gabs/miPrimerRepo
2025-01-27 23:26:37.800 [info] Found GitHub remote for folder /home/gabs
2025-01-27 23:26:37.801 [info] Trying to use globalState for assignableUsers.
2025-01-27 23:26:37.801 [info] Trying to use globalState for assignableUsers.
2025-01-27 23:26:37.813 [info] Review+2> No matching pull request metadata found locally for current branch main
2025-01-27 23:26:37.814 [info] Review+1> No matching pull request metadata found locally for current branch main
2025-01-27 23:26:37.814 [info] Review+1> No matching pull request metadata found on GitHub for current branch main
2025-01-27 23:26:37.816 [info] GlobalState does not exist for assignableUsers.
2025-01-27 23:26:37.819 [info] GlobalState does not exist for assignableUsers.
2025-01-27 23:26:37.819 [info] GlobalState does not exist for assignableUsers.
2025-01-27 23:26:37.820 [info] Review+2> No matching pull request metadata found on GitHub for current branch main
2025-01-27 23:26:56.849 [info] Repo state for file:///home/gabs/miPrimerRepo changed.
2025-01-27 23:26:56.849 [info] Repo file:///home/gabs/miPrimerRepo has already been setup.
2025-01-27 23:26:56.852 [info] Repo state for file:///home/gabs changed.
2025-01-27 23:26:56.852 [info] Repo file:///home/gabs has already been setup.
2025-01-27 23:27:39.942 [info] Review+2> Validate state in progress
2025-01-27 23:27:39.943 [info] Review+2> Validating state...
2025-01-27 23:27:39.974 [info] Found GitHub remote for folder /home/gabs
2025-01-27 23:27:39.975 [info] Using in-memory cached assignable users.
2025-01-27 23:27:39.990 [info] Review+2> No matching pull request metadata found locally for current branch main
2025-01-27 23:27:39.996 [info] Review+2> No matching pull request metadata found on GitHub for current branch main
2025-01-27 23:28:15.875 [info] Review+2> Validate state in progress
2025-01-27 23:28:15.875 [info] Review+2> Validating state...
2025-01-27 23:28:15.925 [info] Found GitHub remote for folder /home/gabs
2025-01-27 23:28:15.925 [info] Using in-memory cached assignable users.
2025-01-27 23:28:15.932 [info] Review+2> No matching pull request metadata found locally for current branch main
2025-01-27 23:28:15.943 [info] Review+2> No matching pull request metadata found on GitHub for current branch main
