2025-01-28 21:44:53.180 [info] [main] Log level: Info
2025-01-28 21:44:53.180 [info] [main] Validating found git in: "git"
2025-01-28 21:44:53.180 [info] [main] Using git "2.43.0" from "git"
2025-01-28 21:44:53.180 [info] [Model][doInitialScan] Initial repository scan started
2025-01-28 21:44:53.180 [info] > git rev-parse --show-toplevel [4ms]
2025-01-28 21:44:53.181 [info] > git rev-parse --git-dir --git-common-dir [2ms]
2025-01-28 21:44:53.194 [info] [Model][openRepository] Opened repository: /home/gabs
2025-01-28 21:44:53.284 [info] > git config --get commit.template [84ms]
2025-01-28 21:44:53.317 [info] > git rev-parse --show-toplevel [21ms]
2025-01-28 21:44:53.318 [info] > git for-each-ref --format=%(refname)%00%(upstream:short)%00%(objectname)%00%(upstream:track)%00%(upstream:remotename)%00%(upstream:remoteref) refs/heads/main refs/remotes/main [28ms]
2025-01-28 21:44:53.323 [info] > git rev-parse --show-toplevel [1ms]
2025-01-28 21:44:53.335 [info] > git for-each-ref --sort -committerdate --format %(refname) %(objectname) %(*objectname) [4ms]
2025-01-28 21:44:53.337 [info] > git rev-parse --show-toplevel [3ms]
2025-01-28 21:44:53.341 [info] > git rev-parse --show-toplevel [1ms]
2025-01-28 21:44:53.490 [info] > git status -z -uall [163ms]
2025-01-28 21:44:53.507 [info] > git rev-parse --show-toplevel [163ms]
2025-01-28 21:44:53.532 [info] > git for-each-ref --format=%(refname)%00%(upstream:short)%00%(objectname)%00%(upstream:track)%00%(upstream:remotename)%00%(upstream:remoteref) refs/heads/main refs/remotes/main [29ms]
2025-01-28 21:44:53.544 [info] > git rev-parse --show-toplevel [24ms]
2025-01-28 21:44:53.545 [info] > git config --get commit.template [27ms]
2025-01-28 21:44:53.552 [info] > git config --local branch.main.vscode-merge-base [13ms]
2025-01-28 21:44:53.552 [warning] [Git][config] git config failed: Failed to execute git
2025-01-28 21:44:53.600 [info] > git rev-parse --show-toplevel [50ms]
2025-01-28 21:44:53.648 [info] > git for-each-ref --format=%(refname)%00%(upstream:short)%00%(objectname)%00%(upstream:track)%00%(upstream:remotename)%00%(upstream:remoteref) refs/heads/main refs/remotes/main [87ms]
2025-01-28 21:44:53.649 [info] > git reflog main --grep-reflog=branch: Created from *. [92ms]
2025-01-28 21:44:53.652 [info] > git rev-parse --show-toplevel [11ms]
2025-01-28 21:44:53.679 [info] > git reflog HEAD --grep-reflog=checkout: moving from .* to main [28ms]
2025-01-28 21:44:53.688 [info] > git rev-parse --show-toplevel [33ms]
2025-01-28 21:44:53.693 [info] > git for-each-ref --sort -committerdate --format %(refname) %(objectname) %(*objectname) [5ms]
2025-01-28 21:44:53.693 [info] > git for-each-ref --format=%(refname)%00%(upstream:short)%00%(objectname)%00%(upstream:track)%00%(upstream:remotename)%00%(upstream:remoteref) refs/heads/developer refs/remotes/developer [11ms]
2025-01-28 21:44:53.697 [info] > git rev-parse --show-toplevel [6ms]
2025-01-28 21:44:53.698 [info] > git symbolic-ref --short refs/remotes/origin/HEAD [2ms]
2025-01-28 21:44:53.698 [info] fatal: ref refs/remotes/origin/HEAD is not a symbolic ref
2025-01-28 21:44:53.698 [warning] [Repository][getDefaultBranch] Failed to get default branch details: Failed to execute git.
2025-01-28 21:44:53.705 [info] > git status -z -uall [21ms]
2025-01-28 21:44:53.705 [info] > git merge-base refs/heads/main refs/remotes/origin/main [4ms]
2025-01-28 21:44:53.718 [info] > git check-ignore -v -z --stdin [2ms]
2025-01-28 21:44:53.723 [info] > git merge-base refs/heads/main refs/remotes/origin/main [11ms]
2025-01-28 21:44:53.726 [info] > git diff --name-status -z --diff-filter=ADMR c37243c7f729deceef592740a5e20f4efa436ca4...refs/remotes/origin/main [18ms]
2025-01-28 21:44:53.726 [info] > git rev-parse --show-toplevel [22ms]
2025-01-28 21:44:53.794 [info] > git diff --name-status -z --diff-filter=ADMR c37243c7f729deceef592740a5e20f4efa436ca4...refs/remotes/origin/main [69ms]
2025-01-28 21:44:53.796 [info] > git rev-parse --show-toplevel [2ms]
2025-01-28 21:44:53.800 [info] > git rev-parse --git-dir --git-common-dir [2ms]
2025-01-28 21:44:53.803 [info] [Model][openRepository] Opened repository: /home/gabs/miPrimerProyecto
2025-01-28 21:44:53.813 [info] > git rev-parse --show-toplevel [4ms]
2025-01-28 21:44:53.813 [info] > git config --get commit.template [7ms]
2025-01-28 21:44:53.818 [info] > git rev-parse --git-dir --git-common-dir [3ms]
2025-01-28 21:44:53.822 [info] [Model][openRepository] Opened repository: /home/gabs/miPrimerRepo
2025-01-28 21:44:53.828 [info] > git for-each-ref --format=%(refname)%00%(upstream:short)%00%(objectname)%00%(upstream:track)%00%(upstream:remotename)%00%(upstream:remoteref) refs/heads/main refs/remotes/main [10ms]
2025-01-28 21:44:53.831 [info] > git rev-parse --show-toplevel [3ms]
2025-01-28 21:44:53.834 [info] [Model][doInitialScan] Initial repository scan completed - repositories (3), closed repositories (0), parent repositories (0), unsafe repositories (0)
2025-01-28 21:44:53.840 [info] > git config --get commit.template [13ms]
2025-01-28 21:44:53.857 [info] > git show --textconv HEAD:README.md [21ms]
2025-01-28 21:44:53.864 [info] > git ls-tree -l HEAD -- /home/gabs/miPrimerRepo/README.md [24ms]
2025-01-28 21:44:53.870 [info] > git status -z -uall [3ms]
2025-01-28 21:44:53.871 [info] > git for-each-ref --format=%(refname)%00%(upstream:short)%00%(objectname)%00%(upstream:track)%00%(upstream:remotename)%00%(upstream:remoteref) refs/heads/main refs/remotes/main [9ms]
2025-01-28 21:44:53.984 [warning] [Git][revParse] Unable to read file: ENOENT: no such file or directory, open '/home/gabs/miPrimerRepo/.git/refs/remotes/origin/main'
2025-01-28 21:44:53.985 [info] > git for-each-ref --sort -committerdate --format %(refname) %(objectname) %(*objectname) [115ms]
2025-01-28 21:44:53.995 [info] > git for-each-ref --format=%(refname)%00%(upstream:short)%00%(objectname)%00%(upstream:track)%00%(upstream:remotename)%00%(upstream:remoteref) refs/heads/main refs/remotes/main [6ms]
2025-01-28 21:44:53.998 [info] > git rev-parse refs/remotes/origin/main [14ms]
2025-01-28 21:44:54.003 [info] > git ls-tree -l HEAD -- /home/gabs/miPrimerRepo/README.md [128ms]
2025-01-28 21:44:54.004 [info] > git status -z -uall [5ms]
2025-01-28 21:44:54.005 [info] > git config --local branch.main.vscode-merge-base [8ms]
2025-01-28 21:44:54.005 [warning] [Git][config] git config failed: Failed to execute git
2025-01-28 21:44:54.007 [info] > git config --get commit.template [14ms]
2025-01-28 21:44:54.008 [info] > git for-each-ref --sort -committerdate --format %(refname) %(objectname) %(*objectname) [6ms]
2025-01-28 21:44:54.019 [info] > git for-each-ref --format=%(refname)%00%(upstream:short)%00%(objectname)%00%(upstream:track)%00%(upstream:remotename)%00%(upstream:remoteref) refs/heads/main refs/remotes/main [7ms]
2025-01-28 21:44:54.023 [info] > git reflog main --grep-reflog=branch: Created from *. [16ms]
2025-01-28 21:44:54.172 [info] > git config --local branch.main.vscode-merge-base [149ms]
2025-01-28 21:44:54.175 [info] > git config --get commit.template [156ms]
2025-01-28 21:44:54.176 [info] > git for-each-ref --format=%(refname)%00%(upstream:short)%00%(objectname)%00%(upstream:track)%00%(upstream:remotename)%00%(upstream:remoteref) refs/heads/main refs/remotes/main [160ms]
2025-01-28 21:44:54.186 [info] > git for-each-ref --format=%(refname)%00%(upstream:short)%00%(objectname)%00%(upstream:track)%00%(upstream:remotename)%00%(upstream:remoteref) refs/heads/origin/main refs/remotes/origin/main [11ms]
2025-01-28 21:44:54.190 [info] > git symbolic-ref --short refs/remotes/origin/HEAD [165ms]
2025-01-28 21:44:54.190 [info] fatal: ref refs/remotes/origin/HEAD is not a symbolic ref
2025-01-28 21:44:54.191 [warning] [Repository][getDefaultBranch] Failed to get default branch details: Failed to execute git.
2025-01-28 21:44:54.197 [info] > git merge-base refs/heads/main refs/remotes/origin/main [8ms]
2025-01-28 21:44:54.201 [info] > git for-each-ref --format=%(refname)%00%(upstream:short)%00%(objectname)%00%(upstream:track)%00%(upstream:remotename)%00%(upstream:remoteref) refs/heads/main refs/remotes/main [5ms]
2025-01-28 21:44:54.201 [info] > git merge-base refs/heads/main refs/remotes/origin/main [7ms]
2025-01-28 21:44:54.210 [warning] [Git][revParse] Unable to read file: ENOENT: no such file or directory, open '/home/gabs/miPrimerRepo/.git/refs/remotes/origin/main'
2025-01-28 21:44:54.211 [info] > git status -z -uall [5ms]
2025-01-28 21:44:54.211 [info] > git diff --name-status -z --diff-filter=ADMR e4b88c94dd44c1eeac6d6cb214284222b1b5197c...refs/remotes/origin/main [11ms]
2025-01-28 21:44:54.213 [info] > git rev-parse refs/remotes/origin/main [2ms]
2025-01-28 21:44:54.223 [info] > git for-each-ref --sort -committerdate --format %(refname) %(objectname) %(*objectname) [15ms]
2025-01-28 21:44:54.228 [info] > git diff --name-status -z --diff-filter=ADMR 77aa5ed7ae2d9861dc7ee350cd31ccc57c1e7fd5...refs/remotes/origin/main [24ms]
2025-01-28 21:44:54.230 [info] > git status -z -uall [14ms]
2025-01-28 21:44:54.230 [info] > git merge-base refs/heads/main refs/remotes/origin/main [3ms]
2025-01-28 21:44:54.233 [info] > git for-each-ref --sort -committerdate --format %(refname) %(objectname) %(*objectname) [10ms]
2025-01-28 21:44:54.235 [info] > git diff --name-status -z --diff-filter=ADMR 77aa5ed7ae2d9861dc7ee350cd31ccc57c1e7fd5...refs/remotes/origin/main [3ms]
2025-01-28 21:44:54.282 [info] > git blame --root --incremental e4b88c94dd44c1eeac6d6cb214284222b1b5197c -- /home/gabs/miPrimerRepo/README.md [2ms]
2025-01-28 21:44:54.545 [info] > git check-ignore -v -z --stdin [181ms]
2025-01-28 21:44:54.546 [info] > git check-ignore -v -z --stdin [180ms]
2025-01-28 21:44:54.546 [info] > git check-ignore -v -z --stdin [176ms]
2025-01-28 21:44:54.563 [info] > git show --textconv HEAD:README.md [12ms]
2025-01-28 21:44:54.564 [info] > git ls-tree -l HEAD -- /home/gabs/miPrimerRepo/README.md [11ms]
2025-01-28 21:44:55.446 [info] > git config --local branch.main.github-pr-owner-number [8ms]
2025-01-28 21:44:55.446 [warning] [Git][config] git config failed: Failed to execute git
2025-01-28 21:44:55.492 [info] > git config --local branch.main.github-pr-owner-number [249ms]
2025-01-28 21:44:55.492 [warning] [Git][config] git config failed: Failed to execute git
2025-01-28 21:44:55.539 [info] > git config --local branch.main.github-pr-owner-number [602ms]
2025-01-28 21:44:55.540 [warning] [Git][config] git config failed: Failed to execute git
2025-01-28 21:45:11.011 [info] > git ls-files --stage -- /home/gabs/miPrimerRepo/README.md [7ms]
2025-01-28 21:45:11.014 [info] > git config --get commit.template [4ms]
2025-01-28 21:45:11.018 [info] > git cat-file -s 92f32fc62962eb1dfb604837ab4e02092eb1a7ab [5ms]
2025-01-28 21:45:11.018 [info] > git for-each-ref --format=%(refname)%00%(upstream:short)%00%(objectname)%00%(upstream:track)%00%(upstream:remotename)%00%(upstream:remoteref) refs/heads/main refs/remotes/main [1ms]
2025-01-28 21:45:11.028 [info] > git for-each-ref --sort -committerdate --format %(refname) %(objectname) %(*objectname) [4ms]
2025-01-28 21:45:11.030 [info] > git show --textconv :README.md [3ms]
2025-01-28 21:45:11.038 [info] > git status -z -uall [16ms]
2025-01-28 21:45:16.046 [info] > git config --get commit.template [2ms]
2025-01-28 21:45:16.047 [info] > git for-each-ref --format=%(refname)%00%(upstream:short)%00%(objectname)%00%(upstream:track)%00%(upstream:remotename)%00%(upstream:remoteref) refs/heads/main refs/remotes/main [1ms]
2025-01-28 21:45:16.054 [info] > git for-each-ref --sort -committerdate --format %(refname) %(objectname) %(*objectname) [1ms]
2025-01-28 21:45:16.063 [info] > git status -z -uall [13ms]
2025-01-28 21:45:20.306 [info] > git ls-files --stage -- /home/gabs/miPrimerRepo/README.md [1ms]
2025-01-28 21:45:20.311 [info] > git cat-file -s 92f32fc62962eb1dfb604837ab4e02092eb1a7ab [2ms]
2025-01-28 21:45:21.071 [info] > git config --get commit.template [3ms]
2025-01-28 21:45:21.072 [info] > git for-each-ref --format=%(refname)%00%(upstream:short)%00%(objectname)%00%(upstream:track)%00%(upstream:remotename)%00%(upstream:remoteref) refs/heads/main refs/remotes/main [1ms]
2025-01-28 21:45:21.078 [info] > git for-each-ref --sort -committerdate --format %(refname) %(objectname) %(*objectname) [1ms]
2025-01-28 21:45:21.089 [info] > git status -z -uall [13ms]
2025-01-28 21:45:26.098 [info] > git config --get commit.template [3ms]
2025-01-28 21:45:26.099 [info] > git for-each-ref --format=%(refname)%00%(upstream:short)%00%(objectname)%00%(upstream:track)%00%(upstream:remotename)%00%(upstream:remoteref) refs/heads/main refs/remotes/main [1ms]
2025-01-28 21:45:26.106 [info] > git for-each-ref --sort -committerdate --format %(refname) %(objectname) %(*objectname) [1ms]
2025-01-28 21:45:26.116 [info] > git status -z -uall [14ms]
2025-01-28 21:45:37.183 [info] > git ls-files --stage -- /home/gabs/miPrimerRepo/README.md [8ms]
2025-01-28 21:45:37.187 [info] > git config --get commit.template [4ms]
2025-01-28 21:45:37.188 [info] > git cat-file -s 92f32fc62962eb1dfb604837ab4e02092eb1a7ab [1ms]
2025-01-28 21:45:37.194 [info] > git for-each-ref --format=%(refname)%00%(upstream:short)%00%(objectname)%00%(upstream:track)%00%(upstream:remotename)%00%(upstream:remoteref) refs/heads/main refs/remotes/main [1ms]
2025-01-28 21:45:37.205 [info] > git for-each-ref --sort -committerdate --format %(refname) %(objectname) %(*objectname) [1ms]
2025-01-28 21:45:37.215 [info] > git status -z -uall [18ms]
2025-01-28 21:45:42.224 [info] > git config --get commit.template [3ms]
2025-01-28 21:45:42.224 [info] > git for-each-ref --format=%(refname)%00%(upstream:short)%00%(objectname)%00%(upstream:track)%00%(upstream:remotename)%00%(upstream:remoteref) refs/heads/main refs/remotes/main [1ms]
2025-01-28 21:45:42.230 [info] > git for-each-ref --sort -committerdate --format %(refname) %(objectname) %(*objectname) [1ms]
2025-01-28 21:45:42.240 [info] > git status -z -uall [13ms]
2025-01-28 21:45:49.781 [info] > git ls-files --stage -- /home/gabs/miPrimerRepo/README.md [5ms]
2025-01-28 21:45:49.785 [info] > git config --get commit.template [5ms]
2025-01-28 21:45:49.786 [info] > git cat-file -s 92f32fc62962eb1dfb604837ab4e02092eb1a7ab [1ms]
2025-01-28 21:45:49.790 [info] > git for-each-ref --format=%(refname)%00%(upstream:short)%00%(objectname)%00%(upstream:track)%00%(upstream:remotename)%00%(upstream:remoteref) refs/heads/main refs/remotes/main [2ms]
2025-01-28 21:45:49.797 [info] > git for-each-ref --sort -committerdate --format %(refname) %(objectname) %(*objectname) [1ms]
2025-01-28 21:45:49.807 [info] > git status -z -uall [13ms]
2025-01-28 21:45:54.814 [info] > git config --get commit.template [2ms]
2025-01-28 21:45:54.815 [info] > git for-each-ref --format=%(refname)%00%(upstream:short)%00%(objectname)%00%(upstream:track)%00%(upstream:remotename)%00%(upstream:remoteref) refs/heads/main refs/remotes/main [1ms]
2025-01-28 21:45:54.821 [info] > git for-each-ref --sort -committerdate --format %(refname) %(objectname) %(*objectname) [1ms]
2025-01-28 21:45:54.831 [info] > git status -z -uall [14ms]
2025-01-28 21:45:56.121 [info] > git for-each-ref --sort -committerdate --format %(refname) %(objectname) %(*objectname) [1ms]
2025-01-28 21:45:59.842 [info] > git config --get commit.template [3ms]
2025-01-28 21:45:59.843 [info] > git for-each-ref --format=%(refname)%00%(upstream:short)%00%(objectname)%00%(upstream:track)%00%(upstream:remotename)%00%(upstream:remoteref) refs/heads/main refs/remotes/main [1ms]
2025-01-28 21:45:59.848 [info] > git for-each-ref --sort -committerdate --format %(refname) %(objectname) %(*objectname) [1ms]
2025-01-28 21:45:59.858 [info] > git status -z -uall [13ms]
2025-01-28 21:46:04.866 [info] > git config --get commit.template [3ms]
2025-01-28 21:46:04.866 [info] > git for-each-ref --format=%(refname)%00%(upstream:short)%00%(objectname)%00%(upstream:track)%00%(upstream:remotename)%00%(upstream:remoteref) refs/heads/main refs/remotes/main [1ms]
2025-01-28 21:46:04.872 [info] > git for-each-ref --sort -committerdate --format %(refname) %(objectname) %(*objectname) [1ms]
2025-01-28 21:46:04.882 [info] > git status -z -uall [13ms]
2025-01-28 21:46:06.702 [info] > git checkout -q -b developer01 --no-track HEAD [26ms]
2025-01-28 21:46:06.707 [info] > git config --get commit.template [2ms]
2025-01-28 21:46:06.708 [info] > git for-each-ref --format=%(refname)%00%(upstream:short)%00%(objectname)%00%(upstream:track)%00%(upstream:remotename)%00%(upstream:remoteref) refs/heads/developer01 refs/remotes/developer01 [1ms]
2025-01-28 21:46:06.713 [info] > git for-each-ref --sort -committerdate --format %(refname) %(objectname) %(*objectname) [1ms]
2025-01-28 21:46:06.723 [info] > git status -z -uall [13ms]
2025-01-28 21:46:06.732 [info] > git for-each-ref --format=%(refname)%00%(upstream:short)%00%(objectname)%00%(upstream:track)%00%(upstream:remotename)%00%(upstream:remoteref) refs/heads/developer01 refs/remotes/developer01 [2ms]
2025-01-28 21:46:06.735 [info] > git config --local branch.developer01.github-pr-base-branch gabrielag-06#miPrimerRepo#main [7ms]
2025-01-28 21:46:06.745 [info] > git config --local branch.developer01.vscode-merge-base [9ms]
2025-01-28 21:46:06.745 [warning] [Git][config] git config failed: Failed to execute git
2025-01-28 21:46:06.749 [info] > git config --local branch.developer01.github-pr-owner-number [5ms]
2025-01-28 21:46:06.749 [warning] [Git][config] git config failed: Failed to execute git
2025-01-28 21:46:06.753 [info] > git config --get commit.template [13ms]
2025-01-28 21:46:06.754 [info] > git config --local branch.developer01.remote [2ms]
2025-01-28 21:46:06.754 [warning] [Git][config] git config failed: Failed to execute git
2025-01-28 21:46:06.757 [info] > git reflog developer01 --grep-reflog=branch: Created from *. [10ms]
2025-01-28 21:46:06.763 [info] > git config --local branch.developer01.merge [6ms]
2025-01-28 21:46:06.763 [warning] [Git][config] git config failed: Failed to execute git
2025-01-28 21:46:06.764 [info] > git for-each-ref --format=%(refname)%00%(upstream:short)%00%(objectname)%00%(upstream:track)%00%(upstream:remotename)%00%(upstream:remoteref) refs/heads/developer01 refs/remotes/developer01 [2ms]
2025-01-28 21:46:06.769 [info] > git reflog HEAD --grep-reflog=checkout: moving from .* to developer01 [10ms]
2025-01-28 21:46:06.773 [info] > git for-each-ref --sort -committerdate --format %(refname) %(objectname) %(*objectname) [4ms]
2025-01-28 21:46:06.774 [info] > git for-each-ref --format=%(refname)%00%(upstream:short)%00%(objectname)%00%(upstream:track)%00%(upstream:remotename)%00%(upstream:remoteref) refs/heads/main refs/remotes/main [2ms]
2025-01-28 21:46:06.778 [info] > git for-each-ref --format=%(refname)%00%(upstream:short)%00%(objectname)%00%(upstream:track)%00%(upstream:remotename)%00%(upstream:remoteref) refs/remotes/origin/main [1ms]
2025-01-28 21:46:06.783 [info] > git config --local branch.developer01.vscode-merge-base origin/main [1ms]
2025-01-28 21:46:06.789 [info] > git status -z -uall [23ms] (cancelled)
2025-01-28 21:46:06.790 [info] > git config --get commit.template [1ms]
2025-01-28 21:46:06.790 [info] > git for-each-ref --format=%(refname)%00%(upstream:short)%00%(objectname)%00%(upstream:track)%00%(upstream:remotename)%00%(upstream:remoteref) refs/heads/developer01 refs/remotes/developer01 [4ms]
2025-01-28 21:46:06.796 [info] > git config --local branch.developer01.vscode-merge-base [4ms]
2025-01-28 21:46:06.800 [info] > git for-each-ref --format=%(refname)%00%(upstream:short)%00%(objectname)%00%(upstream:track)%00%(upstream:remotename)%00%(upstream:remoteref) refs/heads/developer01 refs/remotes/developer01 [5ms]
2025-01-28 21:46:06.806 [info] > git for-each-ref --format=%(refname)%00%(upstream:short)%00%(objectname)%00%(upstream:track)%00%(upstream:remotename)%00%(upstream:remoteref) refs/heads/origin/main refs/remotes/origin/main [7ms]
2025-01-28 21:46:06.807 [info] > git for-each-ref --sort -committerdate --format %(refname) %(objectname) %(*objectname) [2ms]
2025-01-28 21:46:06.816 [info] > git status -z -uall [13ms]
2025-01-28 21:46:08.056 [info] > git ls-files --stage -- /home/gabs/miPrimerRepo/README.md [2ms]
2025-01-28 21:46:08.059 [info] > git ls-tree -l HEAD -- /home/gabs/miPrimerRepo/README.md [3ms]
2025-01-28 21:46:08.060 [info] > git cat-file -s 92f32fc62962eb1dfb604837ab4e02092eb1a7ab [1ms]
2025-01-28 21:46:08.066 [info] > git show --textconv HEAD:README.md [2ms]
2025-01-28 21:46:08.067 [info] > git show --textconv :README.md [1ms]
2025-01-28 21:46:09.057 [info] > git config --get commit.template [2ms]
2025-01-28 21:46:09.058 [info] > git for-each-ref --format=%(refname)%00%(upstream:short)%00%(objectname)%00%(upstream:track)%00%(upstream:remotename)%00%(upstream:remoteref) refs/heads/main refs/remotes/main [1ms]
2025-01-28 21:46:09.060 [warning] [Git][revParse] Unable to read file: ENOENT: no such file or directory, open '/home/gabs/miPrimerRepo/.git/refs/remotes/origin/main'
2025-01-28 21:46:09.061 [info] > git rev-parse refs/remotes/origin/main [1ms]
2025-01-28 21:46:09.065 [info] > git status -z -uall [2ms]
2025-01-28 21:46:09.066 [info] > git for-each-ref --sort -committerdate --format %(refname) %(objectname) %(*objectname) [1ms]
2025-01-28 21:46:09.890 [info] > git config --get commit.template [2ms]
2025-01-28 21:46:09.891 [info] > git for-each-ref --format=%(refname)%00%(upstream:short)%00%(objectname)%00%(upstream:track)%00%(upstream:remotename)%00%(upstream:remoteref) refs/heads/developer01 refs/remotes/developer01 [1ms]
2025-01-28 21:46:09.896 [info] > git for-each-ref --sort -committerdate --format %(refname) %(objectname) %(*objectname) [1ms]
2025-01-28 21:46:09.905 [info] > git status -z -uall [12ms]
2025-01-28 21:46:14.913 [info] > git config --get commit.template [3ms]
2025-01-28 21:46:14.913 [info] > git for-each-ref --format=%(refname)%00%(upstream:short)%00%(objectname)%00%(upstream:track)%00%(upstream:remotename)%00%(upstream:remoteref) refs/heads/developer01 refs/remotes/developer01 [0ms]
2025-01-28 21:46:14.918 [info] > git for-each-ref --sort -committerdate --format %(refname) %(objectname) %(*objectname) [1ms]
2025-01-28 21:46:14.929 [info] > git status -z -uall [14ms]
2025-01-28 21:46:19.938 [info] > git config --get commit.template [3ms]
2025-01-28 21:46:19.938 [info] > git for-each-ref --format=%(refname)%00%(upstream:short)%00%(objectname)%00%(upstream:track)%00%(upstream:remotename)%00%(upstream:remoteref) refs/heads/developer01 refs/remotes/developer01 [1ms]
2025-01-28 21:46:19.943 [info] > git for-each-ref --sort -committerdate --format %(refname) %(objectname) %(*objectname) [1ms]
2025-01-28 21:46:19.952 [info] > git status -z -uall [12ms]
2025-01-28 21:46:24.959 [info] > git config --get commit.template [3ms]
2025-01-28 21:46:24.959 [info] > git for-each-ref --format=%(refname)%00%(upstream:short)%00%(objectname)%00%(upstream:track)%00%(upstream:remotename)%00%(upstream:remoteref) refs/heads/developer01 refs/remotes/developer01 [1ms]
2025-01-28 21:46:24.964 [info] > git for-each-ref --sort -committerdate --format %(refname) %(objectname) %(*objectname) [1ms]
2025-01-28 21:46:24.973 [info] > git status -z -uall [12ms]
