2025-02-01 20:38:25.058 [info] [main] Log level: Info
2025-02-01 20:38:25.058 [info] [main] Validating found git in: "git"
2025-02-01 20:38:25.058 [info] [main] Using git "2.43.0" from "git"
2025-02-01 20:38:25.058 [info] [Model][doInitialScan] Initial repository scan started
2025-02-01 20:38:25.058 [info] > git rev-parse --show-toplevel [4ms]
2025-02-01 20:38:25.058 [info] > git rev-parse --git-dir --git-common-dir [3ms]
2025-02-01 20:38:25.058 [info] [Model][openRepository] Opened repository: /home/gabs
2025-02-01 20:38:25.059 [info] > git rev-parse --show-toplevel [6ms]
2025-02-01 20:38:25.060 [info] > git config --get commit.template [10ms]
2025-02-01 20:38:25.071 [info] > git rev-parse --git-dir --git-common-dir [7ms]
2025-02-01 20:38:25.074 [info] [Model][openRepository] Opened repository: /home/gabs/gabrielag-06
2025-02-01 20:38:25.078 [info] > git config --get commit.template [1ms]
2025-02-01 20:38:25.079 [info] > git for-each-ref --format=%(refname)%00%(upstream:short)%00%(objectname)%00%(upstream:track)%00%(upstream:remotename)%00%(upstream:remoteref) refs/heads/developer01 refs/remotes/developer01 [10ms]
2025-02-01 20:38:25.088 [info] > git for-each-ref --format=%(refname)%00%(upstream:short)%00%(objectname)%00%(upstream:track)%00%(upstream:remotename)%00%(upstream:remoteref) refs/heads/main refs/remotes/main [6ms]
2025-02-01 20:38:25.094 [warning] [Git][revParse] Unable to read file: ENOENT: no such file or directory, open '/home/gabs/gabrielag-06/.git/refs/remotes/origin/main'
2025-02-01 20:38:25.095 [info] > git rev-parse --show-toplevel [5ms]
2025-02-01 20:38:25.095 [info] > git for-each-ref --sort -committerdate --format %(refname) %(objectname) %(*objectname) [9ms]
2025-02-01 20:38:25.098 [info] > git rev-parse refs/remotes/origin/main [5ms]
2025-02-01 20:38:25.103 [info] > git status -z -uall [3ms]
2025-02-01 20:38:25.104 [info] > git rev-parse --show-toplevel [6ms]
2025-02-01 20:38:25.104 [info] > git for-each-ref --sort -committerdate --format %(refname) %(objectname) %(*objectname) [2ms]
2025-02-01 20:38:25.116 [info] > git for-each-ref --format=%(refname)%00%(upstream:short)%00%(objectname)%00%(upstream:track)%00%(upstream:remotename)%00%(upstream:remoteref) refs/heads/main refs/remotes/main [6ms]
2025-02-01 20:38:25.138 [info] > git status -z -uall [54ms]
2025-02-01 20:38:25.138 [info] > git config --get commit.template [23ms]
2025-02-01 20:38:25.139 [info] > git rev-parse --show-toplevel [25ms]
2025-02-01 20:38:25.147 [info] > git config --local branch.main.vscode-merge-base [28ms]
2025-02-01 20:38:25.164 [info] > git for-each-ref --format=%(refname)%00%(upstream:short)%00%(objectname)%00%(upstream:track)%00%(upstream:remotename)%00%(upstream:remoteref) refs/heads/developer01 refs/remotes/developer01 [9ms]
2025-02-01 20:38:25.166 [info] > git for-each-ref --format=%(refname)%00%(upstream:short)%00%(objectname)%00%(upstream:track)%00%(upstream:remotename)%00%(upstream:remoteref) refs/heads/origin/main refs/remotes/origin/main [17ms]
2025-02-01 20:38:25.177 [info] > git rev-parse --show-toplevel [34ms]
2025-02-01 20:38:25.182 [info] > git merge-base refs/heads/main refs/remotes/origin/main [12ms]
2025-02-01 20:38:25.185 [info] > git config --local branch.developer01.vscode-merge-base [19ms]
2025-02-01 20:38:25.188 [info] > git config --get commit.template [24ms]
2025-02-01 20:38:25.188 [info] > git for-each-ref --format=%(refname)%00%(upstream:short)%00%(objectname)%00%(upstream:track)%00%(upstream:remotename)%00%(upstream:remoteref) refs/heads/main refs/remotes/main [28ms]
2025-02-01 20:38:25.191 [warning] [Git][revParse] Unable to read file: ENOENT: no such file or directory, open '/home/gabs/gabrielag-06/.git/refs/remotes/origin/main'
2025-02-01 20:38:25.192 [info] > git diff --name-status -z --diff-filter=ADMR 1bc4d1f047f835e2fd470ff8f51bb333e72216e1...refs/remotes/origin/main [7ms]
2025-02-01 20:38:25.193 [info] > git rev-parse --show-toplevel [13ms]
2025-02-01 20:38:25.199 [info] > git rev-parse refs/remotes/origin/main [8ms]
2025-02-01 20:38:25.204 [info] > git for-each-ref --format=%(refname)%00%(upstream:short)%00%(objectname)%00%(upstream:track)%00%(upstream:remotename)%00%(upstream:remoteref) refs/heads/origin/main refs/remotes/origin/main [17ms]
2025-02-01 20:38:25.209 [info] > git status -z -uall [7ms]
2025-02-01 20:38:25.210 [info] > git for-each-ref --sort -committerdate --format %(refname) %(objectname) %(*objectname) [6ms]
2025-02-01 20:38:25.212 [info] > git rev-parse --show-toplevel [16ms]
2025-02-01 20:38:25.213 [info] > git for-each-ref --format=%(refname)%00%(upstream:short)%00%(objectname)%00%(upstream:track)%00%(upstream:remotename)%00%(upstream:remoteref) refs/heads/developer01 refs/remotes/developer01 [18ms]
2025-02-01 20:38:25.215 [info] > git merge-base refs/heads/developer01 refs/remotes/origin/developer01 [8ms]
2025-02-01 20:38:25.219 [info] > git rev-parse --show-toplevel [4ms]
2025-02-01 20:38:25.228 [info] > git rev-parse --show-toplevel [7ms]
2025-02-01 20:38:25.228 [info] > git diff --name-status -z --diff-filter=ADMR d98fbaba93aca1d1685077138442eb7fb8d23fb7...refs/remotes/origin/developer01 [10ms]
2025-02-01 20:38:25.231 [info] > git for-each-ref --sort -committerdate --format %(refname) %(objectname) %(*objectname) [7ms]
2025-02-01 20:38:25.232 [info] > git rev-parse --show-toplevel [2ms]
2025-02-01 20:38:25.235 [info] > git rev-parse --show-toplevel [1ms]
2025-02-01 20:38:25.239 [info] > git rev-parse --show-toplevel [1ms]
2025-02-01 20:38:25.242 [info] > git rev-parse --show-toplevel [2ms]
2025-02-01 20:38:25.243 [info] > git status -z -uall [21ms]
2025-02-01 20:38:25.246 [info] > git rev-parse --git-dir --git-common-dir [3ms]
2025-02-01 20:38:25.248 [info] [Model][openRepository] Opened repository: /home/gabs/gabrielag-06.github.io
2025-02-01 20:38:25.252 [info] > git config --get commit.template [2ms]
2025-02-01 20:38:25.253 [info] > git rev-parse --show-toplevel [1ms]
2025-02-01 20:38:25.258 [info] > git rev-parse --git-dir --git-common-dir [1ms]
2025-02-01 20:38:25.260 [info] [Model][openRepository] Opened repository: /home/gabs/miPrimerProyecto
2025-02-01 20:38:25.265 [info] > git for-each-ref --format=%(refname)%00%(upstream:short)%00%(objectname)%00%(upstream:track)%00%(upstream:remotename)%00%(upstream:remoteref) refs/heads/main refs/remotes/main [9ms]
2025-02-01 20:38:25.266 [info] > git rev-parse --show-toplevel [2ms]
2025-02-01 20:38:25.266 [info] > git config --get commit.template [3ms]
2025-02-01 20:38:25.274 [info] > git status -z -uall [3ms]
2025-02-01 20:38:25.274 [info] > git rev-parse --git-dir --git-common-dir [6ms]
2025-02-01 20:38:25.276 [info] [Model][openRepository] Opened repository: /home/gabs/miPrimerRepo
2025-02-01 20:38:25.379 [info] > git for-each-ref --sort -committerdate --format %(refname) %(objectname) %(*objectname) [106ms]
2025-02-01 20:38:25.384 [info] > git for-each-ref --format=%(refname)%00%(upstream:short)%00%(objectname)%00%(upstream:track)%00%(upstream:remotename)%00%(upstream:remoteref) refs/heads/main refs/remotes/main [115ms]
2025-02-01 20:38:25.412 [info] > git for-each-ref --format=%(refname)%00%(upstream:short)%00%(objectname)%00%(upstream:track)%00%(upstream:remotename)%00%(upstream:remoteref) refs/heads/main refs/remotes/main [29ms]
2025-02-01 20:38:25.414 [info] > git rev-parse --show-toplevel [135ms]
2025-02-01 20:38:25.414 [info] > git config --get commit.template [136ms]
2025-02-01 20:38:25.423 [info] > git config --local branch.main.vscode-merge-base [9ms]
2025-02-01 20:38:25.425 [info] > git config --get commit.template [32ms]
2025-02-01 20:38:25.427 [info] > git rev-parse --git-dir --git-common-dir [11ms]
2025-02-01 20:38:25.429 [info] [Model][openRepository] Opened repository: /home/gabs/miSegundoRepo
2025-02-01 20:38:25.437 [info] > git status -z -uall [4ms]
2025-02-01 20:38:25.438 [info] > git for-each-ref --format=%(refname)%00%(upstream:short)%00%(objectname)%00%(upstream:track)%00%(upstream:remotename)%00%(upstream:remoteref) refs/heads/main refs/remotes/main [12ms]
2025-02-01 20:38:25.438 [info] > git for-each-ref --format=%(refname)%00%(upstream:short)%00%(objectname)%00%(upstream:track)%00%(upstream:remotename)%00%(upstream:remoteref) refs/heads/origin/main refs/remotes/origin/main [14ms]
2025-02-01 20:38:25.442 [warning] [Git][revParse] Unable to read file: ENOENT: no such file or directory, open '/home/gabs/miPrimerRepo/.git/refs/remotes/origin/main'
2025-02-01 20:38:25.466 [info] > git rev-parse --show-toplevel [29ms]
2025-02-01 20:38:25.467 [info] [Model][doInitialScan] Initial repository scan completed - repositories (6), closed repositories (0), parent repositories (0), unsafe repositories (0)
2025-02-01 20:38:25.468 [info] > git config --get commit.template [32ms]
2025-02-01 20:38:25.468 [info] > git for-each-ref --sort -committerdate --format %(refname) %(objectname) %(*objectname) [34ms]
2025-02-01 20:38:25.471 [info] > git for-each-ref --format=%(refname)%00%(upstream:short)%00%(objectname)%00%(upstream:track)%00%(upstream:remotename)%00%(upstream:remoteref) refs/heads/main refs/remotes/main [40ms]
2025-02-01 20:38:25.477 [info] > git for-each-ref --format=%(refname)%00%(upstream:short)%00%(objectname)%00%(upstream:track)%00%(upstream:remotename)%00%(upstream:remoteref) refs/heads/main refs/remotes/main [7ms]
2025-02-01 20:38:25.479 [info] > git rev-parse refs/remotes/origin/main [37ms]
2025-02-01 20:38:25.483 [info] > git merge-base refs/heads/main refs/remotes/origin/main [43ms]
2025-02-01 20:38:25.489 [info] > git status -z -uall [8ms]
2025-02-01 20:38:25.489 [info] > git for-each-ref --sort -committerdate --format %(refname) %(objectname) %(*objectname) [7ms]
2025-02-01 20:38:25.493 [info] > git config --local branch.main.vscode-merge-base [14ms]
2025-02-01 20:38:25.494 [warning] [Git][config] git config failed: Failed to execute git
2025-02-01 20:38:25.496 [info] > git config --get commit.template [21ms]
2025-02-01 20:38:25.500 [info] > git for-each-ref --format=%(refname)%00%(upstream:short)%00%(objectname)%00%(upstream:track)%00%(upstream:remotename)%00%(upstream:remoteref) refs/heads/main refs/remotes/main [7ms]
2025-02-01 20:38:25.502 [info] > git for-each-ref --format=%(refname)%00%(upstream:short)%00%(objectname)%00%(upstream:track)%00%(upstream:remotename)%00%(upstream:remoteref) refs/heads/main refs/remotes/main [15ms]
2025-02-01 20:38:25.503 [info] > git diff --name-status -z --diff-filter=ADMR 95d09d3c8ac297210dd57d5fceb2796d5d518168...refs/remotes/origin/main [18ms]
2025-02-01 20:38:25.699 [warning] [Git][revParse] Unable to read file: ENOENT: no such file or directory, open '/home/gabs/miSegundoRepo/.git/refs/remotes/origin/main'
2025-02-01 20:38:25.802 [info] > git status -z -uall [296ms]
2025-02-01 20:38:25.802 [info] > git config --local branch.main.vscode-merge-base [300ms]
2025-02-01 20:38:25.805 [info] > git config --get commit.template [307ms]
2025-02-01 20:38:25.805 [info] > git reflog main --grep-reflog=branch: Created from *. [310ms]
2025-02-01 20:38:25.809 [info] > git for-each-ref --format=%(refname)%00%(upstream:short)%00%(objectname)%00%(upstream:track)%00%(upstream:remotename)%00%(upstream:remoteref) refs/heads/origin/main refs/remotes/origin/main [4ms]
2025-02-01 20:38:25.811 [info] > git rev-parse refs/remotes/origin/main [112ms]
2025-02-01 20:38:25.815 [info] > git for-each-ref --sort -committerdate --format %(refname) %(objectname) %(*objectname) [308ms]
2025-02-01 20:38:25.816 [info] > git for-each-ref --format=%(refname)%00%(upstream:short)%00%(objectname)%00%(upstream:track)%00%(upstream:remotename)%00%(upstream:remoteref) refs/heads/main refs/remotes/main [311ms]
2025-02-01 20:38:25.861 [info] > git status -z -uall [48ms]
2025-02-01 20:38:25.861 [info] > git show --textconv :README.md [40ms]
2025-02-01 20:38:25.861 [info] > git for-each-ref --sort -committerdate --format %(refname) %(objectname) %(*objectname) [46ms]
2025-02-01 20:38:25.865 [info] > git merge-base refs/heads/main refs/remotes/origin/main [54ms]
2025-02-01 20:38:25.867 [info] > git symbolic-ref --short refs/remotes/origin/HEAD [61ms]
2025-02-01 20:38:25.867 [info] fatal: ref refs/remotes/origin/HEAD is not a symbolic ref
2025-02-01 20:38:25.867 [warning] [Repository][getDefaultBranch] Failed to get default branch details: Failed to execute git.
2025-02-01 20:38:25.872 [info] > git diff --name-status -z --diff-filter=ADMR e4b88c94dd44c1eeac6d6cb214284222b1b5197c...refs/remotes/origin/main [5ms]
2025-02-01 20:38:25.873 [info] > git for-each-ref --format=%(refname)%00%(upstream:short)%00%(objectname)%00%(upstream:track)%00%(upstream:remotename)%00%(upstream:remoteref) refs/heads/main refs/remotes/main [9ms]
2025-02-01 20:38:25.875 [info] > git ls-files --stage -- /home/gabs/gabrielag-06/README.md [52ms]
2025-02-01 20:38:25.877 [info] > git for-each-ref --format=%(refname)%00%(upstream:short)%00%(objectname)%00%(upstream:track)%00%(upstream:remotename)%00%(upstream:remoteref) refs/heads/main refs/remotes/main [59ms]
2025-02-01 20:38:25.879 [warning] [Git][revParse] Unable to read file: ENOENT: no such file or directory, open '/home/gabs/miPrimerRepo/.git/refs/remotes/origin/main'
2025-02-01 20:38:25.922 [info] > git cat-file -s 3b5546e91bb607b526d21a339dd8df1978b36246 [46ms]
2025-02-01 20:38:25.923 [info] > git config --local branch.main.vscode-merge-base [48ms]
2025-02-01 20:38:25.923 [warning] [Git][config] git config failed: Failed to execute git
2025-02-01 20:38:25.925 [info] > git config --get commit.template [54ms]
2025-02-01 20:38:25.925 [info] > git merge-base refs/heads/main refs/remotes/origin/main [56ms]
2025-02-01 20:38:25.936 [info] > git status -z -uall [8ms]
2025-02-01 20:38:25.936 [info] > git reflog main --grep-reflog=branch: Created from *. [11ms]
2025-02-01 20:38:25.938 [info] > git rev-parse refs/remotes/origin/main [59ms]
2025-02-01 20:38:25.999 [info] > git status -z -uall [60ms]
2025-02-01 20:38:25.999 [info] > git symbolic-ref --short refs/remotes/origin/HEAD [61ms]
2025-02-01 20:38:26.001 [info] > git for-each-ref --sort -committerdate --format %(refname) %(objectname) %(*objectname) [71ms]
2025-02-01 20:38:26.003 [info] > git diff --name-status -z --diff-filter=ADMR 77aa5ed7ae2d9861dc7ee350cd31ccc57c1e7fd5...refs/remotes/origin/main [76ms]
2025-02-01 20:38:26.034 [info] > git check-ignore -v -z --stdin [27ms]
2025-02-01 20:38:26.037 [info] > git check-ignore -v -z --stdin [29ms]
2025-02-01 20:38:26.038 [info] > git check-ignore -v -z --stdin [29ms]
2025-02-01 20:38:26.038 [info] > git check-ignore -v -z --stdin [27ms]
2025-02-01 20:38:26.038 [info] > git check-ignore -v -z --stdin [26ms]
2025-02-01 20:38:26.038 [info] > git check-ignore -v -z --stdin [24ms]
2025-02-01 20:38:26.039 [info] > git merge-base refs/heads/main refs/remotes/origin/main [36ms]
2025-02-01 20:38:26.040 [info] > git for-each-ref --format=%(refname)%00%(upstream:short)%00%(objectname)%00%(upstream:track)%00%(upstream:remotename)%00%(upstream:remoteref) refs/heads/origin/main refs/remotes/origin/main [39ms]
2025-02-01 20:38:26.042 [info] > git blame --root --incremental 1bc4d1f047f835e2fd470ff8f51bb333e72216e1 -- /home/gabs/gabrielag-06/README.md [97ms]
2025-02-01 20:38:26.043 [info] > git for-each-ref --format=%(refname)%00%(upstream:short)%00%(objectname)%00%(upstream:track)%00%(upstream:remotename)%00%(upstream:remoteref) refs/heads/main refs/remotes/main [100ms]
2025-02-01 20:38:26.044 [info] > git for-each-ref --sort -committerdate --format %(refname) %(objectname) %(*objectname) [103ms]
2025-02-01 20:38:26.046 [warning] [Git][revParse] Unable to read file: ENOENT: no such file or directory, open '/home/gabs/miSegundoRepo/.git/refs/remotes/origin/main'
2025-02-01 20:38:26.048 [info] > git config --local branch.main.vscode-merge-base origin/main [6ms]
2025-02-01 20:38:26.049 [info] > git diff --name-status -z --diff-filter=ADMR 77aa5ed7ae2d9861dc7ee350cd31ccc57c1e7fd5...refs/remotes/origin/main [9ms]
2025-02-01 20:38:26.052 [info] > git rev-parse refs/remotes/origin/main [6ms]
2025-02-01 20:38:26.064 [info] > git config --get commit.template [12ms]
2025-02-01 20:38:26.070 [info] > git for-each-ref --format=%(refname)%00%(upstream:short)%00%(objectname)%00%(upstream:track)%00%(upstream:remotename)%00%(upstream:remoteref) refs/heads/main refs/remotes/main [16ms]
2025-02-01 20:38:26.297 [info] > git config --local branch.main.vscode-merge-base [225ms]
2025-02-01 20:38:26.318 [info] > git for-each-ref --format=%(refname)%00%(upstream:short)%00%(objectname)%00%(upstream:track)%00%(upstream:remotename)%00%(upstream:remoteref) refs/heads/main refs/remotes/main [244ms]
2025-02-01 20:38:26.322 [warning] [Git][revParse] Unable to read file: ENOENT: no such file or directory, open '/home/gabs/miSegundoRepo/.git/refs/remotes/origin/main'
2025-02-01 20:38:26.328 [info] > git for-each-ref --format=%(refname)%00%(upstream:short)%00%(objectname)%00%(upstream:track)%00%(upstream:remotename)%00%(upstream:remoteref) refs/heads/origin/main refs/remotes/origin/main [29ms]
2025-02-01 20:38:26.333 [info] > git merge-base refs/heads/main refs/remotes/origin/main [2ms]
2025-02-01 20:38:26.335 [info] > git rev-parse refs/remotes/origin/main [13ms]
2025-02-01 20:38:26.340 [info] > git status -z -uall [3ms]
2025-02-01 20:38:26.340 [info] > git diff --name-status -z --diff-filter=ADMR 7c1bc096f7a69aab3a0faa3dae4efa9d61633089...refs/remotes/origin/main [5ms]
2025-02-01 20:38:26.341 [info] > git for-each-ref --sort -committerdate --format %(refname) %(objectname) %(*objectname) [2ms]
2025-02-01 20:38:26.650 [info] > git check-ignore -v -z --stdin [21ms]
2025-02-01 20:38:27.223 [info] > git config --local branch.developer01.github-pr-owner-number [372ms]
2025-02-01 20:38:27.753 [info] > git config --local branch.main.github-pr-owner-number [22ms]
2025-02-01 20:38:27.753 [warning] [Git][config] git config failed: Failed to execute git
2025-02-01 20:38:27.790 [info] > git config --local branch.main.github-pr-owner-number [169ms]
2025-02-01 20:38:27.791 [warning] [Git][config] git config failed: Failed to execute git
2025-02-01 20:38:27.827 [info] > git config --local branch.main.github-pr-owner-number [317ms]
2025-02-01 20:38:27.828 [warning] [Git][config] git config failed: Failed to execute git
2025-02-01 20:38:27.864 [info] > git config --local branch.main.github-pr-owner-number [466ms]
2025-02-01 20:38:27.864 [warning] [Git][config] git config failed: Failed to execute git
2025-02-01 20:38:27.901 [info] > git config --local branch.main.github-pr-owner-number [621ms]
2025-02-01 20:38:27.901 [warning] [Git][config] git config failed: Failed to execute git
2025-02-01 20:38:29.373 [info] > git config --local branch.developer01.github-pr-owner-number gabrielag-06#miPrimerRepo#4 [1ms]
2025-02-01 20:38:29.378 [info] > git config --get commit.template [2ms]
2025-02-01 20:38:29.379 [info] > git for-each-ref --format=%(refname)%00%(upstream:short)%00%(objectname)%00%(upstream:track)%00%(upstream:remotename)%00%(upstream:remoteref) refs/heads/developer01 refs/remotes/developer01 [1ms]
2025-02-01 20:38:29.385 [info] > git for-each-ref --sort -committerdate --format %(refname) %(objectname) %(*objectname) [1ms]
2025-02-01 20:38:29.398 [info] > git status -z -uall [16ms]
2025-02-01 20:38:31.076 [info] > git fetch origin developer01 [923ms]
2025-02-01 20:38:31.076 [info] From github.com:gabrielag-06/miPrimerRepo
 * branch            developer01 -> FETCH_HEAD
2025-02-01 20:38:31.083 [info] > git config --get commit.template [3ms]
2025-02-01 20:38:31.084 [info] > git for-each-ref --format=%(refname)%00%(upstream:short)%00%(objectname)%00%(upstream:track)%00%(upstream:remotename)%00%(upstream:remoteref) refs/heads/developer01 refs/remotes/developer01 [2ms]
2025-02-01 20:38:31.091 [info] > git for-each-ref --sort -committerdate --format %(refname) %(objectname) %(*objectname) [1ms]
2025-02-01 20:38:31.104 [info] > git status -z -uall [17ms]
2025-02-01 20:38:31.110 [info] > git config --get commit.template [1ms]
2025-02-01 20:38:31.115 [info] > git for-each-ref --format=%(refname)%00%(upstream:short)%00%(objectname)%00%(upstream:track)%00%(upstream:remotename)%00%(upstream:remoteref) refs/heads/developer01 refs/remotes/developer01 [2ms]
2025-02-01 20:38:31.122 [info] > git for-each-ref --sort -committerdate --format %(refname) %(objectname) %(*objectname) [1ms]
2025-02-01 20:38:31.136 [info] > git status -z -uall [19ms]
2025-02-01 20:38:32.197 [info] > git ls-files --stage -- /home/gabs/gabrielag-06/README.md [1ms]
2025-02-01 20:38:32.200 [info] > git cat-file -s 3b5546e91bb607b526d21a339dd8df1978b36246 [0ms]
2025-02-01 20:38:32.207 [info] > git show --textconv :README.md [1ms]
2025-02-01 20:38:32.776 [info] > git check-ignore -v -z --stdin [1ms]
2025-02-01 20:38:43.824 [info] > git check-ignore -v -z --stdin [1ms]
2025-02-01 20:38:45.241 [info] > git check-ignore -v -z --stdin [1ms]
2025-02-01 20:38:47.623 [info] > git check-ignore -v -z --stdin [1ms]
2025-02-01 20:39:07.744 [info] > git check-ignore -v -z --stdin [1ms]
2025-02-01 20:39:13.732 [info] > git check-ignore -v -z --stdin [1ms]
2025-02-01 20:39:25.574 [info] > git show --textconv :.gitignore [29ms]
2025-02-01 20:39:25.575 [info] > git ls-files --stage -- /home/gabs/.gitignore [26ms]
2025-02-01 20:39:25.800 [info] > git check-ignore -v -z --stdin [6ms]
2025-02-01 20:39:27.090 [info] > git blame --root --incremental 8915fefa76bcf4595197314c86d6ab355a9915d6 -- /home/gabs/.gitignore [6ms]
2025-02-01 20:39:27.090 [info] fatal: no such path .gitignore in 8915fefa76bcf4595197314c86d6ab355a9915d6
2025-02-01 20:39:34.096 [info] > git check-ignore -v -z --stdin [19ms]
2025-02-01 20:39:34.096 [info] > git check-ignore -v -z --stdin [15ms]
2025-02-01 20:39:34.096 [info] > git check-ignore -v -z --stdin [12ms]
2025-02-01 20:39:34.096 [info] > git check-ignore -v -z --stdin [8ms]
2025-02-01 20:39:34.096 [info] > git check-ignore -v -z --stdin [5ms]
2025-02-01 20:39:34.097 [info] > git check-ignore -v -z --stdin [2ms]
