2025-01-29 21:42:19.930 [info] [main] Log level: Info
2025-01-29 21:42:19.931 [info] [main] Validating found git in: "git"
2025-01-29 21:42:19.931 [info] [main] Using git "2.43.0" from "git"
2025-01-29 21:42:19.931 [info] [Model][doInitialScan] Initial repository scan started
2025-01-29 21:42:19.931 [info] > git rev-parse --show-toplevel [65ms]
2025-01-29 21:42:19.931 [info] > git rev-parse --git-dir --git-common-dir [3ms]
2025-01-29 21:42:19.931 [info] [Model][openRepository] Opened repository: /home/gabs
2025-01-29 21:42:19.931 [info] > git config --get commit.template [5ms]
2025-01-29 21:42:19.938 [info] > git rev-parse --show-toplevel [2ms]
2025-01-29 21:42:19.971 [info] > git for-each-ref --format=%(refname)%00%(upstream:short)%00%(objectname)%00%(upstream:track)%00%(upstream:remotename)%00%(upstream:remoteref) refs/heads/developer01 refs/remotes/developer01 [38ms]
2025-01-29 21:42:20.007 [info] > git rev-parse --show-toplevel [66ms]
2025-01-29 21:42:20.028 [info] > git rev-parse --show-toplevel [11ms]
2025-01-29 21:42:20.073 [info] > git for-each-ref --sort -committerdate --format %(refname) %(objectname) %(*objectname) [35ms]
2025-01-29 21:42:20.077 [info] > git rev-parse --show-toplevel [34ms]
2025-01-29 21:42:20.083 [info] > git rev-parse --show-toplevel [2ms]
2025-01-29 21:42:20.193 [info] > git status -z -uall [160ms]
2025-01-29 21:42:20.204 [info] > git for-each-ref --format=%(refname)%00%(upstream:short)%00%(objectname)%00%(upstream:track)%00%(upstream:remotename)%00%(upstream:remoteref) refs/heads/developer01 refs/remotes/developer01 [5ms]
2025-01-29 21:42:20.206 [info] > git rev-parse --show-toplevel [117ms]
2025-01-29 21:42:20.211 [info] > git config --get commit.template [8ms]
2025-01-29 21:42:20.212 [info] > git rev-parse --show-toplevel [4ms]
2025-01-29 21:42:20.212 [info] > git config --local branch.developer01.vscode-merge-base [6ms]
2025-01-29 21:42:20.245 [info] > git rev-parse --show-toplevel [26ms]
2025-01-29 21:42:20.245 [info] > git for-each-ref --format=%(refname)%00%(upstream:short)%00%(objectname)%00%(upstream:track)%00%(upstream:remotename)%00%(upstream:remoteref) refs/heads/developer01 refs/remotes/developer01 [29ms]
2025-01-29 21:42:20.246 [info] > git for-each-ref --format=%(refname)%00%(upstream:short)%00%(objectname)%00%(upstream:track)%00%(upstream:remotename)%00%(upstream:remoteref) refs/heads/origin/main refs/remotes/origin/main [30ms]
2025-01-29 21:42:20.272 [info] > git merge-base refs/heads/developer01 refs/remotes/origin/developer01 [24ms]
2025-01-29 21:42:20.276 [info] > git rev-parse --show-toplevel [12ms]
2025-01-29 21:42:20.303 [info] > git diff --name-status -z --diff-filter=ADMR f71af4c51eedf7d004b4e5496605cf6001a8f814...refs/remotes/origin/developer01 [29ms]
2025-01-29 21:42:20.312 [info] > git rev-parse --show-toplevel [13ms]
2025-01-29 21:42:20.373 [info] > git status -z -uall [63ms]
2025-01-29 21:42:20.373 [info] > git for-each-ref --sort -committerdate --format %(refname) %(objectname) %(*objectname) [62ms]
2025-01-29 21:42:20.374 [info] > git rev-parse --show-toplevel [60ms]
2025-01-29 21:42:20.379 [info] > git rev-parse --show-toplevel [1ms]
2025-01-29 21:42:20.397 [info] > git rev-parse --git-dir --git-common-dir [15ms]
2025-01-29 21:42:20.399 [info] [Model][openRepository] Opened repository: /home/gabs/miPrimerProyecto
2025-01-29 21:42:20.507 [info] > git check-ignore -v -z --stdin [62ms]
2025-01-29 21:42:20.511 [info] > git rev-parse --show-toplevel [69ms]
2025-01-29 21:42:20.511 [info] > git config --get commit.template [70ms]
2025-01-29 21:42:20.520 [info] > git rev-parse --git-dir --git-common-dir [4ms]
2025-01-29 21:42:20.522 [info] [Model][openRepository] Opened repository: /home/gabs/miPrimerRepo
2025-01-29 21:42:20.535 [info] > git for-each-ref --format=%(refname)%00%(upstream:short)%00%(objectname)%00%(upstream:track)%00%(upstream:remotename)%00%(upstream:remoteref) refs/heads/main refs/remotes/main [16ms]
2025-01-29 21:42:20.538 [info] > git rev-parse --show-toplevel [11ms]
2025-01-29 21:42:20.541 [info] [Model][doInitialScan] Initial repository scan completed - repositories (3), closed repositories (0), parent repositories (0), unsafe repositories (0)
2025-01-29 21:42:20.548 [info] > git config --get commit.template [23ms]
2025-01-29 21:42:20.553 [info] > git show --textconv HEAD:README.md [9ms]
2025-01-29 21:42:20.553 [info] > git ls-tree -l HEAD -- /home/gabs/miPrimerRepo/README.md [7ms]
2025-01-29 21:42:20.612 [info] > git status -z -uall [10ms]
2025-01-29 21:42:20.612 [info] > git for-each-ref --format=%(refname)%00%(upstream:short)%00%(objectname)%00%(upstream:track)%00%(upstream:remotename)%00%(upstream:remoteref) refs/heads/main refs/remotes/main [56ms]
2025-01-29 21:42:20.614 [warning] [Git][revParse] Unable to read file: ENOENT: no such file or directory, open '/home/gabs/miPrimerRepo/.git/refs/remotes/origin/main'
2025-01-29 21:42:20.615 [info] > git ls-tree -l HEAD -- /home/gabs/miPrimerRepo/README.md [8ms]
2025-01-29 21:42:20.616 [info] > git for-each-ref --sort -committerdate --format %(refname) %(objectname) %(*objectname) [12ms]
2025-01-29 21:42:20.625 [info] > git for-each-ref --format=%(refname)%00%(upstream:short)%00%(objectname)%00%(upstream:track)%00%(upstream:remotename)%00%(upstream:remoteref) refs/heads/main refs/remotes/main [5ms]
2025-01-29 21:42:20.629 [info] > git rev-parse refs/remotes/origin/main [15ms]
2025-01-29 21:42:20.639 [info] > git status -z -uall [6ms]
2025-01-29 21:42:20.639 [info] > git config --local branch.main.vscode-merge-base [10ms]
2025-01-29 21:42:20.640 [warning] [Git][config] git config failed: Failed to execute git
2025-01-29 21:42:20.643 [info] > git config --get commit.template [19ms]
2025-01-29 21:42:20.644 [info] > git for-each-ref --sort -committerdate --format %(refname) %(objectname) %(*objectname) [9ms]
2025-01-29 21:42:20.775 [info] > git for-each-ref --format=%(refname)%00%(upstream:short)%00%(objectname)%00%(upstream:track)%00%(upstream:remotename)%00%(upstream:remoteref) refs/heads/main refs/remotes/main [126ms]
2025-01-29 21:42:20.778 [info] > git reflog main --grep-reflog=branch: Created from *. [134ms]
2025-01-29 21:42:20.841 [info] > git symbolic-ref --short refs/remotes/origin/HEAD [60ms]
2025-01-29 21:42:20.841 [info] fatal: ref refs/remotes/origin/HEAD is not a symbolic ref
2025-01-29 21:42:20.841 [warning] [Repository][getDefaultBranch] Failed to get default branch details: Failed to execute git.
2025-01-29 21:42:20.843 [info] > git config --local branch.main.vscode-merge-base [66ms]
2025-01-29 21:42:20.845 [info] > git config --get commit.template [188ms]
2025-01-29 21:42:20.846 [info] > git for-each-ref --format=%(refname)%00%(upstream:short)%00%(objectname)%00%(upstream:track)%00%(upstream:remotename)%00%(upstream:remoteref) refs/heads/main refs/remotes/main [192ms]
2025-01-29 21:42:20.847 [info] > git for-each-ref --format=%(refname)%00%(upstream:short)%00%(objectname)%00%(upstream:track)%00%(upstream:remotename)%00%(upstream:remoteref) refs/heads/origin/main refs/remotes/origin/main [2ms]
2025-01-29 21:42:20.850 [info] > git merge-base refs/heads/main refs/remotes/origin/main [7ms]
2025-01-29 21:42:20.855 [info] > git merge-base refs/heads/main refs/remotes/origin/main [6ms]
2025-01-29 21:42:20.869 [info] > git for-each-ref --format=%(refname)%00%(upstream:short)%00%(objectname)%00%(upstream:track)%00%(upstream:remotename)%00%(upstream:remoteref) refs/heads/main refs/remotes/main [15ms]
2025-01-29 21:42:20.869 [info] > git diff --name-status -z --diff-filter=ADMR 77aa5ed7ae2d9861dc7ee350cd31ccc57c1e7fd5...refs/remotes/origin/main [17ms]
2025-01-29 21:42:20.882 [warning] [Git][revParse] Unable to read file: ENOENT: no such file or directory, open '/home/gabs/miPrimerRepo/.git/refs/remotes/origin/main'
2025-01-29 21:42:20.883 [info] > git status -z -uall [11ms]
2025-01-29 21:42:20.884 [info] > git blame --root --incremental e4b88c94dd44c1eeac6d6cb214284222b1b5197c -- /home/gabs/miPrimerRepo/README.md [16ms]
2025-01-29 21:42:20.885 [info] > git diff --name-status -z --diff-filter=ADMR e4b88c94dd44c1eeac6d6cb214284222b1b5197c...refs/remotes/origin/main [27ms]
2025-01-29 21:42:20.965 [info] > git rev-parse refs/remotes/origin/main [84ms]
2025-01-29 21:42:20.972 [info] > git for-each-ref --sort -committerdate --format %(refname) %(objectname) %(*objectname) [94ms]
2025-01-29 21:42:21.045 [info] > git status -z -uall [76ms]
2025-01-29 21:42:21.047 [info] > git for-each-ref --sort -committerdate --format %(refname) %(objectname) %(*objectname) [75ms]
2025-01-29 21:42:21.179 [info] > git show --textconv HEAD:README.md [3ms]
2025-01-29 21:42:21.180 [info] > git ls-tree -l HEAD -- /home/gabs/miPrimerRepo/README.md [2ms]
2025-01-29 21:42:21.384 [info] > git config --local branch.developer01.github-pr-owner-number [129ms]
2025-01-29 21:42:21.384 [warning] [Git][config] git config failed: Failed to execute git
2025-01-29 21:42:21.434 [info] > git check-ignore -v -z --stdin [6ms]
2025-01-29 21:42:21.435 [info] > git check-ignore -v -z --stdin [5ms]
2025-01-29 21:42:21.436 [info] > git check-ignore -v -z --stdin [4ms]
2025-01-29 21:42:21.688 [info] > git config --local branch.main.github-pr-owner-number [241ms]
2025-01-29 21:42:21.688 [warning] [Git][config] git config failed: Failed to execute git
2025-01-29 21:42:21.728 [info] > git config --local branch.main.github-pr-owner-number [287ms]
2025-01-29 21:42:21.728 [warning] [Git][config] git config failed: Failed to execute git
2025-01-29 21:42:22.125 [info] > git config --local branch.developer01.github-pr-owner-number gabrielag-06#miPrimerRepo#1 [2ms]
2025-01-29 21:42:22.130 [info] > git config --get commit.template [2ms]
2025-01-29 21:42:22.134 [info] > git for-each-ref --format=%(refname)%00%(upstream:short)%00%(objectname)%00%(upstream:track)%00%(upstream:remotename)%00%(upstream:remoteref) refs/heads/developer01 refs/remotes/developer01 [2ms]
2025-01-29 21:42:22.141 [info] > git for-each-ref --sort -committerdate --format %(refname) %(objectname) %(*objectname) [2ms]
2025-01-29 21:42:22.151 [info] > git status -z -uall [15ms]
2025-01-29 21:42:23.050 [info] > git ls-files --stage -- /home/gabs/miPrimerRepo/README.md [2ms]
2025-01-29 21:42:23.057 [info] > git cat-file -s 92f32fc62962eb1dfb604837ab4e02092eb1a7ab [4ms]
2025-01-29 21:42:23.065 [info] > git show --textconv :README.md [1ms]
2025-01-29 21:42:23.474 [info] > git ls-files --stage -- /home/gabs/miPrimerRepo/README.md [2ms]
2025-01-29 21:42:23.476 [info] > git ls-tree -l HEAD -- /home/gabs/miPrimerRepo/README.md [2ms]
2025-01-29 21:42:23.477 [info] > git cat-file -s 92f32fc62962eb1dfb604837ab4e02092eb1a7ab [1ms]
2025-01-29 21:42:23.484 [info] > git show --textconv HEAD:README.md [3ms]
2025-01-29 21:42:23.484 [info] > git show --textconv :README.md [1ms]
2025-01-29 21:42:23.683 [info] > git config --local branch.developer01.github-pr-owner-number gabrielag-06#miPrimerRepo#1 [2ms]
2025-01-29 21:42:23.687 [info] > git config --get commit.template [2ms]
2025-01-29 21:42:23.688 [info] > git for-each-ref --format=%(refname)%00%(upstream:short)%00%(objectname)%00%(upstream:track)%00%(upstream:remotename)%00%(upstream:remoteref) refs/heads/developer01 refs/remotes/developer01 [1ms]
2025-01-29 21:42:23.693 [info] > git for-each-ref --sort -committerdate --format %(refname) %(objectname) %(*objectname) [1ms]
2025-01-29 21:42:23.704 [info] > git status -z -uall [14ms]
2025-01-29 21:42:24.476 [info] > git config --get commit.template [2ms]
2025-01-29 21:42:24.477 [info] > git for-each-ref --format=%(refname)%00%(upstream:short)%00%(objectname)%00%(upstream:track)%00%(upstream:remotename)%00%(upstream:remoteref) refs/heads/main refs/remotes/main [1ms]
2025-01-29 21:42:24.479 [warning] [Git][revParse] Unable to read file: ENOENT: no such file or directory, open '/home/gabs/miPrimerRepo/.git/refs/remotes/origin/main'
2025-01-29 21:42:24.480 [info] > git rev-parse refs/remotes/origin/main [1ms]
2025-01-29 21:42:24.484 [info] > git status -z -uall [2ms]
2025-01-29 21:42:24.485 [info] > git for-each-ref --sort -committerdate --format %(refname) %(objectname) %(*objectname) [1ms]
2025-01-29 21:42:24.839 [info] > git config --get commit.template [1ms]
2025-01-29 21:42:24.842 [info] > git for-each-ref --format=%(refname)%00%(upstream:short)%00%(objectname)%00%(upstream:track)%00%(upstream:remotename)%00%(upstream:remoteref) refs/heads/developer01 refs/remotes/developer01 [1ms]
2025-01-29 21:42:24.848 [info] > git for-each-ref --sort -committerdate --format %(refname) %(objectname) %(*objectname) [1ms]
2025-01-29 21:42:24.858 [info] > git status -z -uall [14ms]
2025-01-29 21:42:24.946 [info] > git ls-files --stage -- /home/gabs/miPrimerRepo/README.md [2ms]
2025-01-29 21:42:24.949 [info] > git ls-tree -l HEAD -- /home/gabs/miPrimerRepo/README.md [3ms]
2025-01-29 21:42:24.949 [info] > git cat-file -s 92f32fc62962eb1dfb604837ab4e02092eb1a7ab [1ms]
2025-01-29 21:42:24.955 [info] > git show --textconv HEAD:README.md [2ms]
2025-01-29 21:42:24.956 [info] > git show --textconv :README.md [1ms]
2025-01-29 21:42:29.493 [info] > git config --get commit.template [3ms]
2025-01-29 21:42:29.493 [info] > git for-each-ref --format=%(refname)%00%(upstream:short)%00%(objectname)%00%(upstream:track)%00%(upstream:remotename)%00%(upstream:remoteref) refs/heads/main refs/remotes/main [1ms]
2025-01-29 21:42:29.495 [warning] [Git][revParse] Unable to read file: ENOENT: no such file or directory, open '/home/gabs/miPrimerRepo/.git/refs/remotes/origin/main'
2025-01-29 21:42:29.496 [info] > git rev-parse refs/remotes/origin/main [1ms]
2025-01-29 21:42:29.501 [info] > git status -z -uall [2ms]
2025-01-29 21:42:29.501 [info] > git for-each-ref --sort -committerdate --format %(refname) %(objectname) %(*objectname) [1ms]
2025-01-29 21:42:29.865 [info] > git config --get commit.template [3ms]
2025-01-29 21:42:29.865 [info] > git for-each-ref --format=%(refname)%00%(upstream:short)%00%(objectname)%00%(upstream:track)%00%(upstream:remotename)%00%(upstream:remoteref) refs/heads/developer01 refs/remotes/developer01 [1ms]
2025-01-29 21:42:29.871 [info] > git for-each-ref --sort -committerdate --format %(refname) %(objectname) %(*objectname) [1ms]
2025-01-29 21:42:29.881 [info] > git status -z -uall [14ms]
2025-01-29 21:42:40.770 [info] > git config --get commit.template [3ms]
2025-01-29 21:42:40.771 [info] > git for-each-ref --format=%(refname)%00%(upstream:short)%00%(objectname)%00%(upstream:track)%00%(upstream:remotename)%00%(upstream:remoteref) refs/heads/developer01 refs/remotes/developer01 [1ms]
2025-01-29 21:42:40.776 [info] > git for-each-ref --sort -committerdate --format %(refname) %(objectname) %(*objectname) [1ms]
2025-01-29 21:42:40.786 [info] > git status -z -uall [13ms]
2025-01-29 21:42:45.794 [info] > git config --get commit.template [2ms]
2025-01-29 21:42:45.795 [info] > git for-each-ref --format=%(refname)%00%(upstream:short)%00%(objectname)%00%(upstream:track)%00%(upstream:remotename)%00%(upstream:remoteref) refs/heads/developer01 refs/remotes/developer01 [1ms]
2025-01-29 21:42:45.801 [info] > git for-each-ref --sort -committerdate --format %(refname) %(objectname) %(*objectname) [1ms]
2025-01-29 21:42:45.810 [info] > git status -z -uall [13ms]
2025-01-29 21:42:50.819 [info] > git config --get commit.template [3ms]
2025-01-29 21:42:50.820 [info] > git for-each-ref --format=%(refname)%00%(upstream:short)%00%(objectname)%00%(upstream:track)%00%(upstream:remotename)%00%(upstream:remoteref) refs/heads/developer01 refs/remotes/developer01 [2ms]
2025-01-29 21:42:50.826 [info] > git for-each-ref --sort -committerdate --format %(refname) %(objectname) %(*objectname) [1ms]
2025-01-29 21:42:50.836 [info] > git status -z -uall [13ms]
2025-01-29 21:42:55.845 [info] > git config --get commit.template [3ms]
2025-01-29 21:42:55.846 [info] > git for-each-ref --format=%(refname)%00%(upstream:short)%00%(objectname)%00%(upstream:track)%00%(upstream:remotename)%00%(upstream:remoteref) refs/heads/developer01 refs/remotes/developer01 [1ms]
2025-01-29 21:42:55.852 [info] > git for-each-ref --sort -committerdate --format %(refname) %(objectname) %(*objectname) [1ms]
2025-01-29 21:42:55.865 [info] > git status -z -uall [16ms]
2025-01-29 21:45:37.674 [info] > git config --get commit.template [3ms]
2025-01-29 21:45:37.675 [info] > git for-each-ref --format=%(refname)%00%(upstream:short)%00%(objectname)%00%(upstream:track)%00%(upstream:remotename)%00%(upstream:remoteref) refs/heads/developer01 refs/remotes/developer01 [1ms]
2025-01-29 21:45:37.681 [info] > git for-each-ref --sort -committerdate --format %(refname) %(objectname) %(*objectname) [1ms]
2025-01-29 21:45:37.694 [info] > git status -z -uall [16ms]
2025-01-29 21:46:24.592 [info] > git config --get commit.template [3ms]
2025-01-29 21:46:24.593 [info] > git for-each-ref --format=%(refname)%00%(upstream:short)%00%(objectname)%00%(upstream:track)%00%(upstream:remotename)%00%(upstream:remoteref) refs/heads/developer01 refs/remotes/developer01 [2ms]
2025-01-29 21:46:24.607 [info] > git for-each-ref --sort -committerdate --format %(refname) %(objectname) %(*objectname) [2ms]
2025-01-29 21:46:24.619 [info] > git status -z -uall [20ms]
