2025-01-26 22:47:15.107 [info] [main] Log level: Info
2025-01-26 22:47:15.107 [info] [main] Validating found git in: "git"
2025-01-26 22:47:15.107 [info] [main] Using git "2.43.0" from "git"
2025-01-26 22:47:15.107 [info] [Model][doInitialScan] Initial repository scan started
2025-01-26 22:47:15.107 [info] > git rev-parse --show-toplevel [3ms]
2025-01-26 22:47:15.107 [info] > git rev-parse --git-dir --git-common-dir [24ms]
2025-01-26 22:47:15.107 [info] [Model][openRepository] Opened repository: /home/gabs
2025-01-26 22:47:15.112 [info] > git config --get commit.template [6ms]
2025-01-26 22:47:15.116 [info] [Git][getRemotes] No remotes found in the git config file
2025-01-26 22:47:15.116 [info] > git rev-parse --show-toplevel [5ms]
2025-01-26 22:47:15.119 [info] > git for-each-ref --format=%(refname)%00%(upstream:short)%00%(objectname)%00%(upstream:track)%00%(upstream:remotename)%00%(upstream:remoteref) refs/heads/main refs/remotes/main [3ms]
2025-01-26 22:47:15.136 [info] > git for-each-ref --sort -committerdate --format %(refname) %(objectname) %(*objectname) [5ms]
2025-01-26 22:47:15.137 [info] > git rev-parse --show-toplevel [2ms]
2025-01-26 22:47:15.141 [info] > git rev-parse --show-toplevel [1ms]
2025-01-26 22:47:15.142 [info] > git status -z -uall [18ms]
2025-01-26 22:47:15.160 [info] > git for-each-ref --format=%(refname)%00%(upstream:short)%00%(objectname)%00%(upstream:track)%00%(upstream:remotename)%00%(upstream:remoteref) refs/heads/main refs/remotes/main [10ms]
2025-01-26 22:47:15.165 [info] > git config --get commit.template [5ms]
2025-01-26 22:47:15.165 [info] > git rev-parse --show-toplevel [8ms]
2025-01-26 22:47:15.170 [info] > git config --local branch.main.vscode-merge-base [7ms]
2025-01-26 22:47:15.170 [warning] [Git][config] git config failed: Failed to execute git
2025-01-26 22:47:15.173 [info] [Git][getRemotes] No remotes found in the git config file
2025-01-26 22:47:15.173 [info] > git rev-parse --show-toplevel [6ms]
2025-01-26 22:47:15.175 [info] > git for-each-ref --format=%(refname)%00%(upstream:short)%00%(objectname)%00%(upstream:track)%00%(upstream:remotename)%00%(upstream:remoteref) refs/heads/main refs/remotes/main [2ms]
2025-01-26 22:47:15.178 [info] > git reflog main --grep-reflog=branch: Created from *. [7ms]
2025-01-26 22:47:15.181 [info] > git for-each-ref --sort -committerdate --format %(refname) %(objectname) %(*objectname) [3ms]
2025-01-26 22:47:15.182 [info] > git rev-parse --show-toplevel [7ms]
2025-01-26 22:47:15.184 [info] > git reflog HEAD --grep-reflog=checkout: moving from .* to main [4ms]
2025-01-26 22:47:15.187 [info] > git status -z -uall [11ms]
2025-01-26 22:47:15.187 [info] > git rev-parse --show-toplevel [4ms]
2025-01-26 22:47:15.192 [info] > git for-each-ref --format=%(refname)%00%(upstream:short)%00%(objectname)%00%(upstream:track)%00%(upstream:remotename)%00%(upstream:remoteref) refs/heads/developer refs/remotes/developer [6ms]
2025-01-26 22:47:15.208 [info] > git symbolic-ref --short refs/remotes/origin/HEAD [13ms]
2025-01-26 22:47:15.208 [info] fatal: ref refs/remotes/origin/HEAD is not a symbolic ref
2025-01-26 22:47:15.208 [warning] [Repository][getDefaultBranch] Failed to get default branch details: Failed to execute git.
2025-01-26 22:47:15.209 [info] > git rev-parse --git-dir --git-common-dir [17ms]
2025-01-26 22:47:15.210 [info] [Model][openRepository] Opened repository: /home/gabs/miPrimerProyecto
2025-01-26 22:47:15.213 [info] [Model][doInitialScan] Initial repository scan completed - repositories (2), closed repositories (0), parent repositories (0), unsafe repositories (0)
2025-01-26 22:47:15.213 [info] > git for-each-ref --format=%(refname)%00%(upstream:short)%00%(objectname)%00%(upstream:track)%00%(upstream:remotename)%00%(upstream:remoteref) refs/heads/main refs/remotes/main [23ms]
2025-01-26 22:47:15.217 [info] > git config --local branch.main.vscode-merge-base [3ms]
2025-01-26 22:47:15.217 [warning] [Git][config] git config failed: Failed to execute git
2025-01-26 22:47:15.220 [info] > git config --get commit.template [4ms]
2025-01-26 22:47:15.222 [info] [Git][getRemotes] No remotes found in the git config file
2025-01-26 22:47:15.222 [info] > git reflog main --grep-reflog=branch: Created from *. [3ms]
2025-01-26 22:47:15.224 [info] > git for-each-ref --format=%(refname)%00%(upstream:short)%00%(objectname)%00%(upstream:track)%00%(upstream:remotename)%00%(upstream:remoteref) refs/heads/main refs/remotes/main [3ms]
2025-01-26 22:47:15.229 [info] > git status -z -uall [3ms]
2025-01-26 22:47:15.230 [info] > git reflog HEAD --grep-reflog=checkout: moving from .* to main [7ms]
2025-01-26 22:47:15.233 [info] > git for-each-ref --sort -committerdate --format %(refname) %(objectname) %(*objectname) [5ms]
2025-01-26 22:47:15.239 [info] > git for-each-ref --format=%(refname)%00%(upstream:short)%00%(objectname)%00%(upstream:track)%00%(upstream:remotename)%00%(upstream:remoteref) refs/heads/main refs/remotes/main [3ms]
2025-01-26 22:47:15.241 [info] > git for-each-ref --format=%(refname)%00%(upstream:short)%00%(objectname)%00%(upstream:track)%00%(upstream:remotename)%00%(upstream:remoteref) refs/heads/developer refs/remotes/developer [10ms]
2025-01-26 22:47:15.243 [info] > git config --local branch.main.vscode-merge-base [2ms]
2025-01-26 22:47:15.243 [warning] [Git][config] git config failed: Failed to execute git
2025-01-26 22:47:15.244 [info] > git config --get commit.template [5ms]
2025-01-26 22:47:15.245 [info] > git symbolic-ref --short refs/remotes/origin/HEAD [3ms]
2025-01-26 22:47:15.245 [info] fatal: ref refs/remotes/origin/HEAD is not a symbolic ref
2025-01-26 22:47:15.245 [warning] [Repository][getDefaultBranch] Failed to get default branch details: Failed to execute git.
2025-01-26 22:47:15.247 [info] [Git][getRemotes] No remotes found in the git config file
2025-01-26 22:47:15.248 [info] > git reflog main --grep-reflog=branch: Created from *. [4ms]
2025-01-26 22:47:15.250 [info] > git for-each-ref --format=%(refname)%00%(upstream:short)%00%(objectname)%00%(upstream:track)%00%(upstream:remotename)%00%(upstream:remoteref) refs/heads/main refs/remotes/main [3ms]
2025-01-26 22:47:15.253 [info] > git status -z -uall [2ms]
2025-01-26 22:47:15.254 [info] > git symbolic-ref --short refs/remotes/origin/HEAD [5ms]
2025-01-26 22:47:15.254 [info] fatal: ref refs/remotes/origin/HEAD is not a symbolic ref
2025-01-26 22:47:15.254 [warning] [Repository][getDefaultBranch] Failed to get default branch details: Failed to execute git.
2025-01-26 22:47:15.254 [info] > git for-each-ref --sort -committerdate --format %(refname) %(objectname) %(*objectname) [1ms]
2025-01-26 22:47:15.508 [info] > git show --textconv :codeconflict.txt [2ms]
2025-01-26 22:47:15.508 [info] > git ls-files --stage -- /home/gabs/codeconflict.txt [1ms]
2025-01-26 22:47:15.559 [info] > git blame --root --incremental 5bff0ebe1ba33bdebb13d29828ce2d32f8bf22f2 -- /home/gabs/codeconflict.txt [2ms]
2025-01-26 22:47:15.559 [info] fatal: no such path codeconflict.txt in 5bff0ebe1ba33bdebb13d29828ce2d32f8bf22f2
2025-01-26 22:47:15.736 [info] > git check-ignore -v -z --stdin [2ms]
2025-01-26 22:47:15.737 [info] > git check-ignore -v -z --stdin [1ms]
2025-01-26 22:47:18.536 [info] [Git][getRemotes] No remotes found in the git config file
2025-01-26 22:47:18.536 [info] > git config --get commit.template [2ms]
2025-01-26 22:47:18.537 [info] > git for-each-ref --format=%(refname)%00%(upstream:short)%00%(objectname)%00%(upstream:track)%00%(upstream:remotename)%00%(upstream:remoteref) refs/heads/main refs/remotes/main [1ms]
2025-01-26 22:47:18.540 [info] > git for-each-ref --sort -committerdate --format %(refname) %(objectname) %(*objectname) [1ms]
2025-01-26 22:47:18.546 [info] > git status -z -uall [8ms]
2025-01-26 22:48:16.971 [info] [Git][getRemotes] No remotes found in the git config file
2025-01-26 22:48:16.987 [info] > git config --get commit.template [22ms]
2025-01-26 22:48:16.993 [info] > git ls-files --stage -- /home/gabs/codeconflict.txt [22ms]
2025-01-26 22:48:16.995 [info] > git for-each-ref --format=%(refname)%00%(upstream:short)%00%(objectname)%00%(upstream:track)%00%(upstream:remotename)%00%(upstream:remoteref) refs/heads/main refs/remotes/main [20ms]
2025-01-26 22:48:17.001 [info] > git cat-file -s e69de29bb2d1d6434b8b29ae775ad8c2e48c5391 [5ms]
2025-01-26 22:48:17.005 [info] > git for-each-ref --sort -committerdate --format %(refname) %(objectname) %(*objectname) [4ms]
2025-01-26 22:48:17.009 [info] > git show --textconv :codeconflict.txt [1ms]
2025-01-26 22:48:17.106 [info] > git status -z -uall [109ms]
2025-01-26 22:48:17.407 [info] > git show --textconv HEAD:codeconflict.txt [3ms]
2025-01-26 22:48:17.409 [info] > git ls-tree -l HEAD -- /home/gabs/codeconflict.txt [3ms]
2025-01-26 22:48:19.619 [info] > git check-ignore -v -z --stdin [1ms]
2025-01-26 22:48:19.628 [info] > git log --format=%H%n%aN%n%aE%n%at%n%ct%n%P%n%D%n%B -z --shortstat --diff-merges=first-parent -n50 --skip=0 --topo-order --decorate=full --stdin [527ms]
2025-01-26 22:48:22.113 [info] [Git][getRemotes] No remotes found in the git config file
2025-01-26 22:48:22.113 [info] > git config --get commit.template [2ms]
2025-01-26 22:48:22.113 [info] > git for-each-ref --format=%(refname)%00%(upstream:short)%00%(objectname)%00%(upstream:track)%00%(upstream:remotename)%00%(upstream:remoteref) refs/heads/main refs/remotes/main [1ms]
2025-01-26 22:48:22.118 [info] > git for-each-ref --sort -committerdate --format %(refname) %(objectname) %(*objectname) [1ms]
2025-01-26 22:48:22.124 [info] > git status -z -uall [9ms]
2025-01-26 22:48:27.130 [info] [Git][getRemotes] No remotes found in the git config file
2025-01-26 22:48:27.130 [info] > git config --get commit.template [2ms]
2025-01-26 22:48:27.130 [info] > git for-each-ref --format=%(refname)%00%(upstream:short)%00%(objectname)%00%(upstream:track)%00%(upstream:remotename)%00%(upstream:remoteref) refs/heads/main refs/remotes/main [0ms]
2025-01-26 22:48:27.135 [info] > git for-each-ref --sort -committerdate --format %(refname) %(objectname) %(*objectname) [0ms]
2025-01-26 22:48:27.141 [info] > git status -z -uall [9ms]
2025-01-26 22:48:31.987 [info] > git check-ignore -v -z --stdin [2ms]
2025-01-26 22:48:32.147 [info] [Git][getRemotes] No remotes found in the git config file
2025-01-26 22:48:32.147 [info] > git config --get commit.template [2ms]
2025-01-26 22:48:32.147 [info] > git for-each-ref --format=%(refname)%00%(upstream:short)%00%(objectname)%00%(upstream:track)%00%(upstream:remotename)%00%(upstream:remoteref) refs/heads/main refs/remotes/main [1ms]
2025-01-26 22:48:32.153 [info] > git for-each-ref --sort -committerdate --format %(refname) %(objectname) %(*objectname) [2ms]
2025-01-26 22:48:32.162 [info] > git status -z -uall [13ms]
2025-01-26 22:48:37.170 [info] [Git][getRemotes] No remotes found in the git config file
2025-01-26 22:48:37.171 [info] > git config --get commit.template [3ms]
2025-01-26 22:48:37.171 [info] > git for-each-ref --format=%(refname)%00%(upstream:short)%00%(objectname)%00%(upstream:track)%00%(upstream:remotename)%00%(upstream:remoteref) refs/heads/main refs/remotes/main [1ms]
2025-01-26 22:48:37.176 [info] > git for-each-ref --sort -committerdate --format %(refname) %(objectname) %(*objectname) [1ms]
2025-01-26 22:48:37.183 [info] > git status -z -uall [10ms]
2025-01-26 22:48:45.772 [info] [Git][getRemotes] No remotes found in the git config file
2025-01-26 22:48:45.772 [info] > git config --get commit.template [2ms]
2025-01-26 22:48:45.773 [info] > git for-each-ref --format=%(refname)%00%(upstream:short)%00%(objectname)%00%(upstream:track)%00%(upstream:remotename)%00%(upstream:remoteref) refs/heads/main refs/remotes/main [0ms]
2025-01-26 22:48:45.777 [info] > git for-each-ref --sort -committerdate --format %(refname) %(objectname) %(*objectname) [1ms]
2025-01-26 22:48:45.783 [info] > git status -z -uall [9ms]
2025-01-26 22:48:50.789 [info] [Git][getRemotes] No remotes found in the git config file
2025-01-26 22:48:50.790 [info] > git config --get commit.template [2ms]
2025-01-26 22:48:50.790 [info] > git for-each-ref --format=%(refname)%00%(upstream:short)%00%(objectname)%00%(upstream:track)%00%(upstream:remotename)%00%(upstream:remoteref) refs/heads/main refs/remotes/main [1ms]
2025-01-26 22:48:50.795 [info] > git for-each-ref --sort -committerdate --format %(refname) %(objectname) %(*objectname) [1ms]
2025-01-26 22:48:50.802 [info] > git status -z -uall [10ms]
2025-01-26 22:48:55.652 [info] > git config --local branch.main.github-pr-owner-number [2ms]
2025-01-26 22:48:55.652 [warning] [Git][config] git config failed: Failed to execute git
2025-01-26 22:48:55.654 [info] > git config --local branch.main.github-pr-owner-number [2ms]
2025-01-26 22:48:55.654 [warning] [Git][config] git config failed: Failed to execute git
2025-01-26 22:48:55.657 [info] > git config --local branch.main.remote [2ms]
2025-01-26 22:48:55.657 [warning] [Git][config] git config failed: Failed to execute git
2025-01-26 22:48:55.659 [info] > git config --local branch.main.remote [3ms]
2025-01-26 22:48:55.659 [warning] [Git][config] git config failed: Failed to execute git
2025-01-26 22:48:55.661 [info] > git config --local branch.main.merge [3ms]
2025-01-26 22:48:55.662 [warning] [Git][config] git config failed: Failed to execute git
2025-01-26 22:48:55.665 [info] > git config --local branch.main.merge [4ms]
2025-01-26 22:48:55.665 [warning] [Git][config] git config failed: Failed to execute git
2025-01-26 22:48:55.808 [info] [Git][getRemotes] No remotes found in the git config file
2025-01-26 22:48:55.808 [info] > git config --get commit.template [2ms]
2025-01-26 22:48:55.809 [info] > git for-each-ref --format=%(refname)%00%(upstream:short)%00%(objectname)%00%(upstream:track)%00%(upstream:remotename)%00%(upstream:remoteref) refs/heads/main refs/remotes/main [1ms]
2025-01-26 22:48:55.814 [info] > git for-each-ref --sort -committerdate --format %(refname) %(objectname) %(*objectname) [1ms]
2025-01-26 22:48:55.821 [info] > git status -z -uall [10ms]
2025-01-26 22:49:00.829 [info] [Git][getRemotes] No remotes found in the git config file
2025-01-26 22:49:00.829 [info] > git config --get commit.template [2ms]
2025-01-26 22:49:00.830 [info] > git for-each-ref --format=%(refname)%00%(upstream:short)%00%(objectname)%00%(upstream:track)%00%(upstream:remotename)%00%(upstream:remoteref) refs/heads/main refs/remotes/main [1ms]
2025-01-26 22:49:00.834 [info] > git for-each-ref --sort -committerdate --format %(refname) %(objectname) %(*objectname) [1ms]
2025-01-26 22:49:00.842 [info] > git status -z -uall [11ms]
2025-01-26 22:49:05.851 [info] [Git][getRemotes] No remotes found in the git config file
2025-01-26 22:49:05.851 [info] > git config --get commit.template [2ms]
2025-01-26 22:49:05.852 [info] > git for-each-ref --format=%(refname)%00%(upstream:short)%00%(objectname)%00%(upstream:track)%00%(upstream:remotename)%00%(upstream:remoteref) refs/heads/main refs/remotes/main [0ms]
2025-01-26 22:49:05.856 [info] > git for-each-ref --sort -committerdate --format %(refname) %(objectname) %(*objectname) [1ms]
2025-01-26 22:49:05.863 [info] > git status -z -uall [10ms]
2025-01-26 22:49:06.415 [info] > git show --textconv :codeconflict.txt [5ms]
2025-01-26 22:49:06.415 [info] > git show --textconv HEAD:codeconflict.txt [4ms]
2025-01-26 22:49:06.415 [info] > git ls-files --stage -- /home/gabs/codeconflict.txt [2ms]
2025-01-26 22:49:06.417 [info] > git ls-tree -l HEAD -- /home/gabs/codeconflict.txt [3ms]
2025-01-26 22:49:06.418 [info] > git cat-file -s e69de29bb2d1d6434b8b29ae775ad8c2e48c5391 [1ms]
2025-01-26 22:49:10.873 [info] [Git][getRemotes] No remotes found in the git config file
2025-01-26 22:49:10.873 [info] > git config --get commit.template [3ms]
2025-01-26 22:49:10.873 [info] > git for-each-ref --format=%(refname)%00%(upstream:short)%00%(objectname)%00%(upstream:track)%00%(upstream:remotename)%00%(upstream:remoteref) refs/heads/main refs/remotes/main [1ms]
2025-01-26 22:49:10.878 [info] > git for-each-ref --sort -committerdate --format %(refname) %(objectname) %(*objectname) [1ms]
2025-01-26 22:49:10.885 [info] > git status -z -uall [11ms]
2025-01-26 22:49:12.136 [info] > git check-ignore -v -z --stdin [2ms]
2025-01-26 22:49:19.475 [info] [Git][getRemotes] No remotes found in the git config file
2025-01-26 22:49:19.475 [info] > git config --get commit.template [2ms]
2025-01-26 22:49:19.476 [info] > git for-each-ref --format=%(refname)%00%(upstream:short)%00%(objectname)%00%(upstream:track)%00%(upstream:remotename)%00%(upstream:remoteref) refs/heads/main refs/remotes/main [1ms]
2025-01-26 22:49:19.480 [info] > git for-each-ref --sort -committerdate --format %(refname) %(objectname) %(*objectname) [1ms]
2025-01-26 22:49:19.486 [info] > git status -z -uall [9ms]
2025-01-26 22:49:24.190 [info] > git check-ignore -v -z --stdin [1ms]
2025-01-26 22:49:24.494 [info] [Git][getRemotes] No remotes found in the git config file
2025-01-26 22:49:24.494 [info] > git config --get commit.template [3ms]
2025-01-26 22:49:24.494 [info] > git for-each-ref --format=%(refname)%00%(upstream:short)%00%(objectname)%00%(upstream:track)%00%(upstream:remotename)%00%(upstream:remoteref) refs/heads/main refs/remotes/main [1ms]
2025-01-26 22:49:24.499 [info] > git for-each-ref --sort -committerdate --format %(refname) %(objectname) %(*objectname) [1ms]
2025-01-26 22:49:24.506 [info] > git status -z -uall [10ms]
2025-01-26 22:49:36.940 [info] [Git][getRemotes] No remotes found in the git config file
2025-01-26 22:49:36.940 [info] > git config --get commit.template [2ms]
2025-01-26 22:49:36.941 [info] > git for-each-ref --format=%(refname)%00%(upstream:short)%00%(objectname)%00%(upstream:track)%00%(upstream:remotename)%00%(upstream:remoteref) refs/heads/main refs/remotes/main [1ms]
2025-01-26 22:49:36.947 [info] > git for-each-ref --sort -committerdate --format %(refname) %(objectname) %(*objectname) [1ms]
2025-01-26 22:49:36.954 [info] > git status -z -uall [11ms]
2025-01-26 22:49:37.217 [info] > git log --format=%H%n%aN%n%aE%n%at%n%ct%n%P%n%D%n%B -z --shortstat --diff-merges=first-parent -n50 --skip=0 --topo-order --decorate=full --stdin [146ms]
2025-01-26 22:49:41.961 [info] [Git][getRemotes] No remotes found in the git config file
2025-01-26 22:49:41.962 [info] > git config --get commit.template [3ms]
2025-01-26 22:49:41.962 [info] > git for-each-ref --format=%(refname)%00%(upstream:short)%00%(objectname)%00%(upstream:track)%00%(upstream:remotename)%00%(upstream:remoteref) refs/heads/main refs/remotes/main [1ms]
2025-01-26 22:49:41.966 [info] > git for-each-ref --sort -committerdate --format %(refname) %(objectname) %(*objectname) [1ms]
2025-01-26 22:49:41.974 [info] > git status -z -uall [11ms]
2025-01-26 22:49:43.757 [info] > git add -A -- /home/gabs/codeconflict.txt [6ms]
2025-01-26 22:49:43.762 [info] [Git][getRemotes] No remotes found in the git config file
2025-01-26 22:49:43.762 [info] > git config --get commit.template [2ms]
2025-01-26 22:49:43.763 [info] > git for-each-ref --format=%(refname)%00%(upstream:short)%00%(objectname)%00%(upstream:track)%00%(upstream:remotename)%00%(upstream:remoteref) refs/heads/main refs/remotes/main [1ms]
2025-01-26 22:49:43.768 [info] > git for-each-ref --sort -committerdate --format %(refname) %(objectname) %(*objectname) [1ms]
2025-01-26 22:49:43.774 [info] > git status -z -uall [10ms]
2025-01-26 22:49:43.796 [info] > git -c user.useConfigOnly=true commit --quiet --allow-empty-message --file - [17ms]
2025-01-26 22:49:43.798 [info] > git config --get commit.template [0ms]
2025-01-26 22:49:43.805 [info] [Git][getRemotes] No remotes found in the git config file
2025-01-26 22:49:43.806 [info] > git config --get commit.template [5ms]
2025-01-26 22:49:43.807 [info] > git for-each-ref --format=%(refname)%00%(upstream:short)%00%(objectname)%00%(upstream:track)%00%(upstream:remotename)%00%(upstream:remoteref) refs/heads/main refs/remotes/main [1ms]
2025-01-26 22:49:43.814 [info] > git for-each-ref --sort -committerdate --format %(refname) %(objectname) %(*objectname) [3ms]
2025-01-26 22:49:43.820 [info] > git status -z -uall [10ms]
2025-01-26 22:49:43.830 [info] > git blame --root --incremental 727225a96f378249415b4713efe64388b5109b9a -- /home/gabs/codeconflict.txt [6ms]
2025-01-26 22:49:43.832 [info] > git config --local branch.main.github-pr-owner-number [3ms]
2025-01-26 22:49:43.832 [warning] [Git][config] git config failed: Failed to execute git
2025-01-26 22:49:43.835 [info] > git config --local branch.main.remote [1ms]
2025-01-26 22:49:43.835 [warning] [Git][config] git config failed: Failed to execute git
2025-01-26 22:49:43.838 [info] > git config --local branch.main.merge [1ms]
2025-01-26 22:49:43.838 [warning] [Git][config] git config failed: Failed to execute git
2025-01-26 22:49:43.894 [info] [Git][getRemotes] No remotes found in the git config file
2025-01-26 22:49:43.895 [info] > git config --get commit.template [3ms]
2025-01-26 22:49:43.895 [info] > git for-each-ref --format=%(refname)%00%(upstream:short)%00%(objectname)%00%(upstream:track)%00%(upstream:remotename)%00%(upstream:remoteref) refs/heads/main refs/remotes/main [1ms]
2025-01-26 22:49:43.902 [info] > git for-each-ref --sort -committerdate --format %(refname) %(objectname) %(*objectname) [1ms]
2025-01-26 22:49:43.911 [info] > git status -z -uall [14ms]
2025-01-26 22:49:44.018 [info] > git log --format=%H%n%aN%n%aE%n%at%n%ct%n%P%n%D%n%B -z --shortstat --diff-merges=first-parent -n50 --skip=0 --topo-order --decorate=full --stdin [151ms]
2025-01-26 22:49:44.608 [info] > git check-ignore -v -z --stdin [1ms]
2025-01-26 22:49:45.077 [info] > git ls-files --stage -- /home/gabs/codeconflict.txt [2ms]
2025-01-26 22:49:45.079 [info] > git cat-file -s abbcdc05093897c3cf062835f67511683b251480 [1ms]
2025-01-26 22:49:45.085 [info] > git show --textconv :codeconflict.txt [2ms]
2025-01-26 22:49:48.763 [info] > git check-ignore -v -z --stdin [1ms]
2025-01-26 22:49:55.920 [info] > git check-ignore -v -z --stdin [3ms]
2025-01-26 22:50:00.904 [info] [Git][getRemotes] No remotes found in the git config file
2025-01-26 22:50:00.904 [info] > git config --get commit.template [3ms]
2025-01-26 22:50:00.904 [info] > git for-each-ref --format=%(refname)%00%(upstream:short)%00%(objectname)%00%(upstream:track)%00%(upstream:remotename)%00%(upstream:remoteref) refs/heads/main refs/remotes/main [1ms]
2025-01-26 22:50:00.909 [info] > git for-each-ref --sort -committerdate --format %(refname) %(objectname) %(*objectname) [1ms]
2025-01-26 22:50:00.916 [info] > git status -z -uall [10ms]
2025-01-26 22:50:01.029 [info] > git diff-tree -r --name-status -z --diff-filter=ADMR 5bff0ebe1ba33bdebb13d29828ce2d32f8bf22f2 727225a96f378249415b4713efe64388b5109b9a [2ms]
2025-01-26 22:50:01.344 [info] > git show --textconv 5bff0ebe1ba33bdebb13d29828ce2d32f8bf22f2:.bash_history [255ms]
2025-01-26 22:50:01.344 [info] > git show --textconv 727225a96f378249415b4713efe64388b5109b9a:.bash_history [253ms]
2025-01-26 22:50:01.344 [info] > git show --textconv 5bff0ebe1ba33bdebb13d29828ce2d32f8bf22f2:.vscode-server/data/CachedProfilesData/__default__profile__/extensions.user.cache [248ms]
2025-01-26 22:50:01.344 [info] > git show --textconv 727225a96f378249415b4713efe64388b5109b9a:.vscode-server/data/CachedProfilesData/__default__profile__/extensions.user.cache [245ms]
2025-01-26 22:50:01.344 [info] > git show --textconv 5bff0ebe1ba33bdebb13d29828ce2d32f8bf22f2:.vscode-server/data/User/workspaceStorage/0c742492031483634d5235416ae18321/vscode.lock [243ms]
2025-01-26 22:50:01.344 [info] > git show --textconv 727225a96f378249415b4713efe64388b5109b9a:.vscode-server/data/User/workspaceStorage/0c742492031483634d5235416ae18321/vscode.lock [242ms]
2025-01-26 22:50:01.344 [info] > git show --textconv 5bff0ebe1ba33bdebb13d29828ce2d32f8bf22f2:.vscode-server/data/logs/20250126T223706/exthost1/remoteexthost.log [240ms]
2025-01-26 22:50:01.344 [info] > git show --textconv 727225a96f378249415b4713efe64388b5109b9a:.vscode-server/data/logs/20250126T223706/exthost1/remoteexthost.log [239ms]
2025-01-26 22:50:01.344 [info] > git show --textconv 5bff0ebe1ba33bdebb13d29828ce2d32f8bf22f2:.vscode-server/data/logs/20250126T223706/exthost1/vscode.git/Git.log [237ms]
2025-01-26 22:50:01.344 [info] > git show --textconv 727225a96f378249415b4713efe64388b5109b9a:.vscode-server/data/logs/20250126T223706/exthost1/vscode.git/Git.log [235ms]
2025-01-26 22:50:01.344 [info] > git show --textconv 5bff0ebe1ba33bdebb13d29828ce2d32f8bf22f2:.vscode-server/data/logs/20250126T223706/exthost1/vscode.github/GitHub.log [234ms]
2025-01-26 22:50:01.344 [info] > git show --textconv 727225a96f378249415b4713efe64388b5109b9a:.vscode-server/data/logs/20250126T223706/exthost1/vscode.github/GitHub.log [232ms]
2025-01-26 22:50:01.344 [info] > git show --textconv 5bff0ebe1ba33bdebb13d29828ce2d32f8bf22f2:.vscode-server/data/logs/20250126T223706/ptyhost.log [231ms]
2025-01-26 22:50:01.344 [info] > git show --textconv 727225a96f378249415b4713efe64388b5109b9a:.vscode-server/data/logs/20250126T223706/ptyhost.log [157ms]
2025-01-26 22:50:01.344 [info] > git show --textconv 5bff0ebe1ba33bdebb13d29828ce2d32f8bf22f2:.vscode-server/data/logs/20250126T223706/remoteagent.log [155ms]
2025-01-26 22:50:01.344 [info] > git show --textconv 727225a96f378249415b4713efe64388b5109b9a:.vscode-server/data/logs/20250126T223706/remoteagent.log [153ms]
2025-01-26 22:50:01.344 [info] > git show --textconv 5bff0ebe1ba33bdebb13d29828ce2d32f8bf22f2:.vscode-server/data/logs/20250126T224713/exthost1/remoteexthost.log [151ms]
2025-01-26 22:50:01.344 [info] > git show --textconv 727225a96f378249415b4713efe64388b5109b9a:.vscode-server/data/logs/20250126T224713/exthost1/remoteexthost.log [149ms]
2025-01-26 22:50:01.344 [info] > git show --textconv 5bff0ebe1ba33bdebb13d29828ce2d32f8bf22f2:.vscode-server/data/logs/20250126T224713/exthost1/vscode.git/Git.log [148ms]
2025-01-26 22:50:01.344 [info] > git show --textconv 727225a96f378249415b4713efe64388b5109b9a:.vscode-server/data/logs/20250126T224713/exthost1/vscode.git/Git.log [146ms]
2025-01-26 22:50:01.344 [info] > git show --textconv 5bff0ebe1ba33bdebb13d29828ce2d32f8bf22f2:.vscode-server/data/logs/20250126T224713/exthost1/vscode.github/GitHub.log [145ms]
2025-01-26 22:50:01.344 [info] > git show --textconv 727225a96f378249415b4713efe64388b5109b9a:.vscode-server/data/logs/20250126T224713/exthost1/vscode.github/GitHub.log [143ms]
2025-01-26 22:50:01.344 [info] > git show --textconv 5bff0ebe1ba33bdebb13d29828ce2d32f8bf22f2:.vscode-server/data/logs/20250126T224713/remoteagent.log [142ms]
2025-01-26 22:50:01.344 [info] > git show --textconv 727225a96f378249415b4713efe64388b5109b9a:.vscode-server/data/logs/20250126T224713/remoteagent.log [140ms]
2025-01-26 22:50:01.344 [info] > git show --textconv 5bff0ebe1ba33bdebb13d29828ce2d32f8bf22f2:codeconflict.txt [139ms]
2025-01-26 22:50:01.344 [info] > git show --textconv 727225a96f378249415b4713efe64388b5109b9a:codeconflict.txt [137ms]
2025-01-26 22:50:01.344 [info] > git ls-tree -l 5bff0ebe1ba33bdebb13d29828ce2d32f8bf22f2 -- /home/gabs/codeconflict.txt [6ms]
2025-01-26 22:50:01.345 [info] > git ls-tree -l 727225a96f378249415b4713efe64388b5109b9a -- /home/gabs/.vscode-server/data/logs/20250126T224713/remoteagent.log [9ms]
2025-01-26 22:50:01.345 [info] > git ls-tree -l 5bff0ebe1ba33bdebb13d29828ce2d32f8bf22f2 -- /home/gabs/.vscode-server/data/logs/20250126T224713/remoteagent.log [10ms]
2025-01-26 22:50:01.345 [info] > git ls-tree -l 727225a96f378249415b4713efe64388b5109b9a -- /home/gabs/.vscode-server/data/logs/20250126T224713/exthost1/vscode.github/GitHub.log [12ms]
2025-01-26 22:50:01.346 [info] > git ls-tree -l 5bff0ebe1ba33bdebb13d29828ce2d32f8bf22f2 -- /home/gabs/.vscode-server/data/logs/20250126T224713/exthost1/vscode.github/GitHub.log [14ms]
2025-01-26 22:50:01.346 [info] > git ls-tree -l 727225a96f378249415b4713efe64388b5109b9a -- /home/gabs/.vscode-server/data/logs/20250126T224713/exthost1/vscode.git/Git.log [16ms]
2025-01-26 22:50:01.346 [info] > git ls-tree -l 5bff0ebe1ba33bdebb13d29828ce2d32f8bf22f2 -- /home/gabs/.vscode-server/data/logs/20250126T224713/exthost1/vscode.git/Git.log [18ms]
2025-01-26 22:50:01.346 [info] > git ls-tree -l 727225a96f378249415b4713efe64388b5109b9a -- /home/gabs/.vscode-server/data/logs/20250126T224713/exthost1/remoteexthost.log [19ms]
2025-01-26 22:50:01.346 [info] > git ls-tree -l 5bff0ebe1ba33bdebb13d29828ce2d32f8bf22f2 -- /home/gabs/.vscode-server/data/logs/20250126T224713/exthost1/remoteexthost.log [109ms]
2025-01-26 22:50:01.346 [info] > git ls-tree -l 727225a96f378249415b4713efe64388b5109b9a -- /home/gabs/.vscode-server/data/logs/20250126T223706/remoteagent.log [110ms]
2025-01-26 22:50:01.346 [info] > git ls-tree -l 5bff0ebe1ba33bdebb13d29828ce2d32f8bf22f2 -- /home/gabs/.vscode-server/data/logs/20250126T223706/remoteagent.log [112ms]
2025-01-26 22:50:01.347 [info] > git ls-tree -l 727225a96f378249415b4713efe64388b5109b9a -- /home/gabs/.vscode-server/data/logs/20250126T223706/ptyhost.log [115ms]
2025-01-26 22:50:01.347 [info] > git ls-tree -l 5bff0ebe1ba33bdebb13d29828ce2d32f8bf22f2 -- /home/gabs/.vscode-server/data/logs/20250126T223706/ptyhost.log [116ms]
2025-01-26 22:50:01.347 [info] > git ls-tree -l 727225a96f378249415b4713efe64388b5109b9a -- /home/gabs/.vscode-server/data/logs/20250126T223706/exthost1/vscode.github/GitHub.log [117ms]
2025-01-26 22:50:01.347 [info] > git ls-tree -l 5bff0ebe1ba33bdebb13d29828ce2d32f8bf22f2 -- /home/gabs/.vscode-server/data/logs/20250126T223706/exthost1/vscode.github/GitHub.log [119ms]
2025-01-26 22:50:01.347 [info] > git ls-tree -l 727225a96f378249415b4713efe64388b5109b9a -- /home/gabs/.vscode-server/data/logs/20250126T223706/exthost1/vscode.git/Git.log [120ms]
2025-01-26 22:50:01.347 [info] > git ls-tree -l 5bff0ebe1ba33bdebb13d29828ce2d32f8bf22f2 -- /home/gabs/.vscode-server/data/logs/20250126T223706/exthost1/vscode.git/Git.log [123ms]
2025-01-26 22:50:01.348 [info] > git ls-tree -l 727225a96f378249415b4713efe64388b5109b9a -- /home/gabs/.vscode-server/data/logs/20250126T223706/exthost1/remoteexthost.log [125ms]
2025-01-26 22:50:01.348 [info] > git ls-tree -l 5bff0ebe1ba33bdebb13d29828ce2d32f8bf22f2 -- /home/gabs/.vscode-server/data/logs/20250126T223706/exthost1/remoteexthost.log [127ms]
2025-01-26 22:50:01.348 [info] > git ls-tree -l 727225a96f378249415b4713efe64388b5109b9a -- /home/gabs/.vscode-server/data/User/workspaceStorage/0c742492031483634d5235416ae18321/vscode.lock [129ms]
2025-01-26 22:50:01.348 [info] > git ls-tree -l 5bff0ebe1ba33bdebb13d29828ce2d32f8bf22f2 -- /home/gabs/.vscode-server/data/User/workspaceStorage/0c742492031483634d5235416ae18321/vscode.lock [130ms]
2025-01-26 22:50:01.348 [info] > git ls-tree -l 727225a96f378249415b4713efe64388b5109b9a -- /home/gabs/.vscode-server/data/CachedProfilesData/__default__profile__/extensions.user.cache [131ms]
2025-01-26 22:50:01.348 [info] > git ls-tree -l 5bff0ebe1ba33bdebb13d29828ce2d32f8bf22f2 -- /home/gabs/.vscode-server/data/CachedProfilesData/__default__profile__/extensions.user.cache [133ms]
2025-01-26 22:50:01.348 [info] > git ls-tree -l 727225a96f378249415b4713efe64388b5109b9a -- /home/gabs/.vscode-server/data/CachedProfilesData/__default__profile__/extensions.builtin.cache [135ms]
2025-01-26 22:50:01.349 [info] > git ls-tree -l 5bff0ebe1ba33bdebb13d29828ce2d32f8bf22f2 -- /home/gabs/.vscode-server/data/CachedProfilesData/__default__profile__/extensions.builtin.cache [138ms]
2025-01-26 22:50:01.349 [info] > git ls-tree -l 727225a96f378249415b4713efe64388b5109b9a -- /home/gabs/.bash_history [139ms]
2025-01-26 22:50:01.349 [info] > git ls-tree -l 5bff0ebe1ba33bdebb13d29828ce2d32f8bf22f2 -- /home/gabs/.bash_history [141ms]
2025-01-26 22:50:01.353 [info] > git ls-tree -l 727225a96f378249415b4713efe64388b5109b9a -- /home/gabs/codeconflict.txt [14ms]
2025-01-26 22:50:01.354 [info] > git show --textconv 5bff0ebe1ba33bdebb13d29828ce2d32f8bf22f2:.vscode-server/data/CachedProfilesData/__default__profile__/extensions.builtin.cache [261ms]
2025-01-26 22:50:01.354 [info] > git show --textconv 727225a96f378249415b4713efe64388b5109b9a:.vscode-server/data/CachedProfilesData/__default__profile__/extensions.builtin.cache [259ms]
2025-01-26 22:50:01.590 [info] > git check-ignore -v -z --stdin [1ms]
2025-01-26 22:50:05.923 [info] [Git][getRemotes] No remotes found in the git config file
2025-01-26 22:50:05.924 [info] > git config --get commit.template [2ms]
2025-01-26 22:50:05.924 [info] > git for-each-ref --format=%(refname)%00%(upstream:short)%00%(objectname)%00%(upstream:track)%00%(upstream:remotename)%00%(upstream:remoteref) refs/heads/main refs/remotes/main [1ms]
2025-01-26 22:50:05.928 [info] > git for-each-ref --sort -committerdate --format %(refname) %(objectname) %(*objectname) [1ms]
2025-01-26 22:50:05.935 [info] > git status -z -uall [10ms]
2025-01-26 22:50:10.941 [info] [Git][getRemotes] No remotes found in the git config file
2025-01-26 22:50:10.941 [info] > git config --get commit.template [2ms]
2025-01-26 22:50:10.942 [info] > git for-each-ref --format=%(refname)%00%(upstream:short)%00%(objectname)%00%(upstream:track)%00%(upstream:remotename)%00%(upstream:remoteref) refs/heads/main refs/remotes/main [1ms]
2025-01-26 22:50:10.946 [info] > git for-each-ref --sort -committerdate --format %(refname) %(objectname) %(*objectname) [1ms]
2025-01-26 22:50:10.952 [info] > git status -z -uall [9ms]
2025-01-26 22:50:15.959 [info] [Git][getRemotes] No remotes found in the git config file
2025-01-26 22:50:15.959 [info] > git config --get commit.template [2ms]
2025-01-26 22:50:15.960 [info] > git for-each-ref --format=%(refname)%00%(upstream:short)%00%(objectname)%00%(upstream:track)%00%(upstream:remotename)%00%(upstream:remoteref) refs/heads/main refs/remotes/main [1ms]
2025-01-26 22:50:15.964 [info] > git for-each-ref --sort -committerdate --format %(refname) %(objectname) %(*objectname) [1ms]
2025-01-26 22:50:15.971 [info] > git status -z -uall [9ms]
2025-01-26 22:50:20.435 [info] > git show --textconv HEAD:.dotnet/corefx/cryptography/crls/bd6662f5.8ba5d856.crl [3ms]
2025-01-26 22:50:20.435 [info] > git ls-tree -l HEAD -- /home/gabs/.dotnet/corefx/cryptography/crls/bd6662f5.8ba5d856.crl [1ms]
2025-01-26 22:50:20.943 [info] > git check-ignore -v -z --stdin [2ms]
2025-01-26 22:50:20.978 [info] [Git][getRemotes] No remotes found in the git config file
2025-01-26 22:50:20.978 [info] > git config --get commit.template [3ms]
2025-01-26 22:50:20.978 [info] > git for-each-ref --format=%(refname)%00%(upstream:short)%00%(objectname)%00%(upstream:track)%00%(upstream:remotename)%00%(upstream:remoteref) refs/heads/main refs/remotes/main [1ms]
2025-01-26 22:50:20.983 [info] > git for-each-ref --sort -committerdate --format %(refname) %(objectname) %(*objectname) [1ms]
2025-01-26 22:50:20.990 [info] > git status -z -uall [9ms]
2025-01-26 22:50:22.738 [info] > git show --textconv HEAD:.dotnet/corefx/cryptography/crls/d16da424.cbeb964c.crl [3ms]
2025-01-26 22:50:22.738 [info] > git ls-tree -l HEAD -- /home/gabs/.dotnet/corefx/cryptography/crls/d16da424.cbeb964c.crl [1ms]
2025-01-26 22:50:23.381 [info] > git show --textconv HEAD:.vscode-server/data/CachedExtensionVSIXs/github.vscode-pull-request-github-0.102.0 [5ms]
2025-01-26 22:50:23.382 [info] > git ls-tree -l HEAD -- /home/gabs/.vscode-server/data/CachedExtensionVSIXs/github.vscode-pull-request-github-0.102.0 [3ms]
2025-01-26 22:50:23.429 [info] > git ls-tree -l HEAD -- /home/gabs/.vscode-server/data/CachedExtensionVSIXs/github.vscode-pull-request-github-0.102.0 [1ms]
2025-01-26 22:50:24.721 [info] > git show --textconv HEAD:.dotnet/corefx/cryptography/crls/7abcc12f.dea36fd7.crl [3ms]
2025-01-26 22:50:24.721 [info] > git ls-tree -l HEAD -- /home/gabs/.dotnet/corefx/cryptography/crls/7abcc12f.dea36fd7.crl [1ms]
2025-01-26 22:50:29.580 [info] [Git][getRemotes] No remotes found in the git config file
2025-01-26 22:50:29.581 [info] > git config --get commit.template [2ms]
2025-01-26 22:50:29.581 [info] > git for-each-ref --format=%(refname)%00%(upstream:short)%00%(objectname)%00%(upstream:track)%00%(upstream:remotename)%00%(upstream:remoteref) refs/heads/main refs/remotes/main [1ms]
2025-01-26 22:50:29.585 [info] > git for-each-ref --sort -committerdate --format %(refname) %(objectname) %(*objectname) [1ms]
2025-01-26 22:50:29.592 [info] > git status -z -uall [9ms]
2025-01-26 22:50:32.500 [info] > git check-ignore -v -z --stdin [1ms]
2025-01-26 22:50:34.598 [info] [Git][getRemotes] No remotes found in the git config file
2025-01-26 22:50:34.598 [info] > git config --get commit.template [2ms]
2025-01-26 22:50:34.598 [info] > git for-each-ref --format=%(refname)%00%(upstream:short)%00%(objectname)%00%(upstream:track)%00%(upstream:remotename)%00%(upstream:remoteref) refs/heads/main refs/remotes/main [0ms]
2025-01-26 22:50:34.603 [info] > git for-each-ref --sort -committerdate --format %(refname) %(objectname) %(*objectname) [1ms]
2025-01-26 22:50:34.610 [info] > git status -z -uall [10ms]
2025-01-26 22:50:35.088 [info] > git diff-tree -r --name-status -z --diff-filter=ADMR 20ee5a8cf634ae0efdb104830fad1e99768f4d3a 5bff0ebe1ba33bdebb13d29828ce2d32f8bf22f2 [1ms]
2025-01-26 22:50:35.110 [info] > git show --textconv 20ee5a8cf634ae0efdb104830fad1e99768f4d3a:conflict.txt [5ms]
2025-01-26 22:50:35.110 [info] > git show --textconv 5bff0ebe1ba33bdebb13d29828ce2d32f8bf22f2:conflict.txt [4ms]
2025-01-26 22:50:35.110 [info] > git ls-tree -l 5bff0ebe1ba33bdebb13d29828ce2d32f8bf22f2 -- /home/gabs/conflict.txt [1ms]
2025-01-26 22:50:35.110 [info] > git ls-tree -l 20ee5a8cf634ae0efdb104830fad1e99768f4d3a -- /home/gabs/conflict.txt [2ms]
2025-01-26 22:50:36.381 [info] > git check-ignore -v -z --stdin [1ms]
2025-01-26 22:50:37.839 [info] > git blame --root --incremental 5bff0ebe1ba33bdebb13d29828ce2d32f8bf22f2 -- /home/gabs/conflict.txt [2ms]
2025-01-26 22:50:39.615 [info] [Git][getRemotes] No remotes found in the git config file
2025-01-26 22:50:39.616 [info] > git config --get commit.template [2ms]
2025-01-26 22:50:39.616 [info] > git for-each-ref --format=%(refname)%00%(upstream:short)%00%(objectname)%00%(upstream:track)%00%(upstream:remotename)%00%(upstream:remoteref) refs/heads/main refs/remotes/main [1ms]
2025-01-26 22:50:39.620 [info] > git for-each-ref --sort -committerdate --format %(refname) %(objectname) %(*objectname) [1ms]
2025-01-26 22:50:39.626 [info] > git status -z -uall [9ms]
2025-01-26 22:50:43.906 [info] > git show --textconv :web [2ms]
2025-01-26 22:50:43.907 [info] > git ls-files --stage -- /home/gabs/web [1ms]
2025-01-26 22:50:43.909 [info] > git cat-file -s e69de29bb2d1d6434b8b29ae775ad8c2e48c5391 [0ms]
2025-01-26 22:50:45.775 [info] > git ls-tree -l 5bff0ebe1ba33bdebb13d29828ce2d32f8bf22f2 -- /home/gabs/conflict.txt [4ms]
2025-01-26 22:50:45.775 [info] > git ls-tree -l 20ee5a8cf634ae0efdb104830fad1e99768f4d3a -- /home/gabs/conflict.txt [5ms]
2025-01-26 22:50:45.775 [info] > git ls-tree -l 727225a96f378249415b4713efe64388b5109b9a -- /home/gabs/.bash_history [8ms]
2025-01-26 22:50:45.775 [info] > git ls-tree -l 5bff0ebe1ba33bdebb13d29828ce2d32f8bf22f2 -- /home/gabs/.bash_history [9ms]
2025-01-26 22:50:45.776 [info] > git config --get commit.template [2ms]
2025-01-26 22:50:45.779 [info] [Git][getRemotes] No remotes found in the git config file
2025-01-26 22:50:45.780 [info] > git for-each-ref --format=%(refname)%00%(upstream:short)%00%(objectname)%00%(upstream:track)%00%(upstream:remotename)%00%(upstream:remoteref) refs/heads/main refs/remotes/main [1ms]
2025-01-26 22:50:45.784 [info] > git for-each-ref --sort -committerdate --format %(refname) %(objectname) %(*objectname) [1ms]
2025-01-26 22:50:45.791 [info] > git status -z -uall [10ms]
2025-01-26 22:50:49.116 [info] > git show --textconv :codeconflict.txt [2ms]
2025-01-26 22:50:49.116 [info] > git ls-files --stage -- /home/gabs/codeconflict.txt [1ms]
2025-01-26 22:50:49.118 [info] > git cat-file -s abbcdc05093897c3cf062835f67511683b251480 [0ms]
2025-01-26 22:50:50.796 [info] [Git][getRemotes] No remotes found in the git config file
2025-01-26 22:50:50.796 [info] > git config --get commit.template [2ms]
2025-01-26 22:50:50.797 [info] > git for-each-ref --format=%(refname)%00%(upstream:short)%00%(objectname)%00%(upstream:track)%00%(upstream:remotename)%00%(upstream:remoteref) refs/heads/main refs/remotes/main [1ms]
2025-01-26 22:50:50.801 [info] > git for-each-ref --sort -committerdate --format %(refname) %(objectname) %(*objectname) [1ms]
2025-01-26 22:50:50.808 [info] > git status -z -uall [10ms]
2025-01-26 22:50:55.815 [info] [Git][getRemotes] No remotes found in the git config file
2025-01-26 22:50:55.815 [info] > git config --get commit.template [2ms]
2025-01-26 22:50:55.816 [info] > git for-each-ref --format=%(refname)%00%(upstream:short)%00%(objectname)%00%(upstream:track)%00%(upstream:remotename)%00%(upstream:remoteref) refs/heads/main refs/remotes/main [1ms]
2025-01-26 22:50:55.820 [info] > git for-each-ref --sort -committerdate --format %(refname) %(objectname) %(*objectname) [1ms]
2025-01-26 22:50:55.827 [info] > git status -z -uall [10ms]
2025-01-26 22:51:00.833 [info] [Git][getRemotes] No remotes found in the git config file
2025-01-26 22:51:00.833 [info] > git config --get commit.template [2ms]
2025-01-26 22:51:00.834 [info] > git for-each-ref --format=%(refname)%00%(upstream:short)%00%(objectname)%00%(upstream:track)%00%(upstream:remotename)%00%(upstream:remoteref) refs/heads/main refs/remotes/main [1ms]
2025-01-26 22:51:00.838 [info] > git for-each-ref --sort -committerdate --format %(refname) %(objectname) %(*objectname) [1ms]
2025-01-26 22:51:00.845 [info] > git status -z -uall [9ms]
2025-01-26 22:51:09.435 [info] [Git][getRemotes] No remotes found in the git config file
2025-01-26 22:51:09.435 [info] > git config --get commit.template [3ms]
2025-01-26 22:51:09.435 [info] > git for-each-ref --format=%(refname)%00%(upstream:short)%00%(objectname)%00%(upstream:track)%00%(upstream:remotename)%00%(upstream:remoteref) refs/heads/main refs/remotes/main [1ms]
2025-01-26 22:51:09.439 [info] > git for-each-ref --sort -committerdate --format %(refname) %(objectname) %(*objectname) [1ms]
2025-01-26 22:51:09.446 [info] > git status -z -uall [9ms]
2025-01-26 22:51:14.452 [info] [Git][getRemotes] No remotes found in the git config file
2025-01-26 22:51:14.453 [info] > git config --get commit.template [2ms]
2025-01-26 22:51:14.453 [info] > git for-each-ref --format=%(refname)%00%(upstream:short)%00%(objectname)%00%(upstream:track)%00%(upstream:remotename)%00%(upstream:remoteref) refs/heads/main refs/remotes/main [1ms]
2025-01-26 22:51:14.457 [info] > git for-each-ref --sort -committerdate --format %(refname) %(objectname) %(*objectname) [1ms]
2025-01-26 22:51:14.464 [info] > git status -z -uall [10ms]
2025-01-26 22:51:17.598 [info] > git diff-tree -r --name-status -z --diff-filter=ADMR 20ee5a8cf634ae0efdb104830fad1e99768f4d3a 5bff0ebe1ba33bdebb13d29828ce2d32f8bf22f2 [2ms]
2025-01-26 22:51:18.075 [info] > git diff-tree -r --name-status -z --diff-filter=ADMR 5bff0ebe1ba33bdebb13d29828ce2d32f8bf22f2 727225a96f378249415b4713efe64388b5109b9a [2ms]
2025-01-26 22:51:19.472 [info] [Git][getRemotes] No remotes found in the git config file
2025-01-26 22:51:19.473 [info] > git config --get commit.template [2ms]
2025-01-26 22:51:19.473 [info] > git for-each-ref --format=%(refname)%00%(upstream:short)%00%(objectname)%00%(upstream:track)%00%(upstream:remotename)%00%(upstream:remoteref) refs/heads/main refs/remotes/main [1ms]
2025-01-26 22:51:19.479 [info] > git for-each-ref --sort -committerdate --format %(refname) %(objectname) %(*objectname) [1ms]
2025-01-26 22:51:19.489 [info] > git status -z -uall [14ms]
2025-01-26 22:51:21.017 [info] > git blame --root --incremental 727225a96f378249415b4713efe64388b5109b9a -- /home/gabs/.bash_history [1ms]
2025-01-26 22:51:24.643 [info] [Git][getRemotes] No remotes found in the git config file
2025-01-26 22:51:24.643 [info] > git config --get commit.template [2ms]
2025-01-26 22:51:24.643 [info] > git for-each-ref --format=%(refname)%00%(upstream:short)%00%(objectname)%00%(upstream:track)%00%(upstream:remotename)%00%(upstream:remoteref) refs/heads/main refs/remotes/main [0ms]
2025-01-26 22:51:24.648 [info] > git for-each-ref --sort -committerdate --format %(refname) %(objectname) %(*objectname) [1ms]
2025-01-26 22:51:24.655 [info] > git status -z -uall [10ms]
2025-01-26 22:51:57.207 [info] > git ls-tree -l 727225a96f378249415b4713efe64388b5109b9a -- /home/gabs/.vscode-server/data/CachedProfilesData/__default__profile__/extensions.builtin.cache [3ms]
2025-01-26 22:51:57.207 [info] > git ls-tree -l 5bff0ebe1ba33bdebb13d29828ce2d32f8bf22f2 -- /home/gabs/.vscode-server/data/CachedProfilesData/__default__profile__/extensions.builtin.cache [6ms]
2025-01-26 22:51:57.207 [info] > git ls-tree -l 727225a96f378249415b4713efe64388b5109b9a -- /home/gabs/.bash_history [8ms]
2025-01-26 22:51:57.207 [info] > git ls-tree -l 5bff0ebe1ba33bdebb13d29828ce2d32f8bf22f2 -- /home/gabs/.bash_history [10ms]
2025-01-26 22:51:57.208 [info] > git config --get commit.template [2ms]
2025-01-26 22:51:57.210 [info] [Git][getRemotes] No remotes found in the git config file
2025-01-26 22:51:57.211 [info] > git for-each-ref --format=%(refname)%00%(upstream:short)%00%(objectname)%00%(upstream:track)%00%(upstream:remotename)%00%(upstream:remoteref) refs/heads/main refs/remotes/main [1ms]
2025-01-26 22:51:57.217 [info] > git for-each-ref --sort -committerdate --format %(refname) %(objectname) %(*objectname) [1ms]
