0 verbose cli /usr/local/bin/node /usr/local/bin/npm
1 info using npm@10.9.2
2 info using node@v23.6.1
3 silly config load:file:/usr/local/lib/node_modules/npm/npmrc
4 silly config load:file:/home/gabs/.npmrc
5 silly config load:file:/usr/local/etc/npmrc
6 verbose title npm install badge-maker
7 verbose argv "install" "badge-maker"
8 verbose logfile logs-max:10 dir:/home/gabs/.npm/_logs/2025-01-30T02_54_09_807Z-
9 verbose logfile /home/gabs/.npm/_logs/2025-01-30T02_54_09_807Z-debug-0.log
10 silly logfile done cleaning log files
11 silly packumentCache heap:2197815296 maxSize:549453824 maxEntrySize:274726912
12 silly idealTree buildDeps
13 silly fetch manifest badge-maker@*
14 silly packumentCache full:https://registry.npmjs.org/badge-maker cache-miss
15 http fetch GET 200 https://registry.npmjs.org/badge-maker 358ms (cache miss)
16 silly packumentCache full:https://registry.npmjs.org/badge-maker set size:undefined disposed:false
17 silly placeDep ROOT badge-maker@4.1.0 OK for:  want: *
18 silly fetch manifest anafanafo@2.0.0
19 silly packumentCache full:https://registry.npmjs.org/anafanafo cache-miss
20 silly fetch manifest css-color-converter@^2.0.0
21 silly packumentCache full:https://registry.npmjs.org/css-color-converter cache-miss
22 http fetch GET 200 https://registry.npmjs.org/anafanafo 379ms (cache miss)
23 silly packumentCache full:https://registry.npmjs.org/anafanafo set size:undefined disposed:false
24 http fetch GET 200 https://registry.npmjs.org/css-color-converter 549ms (cache miss)
25 silly packumentCache full:https://registry.npmjs.org/css-color-converter set size:undefined disposed:false
26 silly placeDep ROOT anafanafo@2.0.0 OK for: badge-maker@4.1.0 want: 2.0.0
27 silly placeDep ROOT css-color-converter@2.0.0 OK for: badge-maker@4.1.0 want: ^2.0.0
28 silly fetch manifest char-width-table-consumer@^1.0.0
29 silly packumentCache full:https://registry.npmjs.org/char-width-table-consumer cache-miss
30 silly fetch manifest color-convert@^0.5.2
31 silly packumentCache full:https://registry.npmjs.org/color-convert cache-miss
32 silly fetch manifest color-name@^1.1.4
33 silly packumentCache full:https://registry.npmjs.org/color-name cache-miss
34 silly fetch manifest css-unit-converter@^1.1.2
35 silly packumentCache full:https://registry.npmjs.org/css-unit-converter cache-miss
36 http fetch GET 200 https://registry.npmjs.org/color-convert 141ms (cache miss)
37 silly packumentCache full:https://registry.npmjs.org/color-convert set size:undefined disposed:false
38 http fetch GET 200 https://registry.npmjs.org/color-name 271ms (cache miss)
39 silly packumentCache full:https://registry.npmjs.org/color-name set size:undefined disposed:false
40 http fetch GET 200 https://registry.npmjs.org/css-unit-converter 330ms (cache miss)
41 silly packumentCache full:https://registry.npmjs.org/css-unit-converter set size:undefined disposed:false
42 http fetch GET 200 https://registry.npmjs.org/char-width-table-consumer 373ms (cache miss)
43 silly packumentCache full:https://registry.npmjs.org/char-width-table-consumer set size:undefined disposed:false
44 silly placeDep ROOT char-width-table-consumer@1.0.0 OK for: anafanafo@2.0.0 want: ^1.0.0
45 silly fetch manifest binary-search@^1.3.5
46 silly packumentCache full:https://registry.npmjs.org/binary-search cache-miss
47 http fetch GET 200 https://registry.npmjs.org/binary-search 119ms (cache miss)
48 silly packumentCache full:https://registry.npmjs.org/binary-search set size:undefined disposed:false
49 silly placeDep ROOT binary-search@1.3.6 OK for: char-width-table-consumer@1.0.0 want: ^1.3.5
50 silly placeDep ROOT color-convert@0.5.3 OK for: css-color-converter@2.0.0 want: ^0.5.2
51 silly placeDep ROOT color-name@1.1.4 OK for: css-color-converter@2.0.0 want: ^1.1.4
52 silly placeDep ROOT css-unit-converter@1.1.2 OK for: css-color-converter@2.0.0 want: ^1.1.2
53 silly reify moves {}
54 http cache css-unit-converter@https://registry.npmjs.org/css-unit-converter/-/css-unit-converter-1.1.2.tgz 0ms (cache hit)
55 http cache color-name@https://registry.npmjs.org/color-name/-/color-name-1.1.4.tgz 0ms (cache hit)
56 http cache color-convert@https://registry.npmjs.org/color-convert/-/color-convert-0.5.3.tgz 0ms (cache hit)
57 http cache binary-search@https://registry.npmjs.org/binary-search/-/binary-search-1.3.6.tgz 0ms (cache hit)
58 http cache char-width-table-consumer@https://registry.npmjs.org/char-width-table-consumer/-/char-width-table-consumer-1.0.0.tgz 0ms (cache hit)
59 http cache css-color-converter@https://registry.npmjs.org/css-color-converter/-/css-color-converter-2.0.0.tgz 0ms (cache hit)
60 http cache anafanafo@https://registry.npmjs.org/anafanafo/-/anafanafo-2.0.0.tgz 0ms (cache hit)
61 http cache badge-maker@https://registry.npmjs.org/badge-maker/-/badge-maker-4.1.0.tgz 0ms (cache hit)
62 silly tarball no local data for css-unit-converter@https://registry.npmjs.org/css-unit-converter/-/css-unit-converter-1.1.2.tgz. Extracting by manifest.
63 silly tarball no local data for color-name@https://registry.npmjs.org/color-name/-/color-name-1.1.4.tgz. Extracting by manifest.
64 silly tarball no local data for color-convert@https://registry.npmjs.org/color-convert/-/color-convert-0.5.3.tgz. Extracting by manifest.
65 silly tarball no local data for binary-search@https://registry.npmjs.org/binary-search/-/binary-search-1.3.6.tgz. Extracting by manifest.
66 silly tarball no local data for char-width-table-consumer@https://registry.npmjs.org/char-width-table-consumer/-/char-width-table-consumer-1.0.0.tgz. Extracting by manifest.
67 silly tarball no local data for css-color-converter@https://registry.npmjs.org/css-color-converter/-/css-color-converter-2.0.0.tgz. Extracting by manifest.
68 silly tarball no local data for anafanafo@https://registry.npmjs.org/anafanafo/-/anafanafo-2.0.0.tgz. Extracting by manifest.
69 silly tarball no local data for badge-maker@https://registry.npmjs.org/badge-maker/-/badge-maker-4.1.0.tgz. Extracting by manifest.
70 http fetch GET 200 https://registry.npmjs.org/color-convert/-/color-convert-0.5.3.tgz 104ms (cache miss)
71 http fetch GET 200 https://registry.npmjs.org/color-name/-/color-name-1.1.4.tgz 105ms (cache miss)
72 http fetch GET 200 https://registry.npmjs.org/css-unit-converter/-/css-unit-converter-1.1.2.tgz 109ms (cache miss)
73 http fetch GET 200 https://registry.npmjs.org/binary-search/-/binary-search-1.3.6.tgz 141ms (cache miss)
74 http fetch GET 200 https://registry.npmjs.org/char-width-table-consumer/-/char-width-table-consumer-1.0.0.tgz 291ms (cache miss)
75 http fetch GET 200 https://registry.npmjs.org/css-color-converter/-/css-color-converter-2.0.0.tgz 297ms (cache miss)
76 http fetch GET 200 https://registry.npmjs.org/badge-maker/-/badge-maker-4.1.0.tgz 299ms (cache miss)
77 http fetch GET 200 https://registry.npmjs.org/anafanafo/-/anafanafo-2.0.0.tgz 408ms (cache miss)
78 silly ADD node_modules/css-unit-converter
79 silly ADD node_modules/color-name
80 silly ADD node_modules/color-convert
81 silly ADD node_modules/binary-search
82 silly ADD node_modules/char-width-table-consumer
83 silly ADD node_modules/css-color-converter
84 silly ADD node_modules/anafanafo
85 silly ADD node_modules/badge-maker
86 verbose cwd /home/gabs
87 verbose os Linux 5.15.167.4-microsoft-standard-WSL2
88 verbose node v23.6.1
89 verbose npm  v10.9.2
90 verbose exit 0
91 info ok
