2025-01-26 22:53:32.344 [warning] /home/gabs/.ssh/config: ENOENT: no such file or directory, open '/home/gabs/.ssh/config'
2025-01-26 22:53:32.344 [info] Activation> Extension version: 0.102.0
2025-01-26 22:53:36.478 [info] Looking for git repository
2025-01-26 22:53:36.478 [info] Found 0 repositories during activation
2025-01-26 22:53:36.478 [info] Git repository found, initializing review manager and pr tree view.
2025-01-26 22:53:36.480 [info] Registering git provider
2025-01-26 22:53:36.480 [info] Review+0> Validate state in progress
2025-01-26 22:53:36.480 [info] Review+0> Validating state...
2025-01-26 22:53:36.480 [info] Review+1> Validate state in progress
2025-01-26 22:53:36.480 [info] Review+1> Validating state...
2025-01-26 22:53:36.481 [warning] No remotes found. The following remotes are missing: origin, upstream
2025-01-26 22:53:36.481 [warning] No remotes found. The following remotes are missing: origin, upstream
2025-01-26 22:53:36.481 [info] No GitHub remotes found for folder /home/gabs/miPrimerProyecto
2025-01-26 22:53:36.481 [info] No GitHub remotes found for folder /home/gabs
2025-01-26 22:53:36.481 [info] Trying to use globalState for assignableUsers.
2025-01-26 22:53:36.481 [info] Trying to use globalState for assignableUsers.
2025-01-26 22:53:36.487 [info] Review+0> No matching pull request metadata found locally for current branch main
2025-01-26 22:53:36.489 [info] Review+1> No matching pull request metadata found locally for current branch main
2025-01-26 22:53:36.494 [info] Review+0> No matching pull request metadata found on GitHub for current branch main
2025-01-26 22:53:36.499 [info] Review+1> No matching pull request metadata found on GitHub for current branch main
2025-01-26 22:53:36.504 [info] GlobalState does not exist for assignableUsers.
2025-01-26 22:53:36.504 [info] GlobalState does not exist for assignableUsers.
2025-01-26 22:53:38.987 [info] Repo state for file:///home/gabs changed.
2025-01-26 22:53:38.987 [info] Repo file:///home/gabs has already been setup.
