2025-01-29 21:46:35.141 [warning] /home/gabs/.ssh/config: ENOENT: no such file or directory, open '/home/gabs/.ssh/config'
2025-01-29 21:46:35.141 [info] Activation> Extension version: 0.102.0
2025-01-29 21:46:35.595 [info] Looking for git repository
2025-01-29 21:46:35.595 [info] Found 0 repositories during activation
2025-01-29 21:46:35.595 [info] Git repository found, initializing review manager and pr tree view.
2025-01-29 21:46:35.600 [info] Registering git provider
2025-01-29 21:46:35.600 [info] Review+0> Validate state in progress
2025-01-29 21:46:35.600 [info] Review+0> Validating state...
2025-01-29 21:46:35.600 [info] Review+1> Validate state in progress
2025-01-29 21:46:35.600 [info] Review+1> Validating state...
2025-01-29 21:46:35.600 [info] Review+2> Validate state in progress
2025-01-29 21:46:35.600 [info] Review+2> Validating state...
2025-01-29 21:46:35.600 [info] Review+3> Validate state in progress
2025-01-29 21:46:35.600 [info] Review+3> Validating state...
2025-01-29 21:46:35.711 [info] Repo state for file:///home/gabs/miPrimerRepo changed.
2025-01-29 21:46:35.711 [info] Repo file:///home/gabs/miPrimerRepo has already been setup.
2025-01-29 21:46:35.713 [info] Repo state for file:///home/gabs/miPrimerProyecto changed.
2025-01-29 21:46:35.713 [info] Repo file:///home/gabs/miPrimerProyecto has already been setup.
2025-01-29 21:46:35.812 [info] Found GitHub remote for folder /home/gabs/miPrimerProyecto
2025-01-29 21:46:35.812 [info] Found GitHub remote for folder /home/gabs/gabrielag-06
2025-01-29 21:46:35.813 [info] Found GitHub remote for folder /home/gabs/miPrimerRepo
2025-01-29 21:46:35.813 [info] Found GitHub remote for folder /home/gabs
2025-01-29 21:46:35.970 [info] Repo state for file:///home/gabs/gabrielag-06 changed.
2025-01-29 21:46:35.970 [info] Repo file:///home/gabs/gabrielag-06 has already been setup.
2025-01-29 21:46:36.415 [info] Trying to use globalState for assignableUsers.
2025-01-29 21:46:36.702 [info] Review+2> No matching pull request metadata found locally for current branch main
2025-01-29 21:46:36.753 [info] Trying to use globalState for assignableUsers.
2025-01-29 21:46:36.869 [info] Trying to use globalState for assignableUsers.
2025-01-29 21:46:36.874 [info] Trying to use globalState for assignableUsers.
2025-01-29 21:46:37.031 [info] Review+1> No matching pull request metadata found locally for current branch main
2025-01-29 21:46:37.070 [info] Review+3> Found matching pull request metadata for current branch developer01. Repo: gabrielag-06/miPrimerRepo PR: 1
2025-01-29 21:46:37.070 [info] Review+3> current branch developer01 is associated with pull request #1
2025-01-29 21:46:37.070 [info] Review+3> Resolving pull request
2025-01-29 21:46:37.070 [info] FolderRepositoryManager+3> Found GitHub repo for pr #1: yes
2025-01-29 21:46:37.107 [info] Review+0> No matching pull request metadata found locally for current branch main
2025-01-29 21:46:37.170 [info] Using globalState assignableUsers for 1.
2025-01-29 21:46:37.257 [info] No globalState for assignableUsers.
2025-01-29 21:46:37.311 [info] Using globalState assignableUsers for 1.
2025-01-29 21:46:37.348 [info] Using globalState assignableUsers for 1.
2025-01-29 21:46:37.397 [info] Review+2> No matching pull request metadata found on GitHub for current branch main
2025-01-29 21:46:37.541 [info] Review+1> No matching pull request metadata found on GitHub for current branch main
2025-01-29 21:46:37.544 [info] Review+0> No matching pull request metadata found on GitHub for current branch main
2025-01-29 21:46:37.762 [info] FolderRepositoryManager+3> Found GitHub pr repo for pr #1: yes
2025-01-29 21:46:37.762 [info] GitHubRepository+3> Fetch branch main - enter
2025-01-29 21:46:38.131 [info] GitHubRepository+3> Fetch branch main - done: true
2025-01-29 21:46:38.131 [info] Review+3> Resolved PR #1, state is 2
2025-01-29 21:46:38.665 [info] Found matching pull request metadata on GitHub for current branch developer01. Repo: gabrielag-06/miPrimerRepo PR: 1
2025-01-29 21:46:38.665 [info] PullRequestGitHelper> associate developer01 with Pull Request #1
2025-01-29 21:46:38.697 [info] Repo state for file:///home/gabs changed.
2025-01-29 21:46:38.697 [info] Repo file:///home/gabs has already been setup.
2025-01-29 21:46:38.697 [info] Review+3> This PR is closed
2025-01-29 21:57:25.338 [info] Review+3> Validate state in progress
2025-01-29 21:57:25.338 [info] Review+3> Validating state...
2025-01-29 21:57:25.505 [info] Found GitHub remote for folder /home/gabs
2025-01-29 21:57:25.505 [info] Using in-memory cached assignable users.
2025-01-29 21:57:25.511 [info] Review+3> Found matching pull request metadata for current branch developer01. Repo: gabrielag-06/miPrimerRepo PR: 1
2025-01-29 21:57:25.511 [info] Review+3> current branch developer01 is associated with pull request #1
2025-01-29 21:57:25.511 [info] Review+3> Resolving pull request
2025-01-29 21:57:25.512 [info] FolderRepositoryManager+3> Found GitHub repo for pr #1: yes
2025-01-29 21:57:26.072 [info] FolderRepositoryManager+3> Found GitHub pr repo for pr #1: yes
2025-01-29 21:57:26.072 [info] GitHubRepository+3> Fetch branch main - enter
2025-01-29 21:57:26.398 [info] GitHubRepository+3> Fetch branch main - done: true
2025-01-29 21:57:26.398 [info] Review+3> Resolved PR #1, state is 2
2025-01-29 21:57:26.885 [info] Found matching pull request metadata on GitHub for current branch developer01. Repo: gabrielag-06/miPrimerRepo PR: 1
2025-01-29 21:57:26.885 [info] PullRequestGitHelper> associate developer01 with Pull Request #1
2025-01-29 21:57:26.911 [info] Review+3> This PR is closed
