2025-02-01 20:38:25.503 [warning] /home/gabs/.ssh/config: ENOENT: no such file or directory, open '/home/gabs/.ssh/config'
2025-02-01 20:38:25.503 [info] Activation> Extension version: 0.102.0
2025-02-01 20:38:26.059 [info] Looking for git repository
2025-02-01 20:38:26.059 [info] Found 0 repositories during activation
2025-02-01 20:38:26.059 [info] Git repository found, initializing review manager and pr tree view.
2025-02-01 20:38:26.063 [info] Registering git provider
2025-02-01 20:38:26.063 [info] Review+0> Validate state in progress
2025-02-01 20:38:26.063 [info] Review+0> Validating state...
2025-02-01 20:38:26.063 [info] Review+1> Validate state in progress
2025-02-01 20:38:26.063 [info] Review+1> Validating state...
2025-02-01 20:38:26.063 [info] Review+2> Validate state in progress
2025-02-01 20:38:26.063 [info] Review+2> Validating state...
2025-02-01 20:38:26.063 [info] Review+3> Validate state in progress
2025-02-01 20:38:26.063 [info] Review+3> Validating state...
2025-02-01 20:38:26.063 [info] Review+4> Validate state in progress
2025-02-01 20:38:26.063 [info] Review+4> Validating state...
2025-02-01 20:38:26.063 [info] Review+5> Validate state in progress
2025-02-01 20:38:26.063 [info] Review+5> Validating state...
2025-02-01 20:38:26.076 [info] Found GitHub remote for folder /home/gabs/gabrielag-06.github.io
2025-02-01 20:38:26.077 [info] Found GitHub remote for folder /home/gabs/miPrimerProyecto
2025-02-01 20:38:26.077 [info] Found GitHub remote for folder /home/gabs/miSegundoRepo
2025-02-01 20:38:26.077 [info] Found GitHub remote for folder /home/gabs/gabrielag-06
2025-02-01 20:38:26.077 [info] Found GitHub remote for folder /home/gabs/miPrimerRepo
2025-02-01 20:38:26.077 [info] Found GitHub remote for folder /home/gabs
2025-02-01 20:38:26.341 [info] Repo state for file:///home/gabs/miSegundoRepo changed.
2025-02-01 20:38:26.341 [info] Repo file:///home/gabs/miSegundoRepo has already been setup.
2025-02-01 20:38:26.847 [info] Trying to use globalState for assignableUsers.
2025-02-01 20:38:27.223 [info] Review+5> Found matching pull request metadata for current branch developer01. Repo: gabrielag-06/miPrimerRepo PR: 1
2025-02-01 20:38:27.223 [info] Review+5> current branch developer01 is associated with pull request #1
2025-02-01 20:38:27.223 [info] Review+5> Resolving pull request
2025-02-01 20:38:27.223 [info] FolderRepositoryManager+5> Found GitHub repo for pr #1: yes
2025-02-01 20:38:27.277 [info] Trying to use globalState for assignableUsers.
2025-02-01 20:38:27.393 [info] Trying to use globalState for assignableUsers.
2025-02-01 20:38:27.508 [info] Trying to use globalState for assignableUsers.
2025-02-01 20:38:27.619 [info] Trying to use globalState for assignableUsers.
2025-02-01 20:38:27.728 [info] Trying to use globalState for assignableUsers.
2025-02-01 20:38:27.754 [info] Review+4> No matching pull request metadata found locally for current branch main
2025-02-01 20:38:27.791 [info] Review+1> No matching pull request metadata found locally for current branch main
2025-02-01 20:38:27.828 [info] Review+2> No matching pull request metadata found locally for current branch main
2025-02-01 20:38:27.864 [info] Review+3> No matching pull request metadata found locally for current branch main
2025-02-01 20:38:27.901 [info] Review+0> No matching pull request metadata found locally for current branch main
2025-02-01 20:38:28.021 [info] Using globalState assignableUsers for 1.
2025-02-01 20:38:28.086 [info] No globalState for assignableUsers.
2025-02-01 20:38:28.126 [info] Using globalState assignableUsers for 1.
2025-02-01 20:38:28.134 [info] Using globalState assignableUsers for 1.
2025-02-01 20:38:28.170 [info] Using globalState assignableUsers for 1.
2025-02-01 20:38:28.206 [info] Using globalState assignableUsers for 1.
2025-02-01 20:38:28.256 [info] FolderRepositoryManager+5> Found GitHub pr repo for pr #1: yes
2025-02-01 20:38:28.256 [info] GitHubRepository+5> Fetch branch main - enter
2025-02-01 20:38:28.296 [info] Review+2> No matching pull request metadata found on GitHub for current branch main
2025-02-01 20:38:28.296 [info] Review+3> No matching pull request metadata found on GitHub for current branch main
2025-02-01 20:38:28.296 [info] Review+1> No matching pull request metadata found on GitHub for current branch main
2025-02-01 20:38:28.311 [info] Review+4> No matching pull request metadata found on GitHub for current branch main
2025-02-01 20:38:28.394 [info] Review+0> No matching pull request metadata found on GitHub for current branch main
2025-02-01 20:38:28.561 [info] GitHubRepository+5> Fetch branch main - done: true
2025-02-01 20:38:28.561 [info] Review+5> Resolved PR #1, state is 2
2025-02-01 20:38:29.371 [info] Found matching pull request metadata on GitHub for current branch developer01. Repo: gabrielag-06/miPrimerRepo PR: 4
2025-02-01 20:38:29.371 [info] PullRequestGitHelper> associate developer01 with Pull Request #4
2025-02-01 20:38:29.399 [info] Repo state for file:///home/gabs changed.
2025-02-01 20:38:29.399 [info] Repo file:///home/gabs has already been setup.
2025-02-01 20:38:29.399 [info] Review+5> Resolving pull request
2025-02-01 20:38:29.399 [info] FolderRepositoryManager+5> Found GitHub repo for pr #4: yes
2025-02-01 20:38:29.836 [info] FolderRepositoryManager+5> Found GitHub pr repo for pr #4: yes
2025-02-01 20:38:29.836 [info] GitHubRepository+5> Fetch branch main - enter
2025-02-01 20:38:30.149 [info] GitHubRepository+5> Fetch branch main - done: true
2025-02-01 20:38:30.153 [info] Review+5> Fetching pull request data
2025-02-01 20:38:30.154 [info] PullRequestTree> Adding PR #4 to tree
2025-02-01 20:38:30.245 [info] Review+5> Register comments provider
2025-02-01 20:38:30.245 [info] Review+5> Register in memory content provider
2025-02-01 20:38:40.164 [info] Review+5> Display pull request status bar indicator.
2025-02-01 20:38:40.164 [info] Review+5> Using focus mode = true.
2025-02-01 20:38:40.164 [info] Review+5> State validation silent = true.
2025-02-01 20:38:40.164 [info] Review+5> PR show should show = false.
