2025-02-01 20:25:43.957 [warning] /home/gabs/.ssh/config: ENOENT: no such file or directory, open '/home/gabs/.ssh/config'
2025-02-01 20:25:43.957 [info] Activation> Extension version: 0.102.0
2025-02-01 20:25:44.150 [info] Looking for git repository
2025-02-01 20:25:44.150 [info] Found 0 repositories during activation
2025-02-01 20:25:44.150 [info] Git repository found, initializing review manager and pr tree view.
2025-02-01 20:25:44.153 [info] Registering git provider
2025-02-01 20:25:44.153 [info] Review+0> Validate state in progress
2025-02-01 20:25:44.153 [info] Review+0> Validating state...
2025-02-01 20:25:44.160 [info] Found GitHub remote for folder /home/gabs/miPrimerRepo
2025-02-01 20:25:44.529 [info] Trying to use globalState for assignableUsers.
2025-02-01 20:25:44.688 [info] Review+0> No matching pull request metadata found locally for current branch main
2025-02-01 20:25:44.778 [info] Using globalState assignableUsers for 1.
2025-02-01 20:25:45.064 [info] Review+0> No matching pull request metadata found on GitHub for current branch main
2025-02-01 20:35:19.251 [info] Review+0> Validate state in progress
2025-02-01 20:35:19.251 [info] Review+0> Validating state...
2025-02-01 20:35:19.251 [info] Repo state for file:///home/gabs/miPrimerRepo changed.
2025-02-01 20:35:19.251 [info] Repo file:///home/gabs/miPrimerRepo has already been setup.
2025-02-01 20:35:19.423 [info] Found GitHub remote for folder /home/gabs/miPrimerRepo
2025-02-01 20:35:19.424 [info] Using in-memory cached assignable users.
2025-02-01 20:35:19.428 [info] Review+0> No matching pull request metadata found locally for current branch main
2025-02-01 20:35:19.757 [info] Review+0> No matching pull request metadata found on GitHub for current branch main
2025-02-01 20:36:58.594 [info] Review+0> Validate state in progress
2025-02-01 20:36:58.594 [info] Review+0> Validating state...
2025-02-01 20:36:58.754 [info] Found GitHub remote for folder /home/gabs/miPrimerRepo
2025-02-01 20:36:58.755 [info] Using in-memory cached assignable users.
2025-02-01 20:36:58.759 [info] Review+0> No matching pull request metadata found locally for current branch main
2025-02-01 20:36:59.093 [info] Review+0> No matching pull request metadata found on GitHub for current branch main
