2025-01-29 21:46:34.490 [info] [main] Log level: Info
2025-01-29 21:46:34.490 [info] [main] Validating found git in: "git"
2025-01-29 21:46:34.490 [info] [main] Using git "2.43.0" from "git"
2025-01-29 21:46:34.490 [info] [Model][doInitialScan] Initial repository scan started
2025-01-29 21:46:34.490 [info] > git rev-parse --show-toplevel [2ms]
2025-01-29 21:46:34.490 [info] > git rev-parse --git-dir --git-common-dir [4ms]
2025-01-29 21:46:34.490 [info] [Model][openRepository] Opened repository: /home/gabs
2025-01-29 21:46:34.492 [info] > git config --get commit.template [4ms]
2025-01-29 21:46:34.497 [info] > git for-each-ref --format=%(refname)%00%(upstream:short)%00%(objectname)%00%(upstream:track)%00%(upstream:remotename)%00%(upstream:remoteref) refs/heads/developer01 refs/remotes/developer01 [2ms]
2025-01-29 21:46:34.575 [info] > git status -z -uall [73ms]
2025-01-29 21:46:34.576 [info] > git rev-parse --show-toplevel [66ms]
2025-01-29 21:46:34.579 [info] > git for-each-ref --sort -committerdate --format %(refname) %(objectname) %(*objectname) [73ms]
2025-01-29 21:46:34.762 [info] > git for-each-ref --format=%(refname)%00%(upstream:short)%00%(objectname)%00%(upstream:track)%00%(upstream:remotename)%00%(upstream:remoteref) refs/heads/developer01 refs/remotes/developer01 [166ms]
2025-01-29 21:46:34.773 [info] > git config --local branch.developer01.vscode-merge-base [8ms]
2025-01-29 21:46:34.804 [info] > git rev-parse --show-toplevel [69ms]
2025-01-29 21:46:34.819 [info] > git for-each-ref --format=%(refname)%00%(upstream:short)%00%(objectname)%00%(upstream:track)%00%(upstream:remotename)%00%(upstream:remoteref) refs/heads/origin/main refs/remotes/origin/main [44ms]
2025-01-29 21:46:34.823 [info] > git config --get commit.template [52ms]
2025-01-29 21:46:34.827 [info] > git merge-base refs/heads/developer01 refs/remotes/origin/developer01 [5ms]
2025-01-29 21:46:34.830 [info] > git rev-parse --show-toplevel [21ms]
2025-01-29 21:46:34.836 [info] > git for-each-ref --format=%(refname)%00%(upstream:short)%00%(objectname)%00%(upstream:track)%00%(upstream:remotename)%00%(upstream:remoteref) refs/heads/developer01 refs/remotes/developer01 [4ms]
2025-01-29 21:46:34.837 [info] > git diff --name-status -z --diff-filter=ADMR f71af4c51eedf7d004b4e5496605cf6001a8f814...refs/remotes/origin/developer01 [8ms]
2025-01-29 21:46:34.839 [info] > git rev-parse --show-toplevel [5ms]
2025-01-29 21:46:34.847 [info] > git rev-parse --show-toplevel [6ms]
2025-01-29 21:46:34.850 [info] > git for-each-ref --sort -committerdate --format %(refname) %(objectname) %(*objectname) [4ms]
2025-01-29 21:46:34.851 [info] > git rev-parse --show-toplevel [2ms]
2025-01-29 21:46:34.856 [info] > git rev-parse --show-toplevel [2ms]
2025-01-29 21:46:34.879 [info] > git status -z -uall [35ms]
2025-01-29 21:46:34.879 [info] > git rev-parse --show-toplevel [20ms]
2025-01-29 21:46:34.893 [info] > git rev-parse --show-toplevel [11ms]
2025-01-29 21:46:34.896 [info] > git rev-parse --show-toplevel [1ms]
2025-01-29 21:46:34.899 [info] > git rev-parse --show-toplevel [1ms]
2025-01-29 21:46:35.090 [info] > git check-ignore -v -z --stdin [82ms]
2025-01-29 21:46:35.095 [info] > git rev-parse --show-toplevel [193ms]
2025-01-29 21:46:35.098 [info] > git rev-parse --git-dir --git-common-dir [1ms]
2025-01-29 21:46:35.101 [info] [Model][openRepository] Opened repository: /home/gabs/gabrielag-06
2025-01-29 21:46:35.139 [info] > git rev-parse --show-toplevel [32ms]
2025-01-29 21:46:35.139 [info] > git config --get commit.template [34ms]
2025-01-29 21:46:35.161 [info] > git rev-parse --git-dir --git-common-dir [20ms]
2025-01-29 21:46:35.163 [info] [Model][openRepository] Opened repository: /home/gabs/miPrimerProyecto
2025-01-29 21:46:35.241 [info] > git for-each-ref --format=%(refname)%00%(upstream:short)%00%(objectname)%00%(upstream:track)%00%(upstream:remotename)%00%(upstream:remoteref) refs/heads/main refs/remotes/main [98ms]
2025-01-29 21:46:35.244 [warning] [Git][revParse] Unable to read file: ENOENT: no such file or directory, open '/home/gabs/gabrielag-06/.git/refs/remotes/origin/main'
2025-01-29 21:46:35.245 [info] > git rev-parse --show-toplevel [77ms]
2025-01-29 21:46:35.246 [info] > git config --get commit.template [80ms]
2025-01-29 21:46:35.287 [info] > git rev-parse refs/remotes/origin/main [43ms]
2025-01-29 21:46:35.292 [info] > git status -z -uall [4ms]
2025-01-29 21:46:35.293 [info] > git rev-parse --git-dir --git-common-dir [44ms]
2025-01-29 21:46:35.295 [info] [Model][openRepository] Opened repository: /home/gabs/miPrimerRepo
2025-01-29 21:46:35.303 [info] > git for-each-ref --format=%(refname)%00%(upstream:short)%00%(objectname)%00%(upstream:track)%00%(upstream:remotename)%00%(upstream:remoteref) refs/heads/main refs/remotes/main [12ms]
2025-01-29 21:46:35.303 [info] > git for-each-ref --sort -committerdate --format %(refname) %(objectname) %(*objectname) [13ms]
2025-01-29 21:46:35.313 [info] > git for-each-ref --format=%(refname)%00%(upstream:short)%00%(objectname)%00%(upstream:track)%00%(upstream:remotename)%00%(upstream:remoteref) refs/heads/main refs/remotes/main [6ms]
2025-01-29 21:46:35.316 [info] > git rev-parse --show-toplevel [16ms]
2025-01-29 21:46:35.317 [info] [Model][doInitialScan] Initial repository scan completed - repositories (4), closed repositories (0), parent repositories (0), unsafe repositories (0)
2025-01-29 21:46:35.320 [info] > git config --get commit.template [23ms]
2025-01-29 21:46:35.322 [info] > git show --textconv HEAD:README.md [3ms]
2025-01-29 21:46:35.323 [info] > git config --local branch.main.vscode-merge-base [8ms]
2025-01-29 21:46:35.323 [warning] [Git][config] git config failed: Failed to execute git
2025-01-29 21:46:35.325 [info] > git config --get commit.template [15ms]
2025-01-29 21:46:35.369 [info] > git ls-tree -l HEAD -- /home/gabs/miPrimerRepo/README.md [49ms]
2025-01-29 21:46:35.425 [info] > git status -z -uall [54ms]
2025-01-29 21:46:35.425 [info] > git for-each-ref --format=%(refname)%00%(upstream:short)%00%(objectname)%00%(upstream:track)%00%(upstream:remotename)%00%(upstream:remoteref) refs/heads/main refs/remotes/main [99ms]
2025-01-29 21:46:35.425 [info] > git reflog main --grep-reflog=branch: Created from *. [101ms]
2025-01-29 21:46:35.429 [warning] [Git][revParse] Unable to read file: ENOENT: no such file or directory, open '/home/gabs/miPrimerRepo/.git/refs/remotes/origin/main'
2025-01-29 21:46:35.437 [info] > git for-each-ref --format=%(refname)%00%(upstream:short)%00%(objectname)%00%(upstream:track)%00%(upstream:remotename)%00%(upstream:remoteref) refs/heads/main refs/remotes/main [64ms]
2025-01-29 21:46:35.437 [info] > git for-each-ref --sort -committerdate --format %(refname) %(objectname) %(*objectname) [65ms]
2025-01-29 21:46:35.443 [warning] [Git][revParse] Unable to read file: ENOENT: no such file or directory, open '/home/gabs/gabrielag-06/.git/refs/remotes/origin/main'
2025-01-29 21:46:35.448 [info] > git for-each-ref --format=%(refname)%00%(upstream:short)%00%(objectname)%00%(upstream:track)%00%(upstream:remotename)%00%(upstream:remoteref) refs/heads/main refs/remotes/main [8ms]
2025-01-29 21:46:35.449 [info] > git rev-parse refs/remotes/origin/main [20ms]
2025-01-29 21:46:35.453 [info] > git symbolic-ref --short refs/remotes/origin/HEAD [26ms]
2025-01-29 21:46:35.455 [info] > git status -z -uall [4ms]
2025-01-29 21:46:35.455 [info] > git for-each-ref --sort -committerdate --format %(refname) %(objectname) %(*objectname) [2ms]
2025-01-29 21:46:35.460 [info] > git config --local branch.main.vscode-merge-base [11ms]
2025-01-29 21:46:35.460 [warning] [Git][config] git config failed: Failed to execute git
2025-01-29 21:46:35.461 [info] > git ls-tree -l HEAD -- /home/gabs/miPrimerRepo/README.md [14ms]
2025-01-29 21:46:35.462 [info] > git config --get commit.template [17ms]
2025-01-29 21:46:35.462 [info] > git rev-parse refs/remotes/origin/main [19ms]
2025-01-29 21:46:35.578 [info] > git status -z -uall [115ms]
2025-01-29 21:46:35.578 [info] > git reflog main --grep-reflog=branch: Created from *. [117ms]
2025-01-29 21:46:35.580 [info] > git for-each-ref --format=%(refname)%00%(upstream:short)%00%(objectname)%00%(upstream:track)%00%(upstream:remotename)%00%(upstream:remoteref) refs/heads/main refs/remotes/main [122ms]
2025-01-29 21:46:35.584 [info] > git for-each-ref --format=%(refname)%00%(upstream:short)%00%(objectname)%00%(upstream:track)%00%(upstream:remotename)%00%(upstream:remoteref) refs/heads/origin/main refs/remotes/origin/main [130ms]
2025-01-29 21:46:35.613 [info] > git config --local branch.main.vscode-merge-base origin/main [28ms]
2025-01-29 21:46:35.614 [info] > git for-each-ref --sort -committerdate --format %(refname) %(objectname) %(*objectname) [150ms] (cancelled)
2025-01-29 21:46:35.620 [info] > git config --local branch.main.vscode-merge-base [37ms]
2025-01-29 21:46:35.625 [info] > git symbolic-ref --short refs/remotes/origin/HEAD [45ms]
2025-01-29 21:46:35.625 [info] fatal: ref refs/remotes/origin/HEAD is not a symbolic ref
2025-01-29 21:46:35.625 [warning] [Repository][getDefaultBranch] Failed to get default branch details: Failed to execute git.
2025-01-29 21:46:35.630 [info] > git config --get commit.template [164ms]
2025-01-29 21:46:35.636 [info] > git merge-base refs/heads/main refs/remotes/origin/main [7ms]
2025-01-29 21:46:35.639 [info] > git for-each-ref --format=%(refname)%00%(upstream:short)%00%(objectname)%00%(upstream:track)%00%(upstream:remotename)%00%(upstream:remoteref) refs/heads/origin/main refs/remotes/origin/main [15ms]
2025-01-29 21:46:35.642 [info] > git for-each-ref --format=%(refname)%00%(upstream:short)%00%(objectname)%00%(upstream:track)%00%(upstream:remotename)%00%(upstream:remoteref) refs/heads/main refs/remotes/main [23ms]
2025-01-29 21:46:35.646 [info] > git for-each-ref --format=%(refname)%00%(upstream:short)%00%(objectname)%00%(upstream:track)%00%(upstream:remotename)%00%(upstream:remoteref) refs/heads/main refs/remotes/main [57ms]
2025-01-29 21:46:35.652 [info] > git config --local branch.main.vscode-merge-base [6ms]
2025-01-29 21:46:35.655 [info] > git merge-base refs/heads/main refs/remotes/origin/main [14ms]
2025-01-29 21:46:35.658 [info] > git diff --name-status -z --diff-filter=ADMR 77aa5ed7ae2d9861dc7ee350cd31ccc57c1e7fd5...refs/remotes/origin/main [20ms]
2025-01-29 21:46:35.659 [info] > git config --get commit.template [24ms]
2025-01-29 21:46:35.664 [info] > git diff --name-status -z --diff-filter=ADMR e4b88c94dd44c1eeac6d6cb214284222b1b5197c...refs/remotes/origin/main [6ms]
2025-01-29 21:46:35.665 [info] > git for-each-ref --format=%(refname)%00%(upstream:short)%00%(objectname)%00%(upstream:track)%00%(upstream:remotename)%00%(upstream:remoteref) refs/heads/origin/main refs/remotes/origin/main [9ms]
2025-01-29 21:46:35.668 [info] > git for-each-ref --format=%(refname)%00%(upstream:short)%00%(objectname)%00%(upstream:track)%00%(upstream:remotename)%00%(upstream:remoteref) refs/heads/main refs/remotes/main [18ms]
2025-01-29 21:46:35.672 [warning] [Git][revParse] Unable to read file: ENOENT: no such file or directory, open '/home/gabs/miPrimerRepo/.git/refs/remotes/origin/main'
2025-01-29 21:46:35.684 [info] > git merge-base refs/heads/main refs/remotes/origin/main [17ms]
2025-01-29 21:46:35.687 [info] > git status -z -uall [9ms]
2025-01-29 21:46:35.688 [info] > git rev-parse refs/remotes/origin/main [15ms]
2025-01-29 21:46:35.693 [info] > git for-each-ref --format=%(refname)%00%(upstream:short)%00%(objectname)%00%(upstream:track)%00%(upstream:remotename)%00%(upstream:remoteref) refs/heads/main refs/remotes/main [23ms]
2025-01-29 21:46:35.697 [warning] [Git][revParse] Unable to read file: ENOENT: no such file or directory, open '/home/gabs/gabrielag-06/.git/refs/remotes/origin/main'
2025-01-29 21:46:35.709 [info] > git status -z -uall [18ms]
2025-01-29 21:46:35.709 [info] > git for-each-ref --sort -committerdate --format %(refname) %(objectname) %(*objectname) [16ms]
2025-01-29 21:46:35.712 [info] > git diff --name-status -z --diff-filter=ADMR 1bc4d1f047f835e2fd470ff8f51bb333e72216e1...refs/remotes/origin/main [25ms]
2025-01-29 21:46:35.712 [info] > git for-each-ref --sort -committerdate --format %(refname) %(objectname) %(*objectname) [31ms]
2025-01-29 21:46:35.723 [info] > git blame --root --incremental e4b88c94dd44c1eeac6d6cb214284222b1b5197c -- /home/gabs/miPrimerRepo/README.md [16ms]
2025-01-29 21:46:35.724 [info] > git rev-parse refs/remotes/origin/main [27ms]
2025-01-29 21:46:35.744 [info] > git status -z -uall [16ms]
2025-01-29 21:46:35.969 [info] > git for-each-ref --sort -committerdate --format %(refname) %(objectname) %(*objectname) [236ms]
2025-01-29 21:46:36.001 [info] > git check-ignore -v -z --stdin [28ms]
2025-01-29 21:46:36.003 [info] > git check-ignore -v -z --stdin [28ms]
2025-01-29 21:46:36.003 [info] > git check-ignore -v -z --stdin [25ms]
2025-01-29 21:46:36.003 [info] > git check-ignore -v -z --stdin [23ms]
2025-01-29 21:46:36.172 [info] > git show --textconv HEAD:README.md [4ms]
2025-01-29 21:46:36.172 [info] > git ls-tree -l HEAD -- /home/gabs/miPrimerRepo/README.md [2ms]
2025-01-29 21:46:36.702 [info] > git config --local branch.main.github-pr-owner-number [284ms]
2025-01-29 21:46:36.702 [warning] [Git][config] git config failed: Failed to execute git
2025-01-29 21:46:37.031 [info] > git config --local branch.main.github-pr-owner-number [155ms]
2025-01-29 21:46:37.031 [warning] [Git][config] git config failed: Failed to execute git
2025-01-29 21:46:37.069 [info] > git config --local branch.developer01.github-pr-owner-number [198ms]
2025-01-29 21:46:37.107 [info] > git config --local branch.main.github-pr-owner-number [351ms]
2025-01-29 21:46:37.107 [warning] [Git][config] git config failed: Failed to execute git
2025-01-29 21:46:37.167 [info] > git config --get commit.template [139ms]
2025-01-29 21:46:37.211 [info] > git for-each-ref --format=%(refname)%00%(upstream:short)%00%(objectname)%00%(upstream:track)%00%(upstream:remotename)%00%(upstream:remoteref) refs/heads/main refs/remotes/main [2ms]
2025-01-29 21:46:37.213 [warning] [Git][revParse] Unable to read file: ENOENT: no such file or directory, open '/home/gabs/gabrielag-06/.git/refs/remotes/origin/main'
2025-01-29 21:46:37.214 [info] > git rev-parse refs/remotes/origin/main [1ms]
2025-01-29 21:46:37.256 [info] > git status -z -uall [41ms]
2025-01-29 21:46:37.304 [info] > git for-each-ref --sort -committerdate --format %(refname) %(objectname) %(*objectname) [86ms]
2025-01-29 21:46:38.667 [info] > git config --local branch.developer01.github-pr-owner-number gabrielag-06#miPrimerRepo#1 [2ms]
2025-01-29 21:46:38.673 [info] > git config --get commit.template [3ms]
2025-01-29 21:46:38.673 [info] > git for-each-ref --format=%(refname)%00%(upstream:short)%00%(objectname)%00%(upstream:track)%00%(upstream:remotename)%00%(upstream:remoteref) refs/heads/developer01 refs/remotes/developer01 [1ms]
2025-01-29 21:46:38.679 [info] > git for-each-ref --sort -committerdate --format %(refname) %(objectname) %(*objectname) [1ms]
2025-01-29 21:46:38.690 [info] > git status -z -uall [15ms]
2025-01-29 21:46:39.958 [info] > git ls-files --stage -- /home/gabs/miPrimerRepo/README.md [3ms]
2025-01-29 21:46:39.962 [info] > git ls-tree -l HEAD -- /home/gabs/miPrimerRepo/README.md [4ms]
2025-01-29 21:46:39.962 [info] > git cat-file -s 92f32fc62962eb1dfb604837ab4e02092eb1a7ab [1ms]
2025-01-29 21:46:39.972 [info] > git show --textconv HEAD:README.md [4ms]
2025-01-29 21:46:39.972 [info] > git show --textconv :README.md [1ms]
2025-01-29 21:46:42.397 [info] > git ls-files --stage -- /home/gabs/miPrimerRepo/README.md [8ms]
2025-01-29 21:46:42.402 [info] > git config --get commit.template [4ms]
2025-01-29 21:46:42.402 [info] > git config --get commit.template [8ms]
2025-01-29 21:46:42.402 [info] > git cat-file -s 92f32fc62962eb1dfb604837ab4e02092eb1a7ab [1ms]
2025-01-29 21:46:42.408 [info] > git for-each-ref --format=%(refname)%00%(upstream:short)%00%(objectname)%00%(upstream:track)%00%(upstream:remotename)%00%(upstream:remoteref) refs/heads/main refs/remotes/main [2ms]
2025-01-29 21:46:42.410 [warning] [Git][revParse] Unable to read file: ENOENT: no such file or directory, open '/home/gabs/miPrimerRepo/.git/refs/remotes/origin/main'
2025-01-29 21:46:42.410 [info] > git for-each-ref --format=%(refname)%00%(upstream:short)%00%(objectname)%00%(upstream:track)%00%(upstream:remotename)%00%(upstream:remoteref) refs/heads/developer01 refs/remotes/developer01 [3ms]
2025-01-29 21:46:42.411 [info] > git rev-parse refs/remotes/origin/main [1ms]
2025-01-29 21:46:42.416 [info] > git status -z -uall [3ms]
2025-01-29 21:46:42.416 [info] > git for-each-ref --sort -committerdate --format %(refname) %(objectname) %(*objectname) [1ms]
2025-01-29 21:46:42.424 [info] > git for-each-ref --sort -committerdate --format %(refname) %(objectname) %(*objectname) [1ms]
2025-01-29 21:46:42.436 [info] > git status -z -uall [16ms]
2025-01-29 21:46:42.992 [info] > git check-ignore -v -z --stdin [1ms]
2025-01-29 21:46:43.295 [info] > git show --textconv :README.md [2ms]
2025-01-29 21:46:43.295 [info] > git ls-files --stage -- /home/gabs/gabrielag-06/README.md [1ms]
2025-01-29 21:46:43.299 [info] > git cat-file -s 3b5546e91bb607b526d21a339dd8df1978b36246 [2ms]
2025-01-29 21:46:47.449 [info] > git config --get commit.template [2ms]
2025-01-29 21:46:47.450 [info] > git for-each-ref --format=%(refname)%00%(upstream:short)%00%(objectname)%00%(upstream:track)%00%(upstream:remotename)%00%(upstream:remoteref) refs/heads/developer01 refs/remotes/developer01 [1ms]
2025-01-29 21:46:47.455 [info] > git for-each-ref --sort -committerdate --format %(refname) %(objectname) %(*objectname) [1ms]
2025-01-29 21:46:47.467 [info] > git status -z -uall [15ms]
2025-01-29 21:46:52.480 [info] > git config --get commit.template [3ms]
2025-01-29 21:46:52.481 [info] > git for-each-ref --format=%(refname)%00%(upstream:short)%00%(objectname)%00%(upstream:track)%00%(upstream:remotename)%00%(upstream:remoteref) refs/heads/developer01 refs/remotes/developer01 [1ms]
2025-01-29 21:46:52.488 [info] > git for-each-ref --sort -committerdate --format %(refname) %(objectname) %(*objectname) [2ms]
2025-01-29 21:46:52.498 [info] > git status -z -uall [15ms]
2025-01-29 21:47:26.021 [info] > git blame --root --incremental 1bc4d1f047f835e2fd470ff8f51bb333e72216e1 -- /home/gabs/gabrielag-06/README.md [6ms]
2025-01-29 21:47:26.023 [info] > git config --get commit.template [3ms]
2025-01-29 21:47:26.026 [info] > git for-each-ref --format=%(refname)%00%(upstream:short)%00%(objectname)%00%(upstream:track)%00%(upstream:remotename)%00%(upstream:remoteref) refs/heads/developer01 refs/remotes/developer01 [1ms]
2025-01-29 21:47:26.033 [info] > git for-each-ref --sort -committerdate --format %(refname) %(objectname) %(*objectname) [1ms]
2025-01-29 21:47:26.045 [info] > git status -z -uall [16ms]
2025-01-29 21:47:33.990 [info] > git config --get commit.template [3ms]
2025-01-29 21:47:33.991 [info] > git for-each-ref --format=%(refname)%00%(upstream:short)%00%(objectname)%00%(upstream:track)%00%(upstream:remotename)%00%(upstream:remoteref) refs/heads/developer01 refs/remotes/developer01 [1ms]
2025-01-29 21:47:33.996 [info] > git for-each-ref --sort -committerdate --format %(refname) %(objectname) %(*objectname) [1ms]
2025-01-29 21:47:34.008 [info] > git status -z -uall [15ms]
2025-01-29 21:47:39.021 [info] > git config --get commit.template [3ms]
2025-01-29 21:47:39.021 [info] > git for-each-ref --format=%(refname)%00%(upstream:short)%00%(objectname)%00%(upstream:track)%00%(upstream:remotename)%00%(upstream:remoteref) refs/heads/developer01 refs/remotes/developer01 [1ms]
2025-01-29 21:47:39.026 [info] > git for-each-ref --sort -committerdate --format %(refname) %(objectname) %(*objectname) [1ms]
2025-01-29 21:47:39.038 [info] > git status -z -uall [15ms]
2025-01-29 21:47:44.051 [info] > git config --get commit.template [3ms]
2025-01-29 21:47:44.051 [info] > git for-each-ref --format=%(refname)%00%(upstream:short)%00%(objectname)%00%(upstream:track)%00%(upstream:remotename)%00%(upstream:remoteref) refs/heads/developer01 refs/remotes/developer01 [0ms]
2025-01-29 21:47:44.057 [info] > git for-each-ref --sort -committerdate --format %(refname) %(objectname) %(*objectname) [1ms]
2025-01-29 21:47:44.068 [info] > git status -z -uall [14ms]
2025-01-29 21:48:32.950 [info] > git config --get commit.template [5ms]
2025-01-29 21:48:32.950 [info] > git for-each-ref --format=%(refname)%00%(upstream:short)%00%(objectname)%00%(upstream:track)%00%(upstream:remotename)%00%(upstream:remoteref) refs/heads/developer01 refs/remotes/developer01 [1ms]
2025-01-29 21:48:32.957 [info] > git for-each-ref --sort -committerdate --format %(refname) %(objectname) %(*objectname) [1ms]
2025-01-29 21:48:32.968 [info] > git status -z -uall [15ms]
2025-01-29 21:48:37.982 [info] > git config --get commit.template [2ms]
2025-01-29 21:48:37.983 [info] > git for-each-ref --format=%(refname)%00%(upstream:short)%00%(objectname)%00%(upstream:track)%00%(upstream:remotename)%00%(upstream:remoteref) refs/heads/developer01 refs/remotes/developer01 [0ms]
2025-01-29 21:48:37.988 [info] > git for-each-ref --sort -committerdate --format %(refname) %(objectname) %(*objectname) [1ms]
2025-01-29 21:48:37.999 [info] > git status -z -uall [14ms]
2025-01-29 21:48:45.943 [info] > git config --get commit.template [2ms]
2025-01-29 21:48:45.944 [info] > git for-each-ref --format=%(refname)%00%(upstream:short)%00%(objectname)%00%(upstream:track)%00%(upstream:remotename)%00%(upstream:remoteref) refs/heads/developer01 refs/remotes/developer01 [1ms]
2025-01-29 21:48:45.949 [info] > git for-each-ref --sort -committerdate --format %(refname) %(objectname) %(*objectname) [1ms]
2025-01-29 21:48:45.960 [info] > git status -z -uall [14ms]
2025-01-29 21:48:50.972 [info] > git config --get commit.template [2ms]
2025-01-29 21:48:50.973 [info] > git for-each-ref --format=%(refname)%00%(upstream:short)%00%(objectname)%00%(upstream:track)%00%(upstream:remotename)%00%(upstream:remoteref) refs/heads/developer01 refs/remotes/developer01 [0ms]
2025-01-29 21:48:50.978 [info] > git for-each-ref --sort -committerdate --format %(refname) %(objectname) %(*objectname) [1ms]
2025-01-29 21:48:50.989 [info] > git status -z -uall [14ms]
2025-01-29 21:48:56.001 [info] > git config --get commit.template [2ms]
2025-01-29 21:48:56.002 [info] > git for-each-ref --format=%(refname)%00%(upstream:short)%00%(objectname)%00%(upstream:track)%00%(upstream:remotename)%00%(upstream:remoteref) refs/heads/developer01 refs/remotes/developer01 [1ms]
2025-01-29 21:48:56.007 [info] > git for-each-ref --sort -committerdate --format %(refname) %(objectname) %(*objectname) [1ms]
2025-01-29 21:48:56.018 [info] > git status -z -uall [14ms]
2025-01-29 21:49:01.032 [info] > git config --get commit.template [3ms]
2025-01-29 21:49:01.032 [info] > git for-each-ref --format=%(refname)%00%(upstream:short)%00%(objectname)%00%(upstream:track)%00%(upstream:remotename)%00%(upstream:remoteref) refs/heads/developer01 refs/remotes/developer01 [0ms]
2025-01-29 21:49:01.038 [info] > git for-each-ref --sort -committerdate --format %(refname) %(objectname) %(*objectname) [1ms]
2025-01-29 21:49:01.049 [info] > git status -z -uall [14ms]
2025-01-29 21:49:06.059 [info] > git config --get commit.template [2ms]
2025-01-29 21:49:06.060 [info] > git for-each-ref --format=%(refname)%00%(upstream:short)%00%(objectname)%00%(upstream:track)%00%(upstream:remotename)%00%(upstream:remoteref) refs/heads/developer01 refs/remotes/developer01 [1ms]
2025-01-29 21:49:06.065 [info] > git for-each-ref --sort -committerdate --format %(refname) %(objectname) %(*objectname) [1ms]
2025-01-29 21:49:06.076 [info] > git status -z -uall [14ms]
2025-01-29 21:49:11.087 [info] > git config --get commit.template [3ms]
2025-01-29 21:49:11.087 [info] > git for-each-ref --format=%(refname)%00%(upstream:short)%00%(objectname)%00%(upstream:track)%00%(upstream:remotename)%00%(upstream:remoteref) refs/heads/developer01 refs/remotes/developer01 [1ms]
2025-01-29 21:49:11.093 [info] > git for-each-ref --sort -committerdate --format %(refname) %(objectname) %(*objectname) [1ms]
2025-01-29 21:49:11.104 [info] > git status -z -uall [14ms]
2025-01-29 21:49:19.045 [info] > git config --get commit.template [2ms]
2025-01-29 21:49:19.046 [info] > git for-each-ref --format=%(refname)%00%(upstream:short)%00%(objectname)%00%(upstream:track)%00%(upstream:remotename)%00%(upstream:remoteref) refs/heads/developer01 refs/remotes/developer01 [1ms]
2025-01-29 21:49:19.052 [info] > git for-each-ref --sort -committerdate --format %(refname) %(objectname) %(*objectname) [1ms]
2025-01-29 21:49:19.063 [info] > git status -z -uall [15ms]
2025-01-29 21:49:24.075 [info] > git config --get commit.template [2ms]
2025-01-29 21:49:24.075 [info] > git for-each-ref --format=%(refname)%00%(upstream:short)%00%(objectname)%00%(upstream:track)%00%(upstream:remotename)%00%(upstream:remoteref) refs/heads/developer01 refs/remotes/developer01 [1ms]
2025-01-29 21:49:24.080 [info] > git for-each-ref --sort -committerdate --format %(refname) %(objectname) %(*objectname) [1ms]
2025-01-29 21:49:24.092 [info] > git status -z -uall [15ms]
2025-01-29 21:49:29.104 [info] > git config --get commit.template [3ms]
2025-01-29 21:49:29.105 [info] > git for-each-ref --format=%(refname)%00%(upstream:short)%00%(objectname)%00%(upstream:track)%00%(upstream:remotename)%00%(upstream:remoteref) refs/heads/developer01 refs/remotes/developer01 [1ms]
2025-01-29 21:49:29.110 [info] > git for-each-ref --sort -committerdate --format %(refname) %(objectname) %(*objectname) [1ms]
2025-01-29 21:49:29.122 [info] > git status -z -uall [15ms]
2025-01-29 21:49:34.134 [info] > git config --get commit.template [2ms]
2025-01-29 21:49:34.135 [info] > git for-each-ref --format=%(refname)%00%(upstream:short)%00%(objectname)%00%(upstream:track)%00%(upstream:remotename)%00%(upstream:remoteref) refs/heads/developer01 refs/remotes/developer01 [1ms]
2025-01-29 21:49:34.140 [info] > git for-each-ref --sort -committerdate --format %(refname) %(objectname) %(*objectname) [1ms]
2025-01-29 21:49:34.151 [info] > git status -z -uall [14ms]
2025-01-29 21:49:39.164 [info] > git config --get commit.template [3ms]
2025-01-29 21:49:39.164 [info] > git for-each-ref --format=%(refname)%00%(upstream:short)%00%(objectname)%00%(upstream:track)%00%(upstream:remotename)%00%(upstream:remoteref) refs/heads/developer01 refs/remotes/developer01 [1ms]
2025-01-29 21:49:39.170 [info] > git for-each-ref --sort -committerdate --format %(refname) %(objectname) %(*objectname) [1ms]
2025-01-29 21:49:39.181 [info] > git status -z -uall [14ms]
2025-01-29 21:49:44.193 [info] > git config --get commit.template [3ms]
2025-01-29 21:49:44.193 [info] > git for-each-ref --format=%(refname)%00%(upstream:short)%00%(objectname)%00%(upstream:track)%00%(upstream:remotename)%00%(upstream:remoteref) refs/heads/developer01 refs/remotes/developer01 [1ms]
2025-01-29 21:49:44.199 [info] > git for-each-ref --sort -committerdate --format %(refname) %(objectname) %(*objectname) [1ms]
2025-01-29 21:49:44.210 [info] > git status -z -uall [14ms]
2025-01-29 21:49:49.222 [info] > git config --get commit.template [3ms]
2025-01-29 21:49:49.223 [info] > git for-each-ref --format=%(refname)%00%(upstream:short)%00%(objectname)%00%(upstream:track)%00%(upstream:remotename)%00%(upstream:remoteref) refs/heads/developer01 refs/remotes/developer01 [1ms]
2025-01-29 21:49:49.228 [info] > git for-each-ref --sort -committerdate --format %(refname) %(objectname) %(*objectname) [1ms]
2025-01-29 21:49:49.239 [info] > git status -z -uall [14ms]
2025-01-29 21:49:57.182 [info] > git config --get commit.template [3ms]
2025-01-29 21:49:57.183 [info] > git for-each-ref --format=%(refname)%00%(upstream:short)%00%(objectname)%00%(upstream:track)%00%(upstream:remotename)%00%(upstream:remoteref) refs/heads/developer01 refs/remotes/developer01 [1ms]
2025-01-29 21:49:57.188 [info] > git for-each-ref --sort -committerdate --format %(refname) %(objectname) %(*objectname) [1ms]
2025-01-29 21:49:57.199 [info] > git status -z -uall [14ms]
2025-01-29 21:50:02.210 [info] > git config --get commit.template [2ms]
2025-01-29 21:50:02.211 [info] > git for-each-ref --format=%(refname)%00%(upstream:short)%00%(objectname)%00%(upstream:track)%00%(upstream:remotename)%00%(upstream:remoteref) refs/heads/developer01 refs/remotes/developer01 [1ms]
2025-01-29 21:50:02.216 [info] > git for-each-ref --sort -committerdate --format %(refname) %(objectname) %(*objectname) [1ms]
2025-01-29 21:50:02.227 [info] > git status -z -uall [14ms]
2025-01-29 21:50:24.273 [info] > git config --get commit.template [5ms]
2025-01-29 21:50:24.275 [info] > git for-each-ref --format=%(refname)%00%(upstream:short)%00%(objectname)%00%(upstream:track)%00%(upstream:remotename)%00%(upstream:remoteref) refs/heads/developer01 refs/remotes/developer01 [2ms]
2025-01-29 21:50:24.281 [info] > git for-each-ref --sort -committerdate --format %(refname) %(objectname) %(*objectname) [1ms]
2025-01-29 21:50:24.293 [info] > git status -z -uall [15ms]
2025-01-29 21:50:32.237 [info] > git config --get commit.template [3ms]
2025-01-29 21:50:32.237 [info] > git for-each-ref --format=%(refname)%00%(upstream:short)%00%(objectname)%00%(upstream:track)%00%(upstream:remotename)%00%(upstream:remoteref) refs/heads/developer01 refs/remotes/developer01 [1ms]
2025-01-29 21:50:32.243 [info] > git for-each-ref --sort -committerdate --format %(refname) %(objectname) %(*objectname) [1ms]
2025-01-29 21:50:32.254 [info] > git status -z -uall [14ms]
2025-01-29 21:50:50.600 [info] > git config --get commit.template [1ms]
2025-01-29 21:50:50.604 [info] > git for-each-ref --format=%(refname)%00%(upstream:short)%00%(objectname)%00%(upstream:track)%00%(upstream:remotename)%00%(upstream:remoteref) refs/heads/developer01 refs/remotes/developer01 [1ms]
2025-01-29 21:50:50.610 [info] > git for-each-ref --sort -committerdate --format %(refname) %(objectname) %(*objectname) [1ms]
2025-01-29 21:50:50.622 [info] > git status -z -uall [15ms]
2025-01-29 21:50:55.637 [info] > git config --get commit.template [2ms]
2025-01-29 21:50:55.638 [info] > git for-each-ref --format=%(refname)%00%(upstream:short)%00%(objectname)%00%(upstream:track)%00%(upstream:remotename)%00%(upstream:remoteref) refs/heads/developer01 refs/remotes/developer01 [1ms]
2025-01-29 21:50:55.645 [info] > git for-each-ref --sort -committerdate --format %(refname) %(objectname) %(*objectname) [1ms]
2025-01-29 21:50:55.654 [info] > git status -z -uall [14ms]
2025-01-29 21:51:00.668 [info] > git config --get commit.template [3ms]
2025-01-29 21:51:00.669 [info] > git for-each-ref --format=%(refname)%00%(upstream:short)%00%(objectname)%00%(upstream:track)%00%(upstream:remotename)%00%(upstream:remoteref) refs/heads/developer01 refs/remotes/developer01 [1ms]
2025-01-29 21:51:00.674 [info] > git for-each-ref --sort -committerdate --format %(refname) %(objectname) %(*objectname) [1ms]
2025-01-29 21:51:00.686 [info] > git status -z -uall [15ms]
2025-01-29 21:51:10.055 [info] > git config --get commit.template [1ms]
2025-01-29 21:51:10.060 [info] > git for-each-ref --format=%(refname)%00%(upstream:short)%00%(objectname)%00%(upstream:track)%00%(upstream:remotename)%00%(upstream:remoteref) refs/heads/developer01 refs/remotes/developer01 [2ms]
2025-01-29 21:51:10.066 [info] > git for-each-ref --sort -committerdate --format %(refname) %(objectname) %(*objectname) [1ms]
2025-01-29 21:51:10.079 [info] > git status -z -uall [15ms]
2025-01-29 21:51:15.092 [info] > git config --get commit.template [3ms]
2025-01-29 21:51:15.092 [info] > git for-each-ref --format=%(refname)%00%(upstream:short)%00%(objectname)%00%(upstream:track)%00%(upstream:remotename)%00%(upstream:remoteref) refs/heads/developer01 refs/remotes/developer01 [1ms]
2025-01-29 21:51:15.098 [info] > git for-each-ref --sort -committerdate --format %(refname) %(objectname) %(*objectname) [0ms]
2025-01-29 21:51:15.109 [info] > git status -z -uall [15ms]
2025-01-29 21:51:20.121 [info] > git config --get commit.template [2ms]
2025-01-29 21:51:20.122 [info] > git for-each-ref --format=%(refname)%00%(upstream:short)%00%(objectname)%00%(upstream:track)%00%(upstream:remotename)%00%(upstream:remoteref) refs/heads/developer01 refs/remotes/developer01 [1ms]
2025-01-29 21:51:20.128 [info] > git for-each-ref --sort -committerdate --format %(refname) %(objectname) %(*objectname) [1ms]
2025-01-29 21:51:20.139 [info] > git status -z -uall [15ms]
2025-01-29 21:51:25.151 [info] > git config --get commit.template [3ms]
2025-01-29 21:51:25.152 [info] > git for-each-ref --format=%(refname)%00%(upstream:short)%00%(objectname)%00%(upstream:track)%00%(upstream:remotename)%00%(upstream:remoteref) refs/heads/developer01 refs/remotes/developer01 [1ms]
2025-01-29 21:51:25.157 [info] > git for-each-ref --sort -committerdate --format %(refname) %(objectname) %(*objectname) [1ms]
2025-01-29 21:51:25.168 [info] > git status -z -uall [14ms]
2025-01-29 21:51:30.180 [info] > git config --get commit.template [2ms]
2025-01-29 21:51:30.180 [info] > git for-each-ref --format=%(refname)%00%(upstream:short)%00%(objectname)%00%(upstream:track)%00%(upstream:remotename)%00%(upstream:remoteref) refs/heads/developer01 refs/remotes/developer01 [1ms]
2025-01-29 21:51:30.186 [info] > git for-each-ref --sort -committerdate --format %(refname) %(objectname) %(*objectname) [1ms]
2025-01-29 21:51:30.197 [info] > git status -z -uall [14ms]
2025-01-29 21:51:35.209 [info] > git config --get commit.template [2ms]
2025-01-29 21:51:35.210 [info] > git for-each-ref --format=%(refname)%00%(upstream:short)%00%(objectname)%00%(upstream:track)%00%(upstream:remotename)%00%(upstream:remoteref) refs/heads/developer01 refs/remotes/developer01 [1ms]
2025-01-29 21:51:35.216 [info] > git for-each-ref --sort -committerdate --format %(refname) %(objectname) %(*objectname) [1ms]
2025-01-29 21:51:35.227 [info] > git status -z -uall [15ms]
2025-01-29 21:51:43.169 [info] > git config --get commit.template [3ms]
2025-01-29 21:51:43.169 [info] > git for-each-ref --format=%(refname)%00%(upstream:short)%00%(objectname)%00%(upstream:track)%00%(upstream:remotename)%00%(upstream:remoteref) refs/heads/developer01 refs/remotes/developer01 [1ms]
2025-01-29 21:51:43.175 [info] > git for-each-ref --sort -committerdate --format %(refname) %(objectname) %(*objectname) [1ms]
2025-01-29 21:51:43.187 [info] > git status -z -uall [16ms]
2025-01-29 21:51:48.203 [info] > git config --get commit.template [2ms]
2025-01-29 21:51:48.203 [info] > git for-each-ref --format=%(refname)%00%(upstream:short)%00%(objectname)%00%(upstream:track)%00%(upstream:remotename)%00%(upstream:remoteref) refs/heads/developer01 refs/remotes/developer01 [0ms]
2025-01-29 21:51:48.209 [info] > git for-each-ref --sort -committerdate --format %(refname) %(objectname) %(*objectname) [1ms]
2025-01-29 21:51:48.220 [info] > git status -z -uall [15ms]
2025-01-29 21:51:53.231 [info] > git config --get commit.template [3ms]
2025-01-29 21:51:53.232 [info] > git for-each-ref --format=%(refname)%00%(upstream:short)%00%(objectname)%00%(upstream:track)%00%(upstream:remotename)%00%(upstream:remoteref) refs/heads/developer01 refs/remotes/developer01 [1ms]
2025-01-29 21:51:53.237 [info] > git for-each-ref --sort -committerdate --format %(refname) %(objectname) %(*objectname) [0ms]
2025-01-29 21:51:53.248 [info] > git status -z -uall [14ms]
2025-01-29 21:51:58.260 [info] > git config --get commit.template [2ms]
2025-01-29 21:51:58.260 [info] > git for-each-ref --format=%(refname)%00%(upstream:short)%00%(objectname)%00%(upstream:track)%00%(upstream:remotename)%00%(upstream:remoteref) refs/heads/developer01 refs/remotes/developer01 [0ms]
2025-01-29 21:51:58.266 [info] > git for-each-ref --sort -committerdate --format %(refname) %(objectname) %(*objectname) [1ms]
2025-01-29 21:51:58.278 [info] > git status -z -uall [15ms]
2025-01-29 21:52:03.289 [info] > git config --get commit.template [2ms]
2025-01-29 21:52:03.290 [info] > git for-each-ref --format=%(refname)%00%(upstream:short)%00%(objectname)%00%(upstream:track)%00%(upstream:remotename)%00%(upstream:remoteref) refs/heads/developer01 refs/remotes/developer01 [1ms]
2025-01-29 21:52:03.294 [info] > git for-each-ref --sort -committerdate --format %(refname) %(objectname) %(*objectname) [1ms]
2025-01-29 21:52:03.306 [info] > git status -z -uall [15ms]
2025-01-29 21:52:08.318 [info] > git config --get commit.template [2ms]
2025-01-29 21:52:08.319 [info] > git for-each-ref --format=%(refname)%00%(upstream:short)%00%(objectname)%00%(upstream:track)%00%(upstream:remotename)%00%(upstream:remoteref) refs/heads/developer01 refs/remotes/developer01 [1ms]
2025-01-29 21:52:08.324 [info] > git for-each-ref --sort -committerdate --format %(refname) %(objectname) %(*objectname) [1ms]
2025-01-29 21:52:08.335 [info] > git status -z -uall [14ms]
2025-01-29 21:52:16.280 [info] > git config --get commit.template [3ms]
2025-01-29 21:52:16.280 [info] > git for-each-ref --format=%(refname)%00%(upstream:short)%00%(objectname)%00%(upstream:track)%00%(upstream:remotename)%00%(upstream:remoteref) refs/heads/developer01 refs/remotes/developer01 [1ms]
2025-01-29 21:52:16.285 [info] > git for-each-ref --sort -committerdate --format %(refname) %(objectname) %(*objectname) [1ms]
2025-01-29 21:52:16.299 [info] > git status -z -uall [17ms]
2025-01-29 21:52:21.310 [info] > git config --get commit.template [2ms]
2025-01-29 21:52:21.311 [info] > git for-each-ref --format=%(refname)%00%(upstream:short)%00%(objectname)%00%(upstream:track)%00%(upstream:remotename)%00%(upstream:remoteref) refs/heads/developer01 refs/remotes/developer01 [1ms]
2025-01-29 21:52:21.316 [info] > git for-each-ref --sort -committerdate --format %(refname) %(objectname) %(*objectname) [1ms]
2025-01-29 21:52:21.329 [info] > git status -z -uall [16ms]
2025-01-29 21:52:26.344 [info] > git config --get commit.template [3ms]
2025-01-29 21:52:26.344 [info] > git for-each-ref --format=%(refname)%00%(upstream:short)%00%(objectname)%00%(upstream:track)%00%(upstream:remotename)%00%(upstream:remoteref) refs/heads/developer01 refs/remotes/developer01 [1ms]
2025-01-29 21:52:26.349 [info] > git for-each-ref --sort -committerdate --format %(refname) %(objectname) %(*objectname) [1ms]
2025-01-29 21:52:26.361 [info] > git status -z -uall [15ms]
2025-01-29 21:52:31.371 [info] > git config --get commit.template [2ms]
2025-01-29 21:52:31.372 [info] > git for-each-ref --format=%(refname)%00%(upstream:short)%00%(objectname)%00%(upstream:track)%00%(upstream:remotename)%00%(upstream:remoteref) refs/heads/developer01 refs/remotes/developer01 [1ms]
2025-01-29 21:52:31.378 [info] > git for-each-ref --sort -committerdate --format %(refname) %(objectname) %(*objectname) [1ms]
2025-01-29 21:52:31.389 [info] > git status -z -uall [15ms]
2025-01-29 21:52:36.401 [info] > git config --get commit.template [2ms]
2025-01-29 21:52:36.401 [info] > git for-each-ref --format=%(refname)%00%(upstream:short)%00%(objectname)%00%(upstream:track)%00%(upstream:remotename)%00%(upstream:remoteref) refs/heads/developer01 refs/remotes/developer01 [0ms]
2025-01-29 21:52:36.406 [info] > git for-each-ref --sort -committerdate --format %(refname) %(objectname) %(*objectname) [1ms]
2025-01-29 21:52:36.419 [info] > git status -z -uall [15ms]
2025-01-29 21:52:41.430 [info] > git config --get commit.template [3ms]
2025-01-29 21:52:41.431 [info] > git for-each-ref --format=%(refname)%00%(upstream:short)%00%(objectname)%00%(upstream:track)%00%(upstream:remotename)%00%(upstream:remoteref) refs/heads/developer01 refs/remotes/developer01 [1ms]
2025-01-29 21:52:41.436 [info] > git for-each-ref --sort -committerdate --format %(refname) %(objectname) %(*objectname) [1ms]
2025-01-29 21:52:41.451 [info] > git status -z -uall [18ms]
2025-01-29 21:52:49.393 [info] > git config --get commit.template [2ms]
2025-01-29 21:52:49.394 [info] > git for-each-ref --format=%(refname)%00%(upstream:short)%00%(objectname)%00%(upstream:track)%00%(upstream:remotename)%00%(upstream:remoteref) refs/heads/developer01 refs/remotes/developer01 [1ms]
2025-01-29 21:52:49.399 [info] > git for-each-ref --sort -committerdate --format %(refname) %(objectname) %(*objectname) [1ms]
2025-01-29 21:52:49.410 [info] > git status -z -uall [14ms]
2025-01-29 21:52:54.421 [info] > git config --get commit.template [2ms]
2025-01-29 21:52:54.422 [info] > git for-each-ref --format=%(refname)%00%(upstream:short)%00%(objectname)%00%(upstream:track)%00%(upstream:remotename)%00%(upstream:remoteref) refs/heads/developer01 refs/remotes/developer01 [1ms]
2025-01-29 21:52:54.427 [info] > git for-each-ref --sort -committerdate --format %(refname) %(objectname) %(*objectname) [1ms]
2025-01-29 21:52:54.438 [info] > git status -z -uall [14ms]
2025-01-29 21:52:59.450 [info] > git config --get commit.template [3ms]
2025-01-29 21:52:59.451 [info] > git for-each-ref --format=%(refname)%00%(upstream:short)%00%(objectname)%00%(upstream:track)%00%(upstream:remotename)%00%(upstream:remoteref) refs/heads/developer01 refs/remotes/developer01 [1ms]
2025-01-29 21:52:59.456 [info] > git for-each-ref --sort -committerdate --format %(refname) %(objectname) %(*objectname) [1ms]
2025-01-29 21:52:59.469 [info] > git status -z -uall [15ms]
2025-01-29 21:53:04.494 [info] > git config --get commit.template [8ms]
2025-01-29 21:53:04.497 [info] > git for-each-ref --format=%(refname)%00%(upstream:short)%00%(objectname)%00%(upstream:track)%00%(upstream:remotename)%00%(upstream:remoteref) refs/heads/developer01 refs/remotes/developer01 [8ms]
2025-01-29 21:53:04.505 [info] > git for-each-ref --sort -committerdate --format %(refname) %(objectname) %(*objectname) [3ms]
2025-01-29 21:53:04.657 [info] > git status -z -uall [157ms]
2025-01-29 21:53:09.667 [info] > git config --get commit.template [2ms]
2025-01-29 21:53:09.668 [info] > git for-each-ref --format=%(refname)%00%(upstream:short)%00%(objectname)%00%(upstream:track)%00%(upstream:remotename)%00%(upstream:remoteref) refs/heads/developer01 refs/remotes/developer01 [1ms]
2025-01-29 21:53:09.673 [info] > git for-each-ref --sort -committerdate --format %(refname) %(objectname) %(*objectname) [1ms]
2025-01-29 21:53:09.684 [info] > git status -z -uall [14ms]
2025-01-29 21:53:14.696 [info] > git config --get commit.template [3ms]
2025-01-29 21:53:14.696 [info] > git for-each-ref --format=%(refname)%00%(upstream:short)%00%(objectname)%00%(upstream:track)%00%(upstream:remotename)%00%(upstream:remoteref) refs/heads/developer01 refs/remotes/developer01 [1ms]
2025-01-29 21:53:14.701 [info] > git for-each-ref --sort -committerdate --format %(refname) %(objectname) %(*objectname) [1ms]
2025-01-29 21:53:14.713 [info] > git status -z -uall [15ms]
2025-01-29 21:53:19.723 [info] > git config --get commit.template [2ms]
2025-01-29 21:53:19.724 [info] > git for-each-ref --format=%(refname)%00%(upstream:short)%00%(objectname)%00%(upstream:track)%00%(upstream:remotename)%00%(upstream:remoteref) refs/heads/developer01 refs/remotes/developer01 [1ms]
2025-01-29 21:53:19.729 [info] > git for-each-ref --sort -committerdate --format %(refname) %(objectname) %(*objectname) [1ms]
2025-01-29 21:53:19.741 [info] > git status -z -uall [15ms]
2025-01-29 21:53:27.682 [info] > git config --get commit.template [2ms]
2025-01-29 21:53:27.682 [info] > git for-each-ref --format=%(refname)%00%(upstream:short)%00%(objectname)%00%(upstream:track)%00%(upstream:remotename)%00%(upstream:remoteref) refs/heads/developer01 refs/remotes/developer01 [0ms]
2025-01-29 21:53:27.687 [info] > git for-each-ref --sort -committerdate --format %(refname) %(objectname) %(*objectname) [1ms]
2025-01-29 21:53:27.699 [info] > git status -z -uall [14ms]
2025-01-29 21:53:32.712 [info] > git config --get commit.template [3ms]
2025-01-29 21:53:32.713 [info] > git for-each-ref --format=%(refname)%00%(upstream:short)%00%(objectname)%00%(upstream:track)%00%(upstream:remotename)%00%(upstream:remoteref) refs/heads/developer01 refs/remotes/developer01 [1ms]
2025-01-29 21:53:32.719 [info] > git for-each-ref --sort -committerdate --format %(refname) %(objectname) %(*objectname) [1ms]
2025-01-29 21:53:32.733 [info] > git status -z -uall [17ms]
2025-01-29 21:54:50.021 [info] > git config --get commit.template [5ms]
2025-01-29 21:54:50.022 [info] > git for-each-ref --format=%(refname)%00%(upstream:short)%00%(objectname)%00%(upstream:track)%00%(upstream:remotename)%00%(upstream:remoteref) refs/heads/developer01 refs/remotes/developer01 [2ms]
2025-01-29 21:54:50.032 [info] > git for-each-ref --sort -committerdate --format %(refname) %(objectname) %(*objectname) [4ms]
2025-01-29 21:54:50.043 [info] > git status -z -uall [17ms]
2025-01-29 21:54:57.959 [info] > git config --get commit.template [3ms]
2025-01-29 21:54:57.960 [info] > git for-each-ref --format=%(refname)%00%(upstream:short)%00%(objectname)%00%(upstream:track)%00%(upstream:remotename)%00%(upstream:remoteref) refs/heads/developer01 refs/remotes/developer01 [2ms]
2025-01-29 21:54:57.969 [info] > git for-each-ref --sort -committerdate --format %(refname) %(objectname) %(*objectname) [3ms]
2025-01-29 21:54:57.981 [info] > git status -z -uall [17ms]
2025-01-29 21:55:05.538 [info] > git config --get commit.template [3ms]
2025-01-29 21:55:05.539 [info] > git for-each-ref --format=%(refname)%00%(upstream:short)%00%(objectname)%00%(upstream:track)%00%(upstream:remotename)%00%(upstream:remoteref) refs/heads/developer01 refs/remotes/developer01 [1ms]
2025-01-29 21:55:05.545 [info] > git for-each-ref --sort -committerdate --format %(refname) %(objectname) %(*objectname) [1ms]
2025-01-29 21:55:05.557 [info] > git status -z -uall [15ms]
2025-01-29 21:55:20.348 [info] > git config --get commit.template [5ms]
2025-01-29 21:55:20.348 [info] > git for-each-ref --format=%(refname)%00%(upstream:short)%00%(objectname)%00%(upstream:track)%00%(upstream:remotename)%00%(upstream:remoteref) refs/heads/developer01 refs/remotes/developer01 [1ms]
2025-01-29 21:55:20.356 [info] > git for-each-ref --sort -committerdate --format %(refname) %(objectname) %(*objectname) [2ms]
2025-01-29 21:55:20.369 [info] > git status -z -uall [17ms]
2025-01-29 21:55:25.386 [info] > git config --get commit.template [3ms]
2025-01-29 21:55:25.386 [info] > git for-each-ref --format=%(refname)%00%(upstream:short)%00%(objectname)%00%(upstream:track)%00%(upstream:remotename)%00%(upstream:remoteref) refs/heads/developer01 refs/remotes/developer01 [1ms]
2025-01-29 21:55:25.392 [info] > git for-each-ref --sort -committerdate --format %(refname) %(objectname) %(*objectname) [1ms]
2025-01-29 21:55:25.404 [info] > git status -z -uall [16ms]
2025-01-29 21:55:30.417 [info] > git config --get commit.template [3ms]
2025-01-29 21:55:30.417 [info] > git for-each-ref --format=%(refname)%00%(upstream:short)%00%(objectname)%00%(upstream:track)%00%(upstream:remotename)%00%(upstream:remoteref) refs/heads/developer01 refs/remotes/developer01 [1ms]
2025-01-29 21:55:30.422 [info] > git for-each-ref --sort -committerdate --format %(refname) %(objectname) %(*objectname) [1ms]
2025-01-29 21:55:30.436 [info] > git status -z -uall [17ms]
2025-01-29 21:55:39.283 [info] > git config --get commit.template [9ms]
2025-01-29 21:55:39.284 [info] > git for-each-ref --format=%(refname)%00%(upstream:short)%00%(objectname)%00%(upstream:track)%00%(upstream:remotename)%00%(upstream:remoteref) refs/heads/developer01 refs/remotes/developer01 [6ms]
2025-01-29 21:55:39.290 [info] > git ls-files --stage -- /home/gabs/gabrielag-06/README.md [7ms]
2025-01-29 21:55:39.292 [info] > git ls-files --stage -- /home/gabs/miPrimerRepo/README.md [11ms]
2025-01-29 21:55:39.295 [info] > git cat-file -s 3b5546e91bb607b526d21a339dd8df1978b36246 [3ms]
2025-01-29 21:55:39.295 [info] > git for-each-ref --sort -committerdate --format %(refname) %(objectname) %(*objectname) [6ms]
2025-01-29 21:55:39.296 [info] > git cat-file -s 92f32fc62962eb1dfb604837ab4e02092eb1a7ab [2ms]
2025-01-29 21:55:39.304 [info] > git show --textconv :README.md [2ms]
2025-01-29 21:55:39.305 [info] > git show --textconv :README.md [1ms]
2025-01-29 21:55:39.311 [info] > git status -z -uall [24ms]
2025-01-29 21:55:40.285 [info] > git config --get commit.template [3ms]
2025-01-29 21:55:40.289 [info] > git for-each-ref --format=%(refname)%00%(upstream:short)%00%(objectname)%00%(upstream:track)%00%(upstream:remotename)%00%(upstream:remoteref) refs/heads/main refs/remotes/main [5ms]
2025-01-29 21:55:40.292 [warning] [Git][revParse] Unable to read file: ENOENT: no such file or directory, open '/home/gabs/miPrimerRepo/.git/refs/remotes/origin/main'
2025-01-29 21:55:40.294 [info] > git rev-parse refs/remotes/origin/main [1ms]
2025-01-29 21:55:40.298 [info] > git status -z -uall [3ms]
2025-01-29 21:55:40.299 [info] > git for-each-ref --sort -committerdate --format %(refname) %(objectname) %(*objectname) [2ms]
2025-01-29 21:55:45.304 [info] > git config --get commit.template [3ms]
2025-01-29 21:55:45.308 [info] > git for-each-ref --format=%(refname)%00%(upstream:short)%00%(objectname)%00%(upstream:track)%00%(upstream:remotename)%00%(upstream:remoteref) refs/heads/main refs/remotes/main [5ms]
2025-01-29 21:55:45.311 [warning] [Git][revParse] Unable to read file: ENOENT: no such file or directory, open '/home/gabs/gabrielag-06/.git/refs/remotes/origin/main'
2025-01-29 21:55:45.312 [info] > git rev-parse refs/remotes/origin/main [1ms]
2025-01-29 21:55:45.316 [info] > git status -z -uall [2ms]
2025-01-29 21:55:45.318 [info] > git for-each-ref --sort -committerdate --format %(refname) %(objectname) %(*objectname) [2ms]
2025-01-29 21:55:47.256 [info] > git config --get commit.template [3ms]
2025-01-29 21:55:47.256 [info] > git for-each-ref --format=%(refname)%00%(upstream:short)%00%(objectname)%00%(upstream:track)%00%(upstream:remotename)%00%(upstream:remoteref) refs/heads/developer01 refs/remotes/developer01 [0ms]
2025-01-29 21:55:47.262 [info] > git for-each-ref --sort -committerdate --format %(refname) %(objectname) %(*objectname) [1ms]
2025-01-29 21:55:47.275 [info] > git status -z -uall [16ms]
2025-01-29 21:57:25.292 [info] > git config --get commit.template [8ms]
2025-01-29 21:57:25.292 [info] > git ls-files --stage -- /home/gabs/miPrimerRepo/README.md [2ms]
2025-01-29 21:57:25.295 [info] > git config --get commit.template [8ms]
2025-01-29 21:57:25.299 [info] > git ls-files --stage -- /home/gabs/gabrielag-06/README.md [7ms]
2025-01-29 21:57:25.302 [info] > git for-each-ref --format=%(refname)%00%(upstream:short)%00%(objectname)%00%(upstream:track)%00%(upstream:remotename)%00%(upstream:remoteref) refs/heads/developer01 refs/remotes/developer01 [3ms]
2025-01-29 21:57:25.302 [info] > git for-each-ref --format=%(refname)%00%(upstream:short)%00%(objectname)%00%(upstream:track)%00%(upstream:remotename)%00%(upstream:remoteref) refs/heads/main refs/remotes/main [5ms]
2025-01-29 21:57:25.302 [info] > git cat-file -s 92f32fc62962eb1dfb604837ab4e02092eb1a7ab [7ms]
2025-01-29 21:57:25.304 [warning] [Git][revParse] Unable to read file: ENOENT: no such file or directory, open '/home/gabs/gabrielag-06/.git/refs/remotes/origin/main'
2025-01-29 21:57:25.305 [info] > git cat-file -s 3b5546e91bb607b526d21a339dd8df1978b36246 [4ms]
2025-01-29 21:57:25.305 [info] > git rev-parse refs/remotes/origin/main [1ms]
2025-01-29 21:57:25.315 [info] > git status -z -uall [7ms]
2025-01-29 21:57:25.315 [info] > git show --textconv :README.md [2ms]
2025-01-29 21:57:25.321 [info] > git show --textconv :README.md [6ms]
2025-01-29 21:57:25.321 [info] > git for-each-ref --sort -committerdate --format %(refname) %(objectname) %(*objectname) [11ms]
2025-01-29 21:57:25.323 [info] > git for-each-ref --sort -committerdate --format %(refname) %(objectname) %(*objectname) [3ms]
2025-01-29 21:57:25.334 [info] > git status -z -uall [15ms]
2025-01-29 21:57:25.501 [info] > git merge-base refs/heads/developer01 refs/remotes/origin/developer01 [161ms]
2025-01-29 21:57:25.511 [info] > git diff --name-status -z --diff-filter=ADMR d98fbaba93aca1d1685077138442eb7fb8d23fb7...refs/remotes/origin/developer01 [7ms]
2025-01-29 21:57:25.511 [info] > git config --local branch.developer01.github-pr-owner-number [2ms]
2025-01-29 21:57:26.293 [info] > git config --get commit.template [3ms]
2025-01-29 21:57:26.293 [info] > git for-each-ref --format=%(refname)%00%(upstream:short)%00%(objectname)%00%(upstream:track)%00%(upstream:remotename)%00%(upstream:remoteref) refs/heads/main refs/remotes/main [0ms]
2025-01-29 21:57:26.296 [warning] [Git][revParse] Unable to read file: ENOENT: no such file or directory, open '/home/gabs/miPrimerRepo/.git/refs/remotes/origin/main'
2025-01-29 21:57:26.297 [info] > git rev-parse refs/remotes/origin/main [1ms]
2025-01-29 21:57:26.301 [info] > git status -z -uall [3ms]
2025-01-29 21:57:26.301 [info] > git for-each-ref --sort -committerdate --format %(refname) %(objectname) %(*objectname) [0ms]
2025-01-29 21:57:26.886 [info] > git config --local branch.developer01.github-pr-owner-number gabrielag-06#miPrimerRepo#1 [1ms]
2025-01-29 21:57:26.892 [info] > git config --get commit.template [2ms]
2025-01-29 21:57:26.892 [info] > git for-each-ref --format=%(refname)%00%(upstream:short)%00%(objectname)%00%(upstream:track)%00%(upstream:remotename)%00%(upstream:remoteref) refs/heads/developer01 refs/remotes/developer01 [1ms]
2025-01-29 21:57:26.898 [info] > git for-each-ref --sort -committerdate --format %(refname) %(objectname) %(*objectname) [1ms]
2025-01-29 21:57:26.910 [info] > git status -z -uall [15ms]
2025-01-29 21:57:31.079 [info] > git ls-files --stage -- /home/gabs/miPrimerRepo/README.md [3ms]
2025-01-29 21:57:31.081 [info] > git ls-files --stage -- /home/gabs/gabrielag-06/README.md [2ms]
2025-01-29 21:57:31.083 [info] > git cat-file -s 92f32fc62962eb1dfb604837ab4e02092eb1a7ab [2ms]
2025-01-29 21:57:31.084 [info] > git cat-file -s 3b5546e91bb607b526d21a339dd8df1978b36246 [1ms]
2025-01-29 21:57:31.092 [info] > git show --textconv :README.md [2ms]
2025-01-29 21:57:31.092 [info] > git show --textconv :README.md [1ms]
2025-01-29 21:57:33.259 [info] > git config --get commit.template [3ms]
2025-01-29 21:57:33.260 [info] > git for-each-ref --format=%(refname)%00%(upstream:short)%00%(objectname)%00%(upstream:track)%00%(upstream:remotename)%00%(upstream:remoteref) refs/heads/main refs/remotes/main [1ms]
2025-01-29 21:57:33.262 [warning] [Git][revParse] Unable to read file: ENOENT: no such file or directory, open '/home/gabs/gabrielag-06/.git/refs/remotes/origin/main'
2025-01-29 21:57:33.263 [info] > git rev-parse refs/remotes/origin/main [1ms]
2025-01-29 21:57:33.267 [info] > git status -z -uall [2ms]
2025-01-29 21:57:33.268 [info] > git for-each-ref --sort -committerdate --format %(refname) %(objectname) %(*objectname) [0ms]
2025-01-29 21:57:33.277 [info] > git config --get commit.template [3ms]
2025-01-29 21:57:33.277 [info] > git for-each-ref --format=%(refname)%00%(upstream:short)%00%(objectname)%00%(upstream:track)%00%(upstream:remotename)%00%(upstream:remoteref) refs/heads/developer01 refs/remotes/developer01 [1ms]
2025-01-29 21:57:33.283 [info] > git for-each-ref --sort -committerdate --format %(refname) %(objectname) %(*objectname) [1ms]
2025-01-29 21:57:33.300 [info] > git status -z -uall [20ms]
2025-01-29 21:57:34.238 [info] > git config --get commit.template [2ms]
2025-01-29 21:57:34.239 [info] > git for-each-ref --format=%(refname)%00%(upstream:short)%00%(objectname)%00%(upstream:track)%00%(upstream:remotename)%00%(upstream:remoteref) refs/heads/main refs/remotes/main [1ms]
2025-01-29 21:57:34.242 [warning] [Git][revParse] Unable to read file: ENOENT: no such file or directory, open '/home/gabs/miPrimerRepo/.git/refs/remotes/origin/main'
2025-01-29 21:57:34.243 [info] > git rev-parse refs/remotes/origin/main [1ms]
2025-01-29 21:57:34.247 [info] > git status -z -uall [2ms]
2025-01-29 21:57:34.248 [info] > git for-each-ref --sort -committerdate --format %(refname) %(objectname) %(*objectname) [1ms]
2025-01-29 22:43:25.567 [info] > git ls-files --stage -- /home/gabs/miPrimerRepo/README.md [4ms]
2025-01-29 22:43:25.573 [info] > git config --get commit.template [14ms]
2025-01-29 22:43:25.573 [info] > git config --get commit.template [17ms]
2025-01-29 22:43:25.587 [info] > git ls-files --stage -- /home/gabs/gabrielag-06/README.md [21ms]
2025-01-29 22:43:25.592 [info] > git for-each-ref --format=%(refname)%00%(upstream:short)%00%(objectname)%00%(upstream:track)%00%(upstream:remotename)%00%(upstream:remoteref) refs/heads/main refs/remotes/main [13ms]
2025-01-29 22:43:25.593 [info] > git cat-file -s 92f32fc62962eb1dfb604837ab4e02092eb1a7ab [20ms]
2025-01-29 22:43:25.598 [warning] [Git][revParse] Unable to read file: ENOENT: no such file or directory, open '/home/gabs/gabrielag-06/.git/refs/remotes/origin/main'
