2025-01-26 22:56:37.498 [info] [main] Log level: Info
2025-01-26 22:56:37.498 [info] [main] Validating found git in: "git"
2025-01-26 22:56:37.498 [info] [main] Using git "2.43.0" from "git"
2025-01-26 22:56:37.498 [info] [Model][doInitialScan] Initial repository scan started
2025-01-26 22:56:37.498 [info] > git rev-parse --show-toplevel [15ms]
2025-01-26 22:56:37.498 [info] > git rev-parse --git-dir --git-common-dir [2ms]
2025-01-26 22:56:37.498 [info] [Model][openRepository] Opened repository: /home/gabs
2025-01-26 22:56:37.498 [info] > git config --get commit.template [65ms]
2025-01-26 22:56:37.522 [info] [Git][getRemotes] No remotes found in the git config file
2025-01-26 22:56:37.531 [info] > git for-each-ref --format=%(refname)%00%(upstream:short)%00%(objectname)%00%(upstream:track)%00%(upstream:remotename)%00%(upstream:remoteref) refs/heads/main refs/remotes/main [10ms]
2025-01-26 22:56:37.543 [info] > git rev-parse --show-toplevel [16ms]
2025-01-26 22:56:37.548 [info] > git for-each-ref --sort -committerdate --format %(refname) %(objectname) %(*objectname) [12ms]
2025-01-26 22:56:37.570 [info] > git status -z -uall [37ms]
2025-01-26 22:56:37.570 [info] > git rev-parse --show-toplevel [22ms]
2025-01-26 22:56:37.602 [info] > git for-each-ref --format=%(refname)%00%(upstream:short)%00%(objectname)%00%(upstream:track)%00%(upstream:remotename)%00%(upstream:remoteref) refs/heads/main refs/remotes/main [21ms]
2025-01-26 22:56:37.713 [info] > git config --get commit.template [124ms]
2025-01-26 22:56:37.713 [info] > git rev-parse --show-toplevel [128ms]
2025-01-26 22:56:37.748 [info] > git config --local branch.main.vscode-merge-base [143ms]
2025-01-26 22:56:37.749 [warning] [Git][config] git config failed: Failed to execute git
2025-01-26 22:56:37.754 [info] [Git][getRemotes] No remotes found in the git config file
2025-01-26 22:56:37.755 [info] > git rev-parse --show-toplevel [10ms]
2025-01-26 22:56:37.755 [info] > git for-each-ref --format=%(refname)%00%(upstream:short)%00%(objectname)%00%(upstream:track)%00%(upstream:remotename)%00%(upstream:remoteref) refs/heads/main refs/remotes/main [1ms]
2025-01-26 22:56:37.759 [info] > git reflog main --grep-reflog=branch: Created from *. [8ms]
2025-01-26 22:56:37.764 [info] > git for-each-ref --sort -committerdate --format %(refname) %(objectname) %(*objectname) [5ms]
2025-01-26 22:56:37.765 [info] > git rev-parse --show-toplevel [2ms]
2025-01-26 22:56:37.766 [info] > git reflog HEAD --grep-reflog=checkout: moving from .* to main [5ms]
2025-01-26 22:56:37.770 [info] > git status -z -uall [13ms]
2025-01-26 22:56:37.770 [info] > git for-each-ref --format=%(refname)%00%(upstream:short)%00%(objectname)%00%(upstream:track)%00%(upstream:remotename)%00%(upstream:remoteref) refs/heads/developer refs/remotes/developer [3ms]
2025-01-26 22:56:37.774 [info] > git rev-parse --show-toplevel [5ms]
2025-01-26 22:56:37.782 [info] > git for-each-ref --format=%(refname)%00%(upstream:short)%00%(objectname)%00%(upstream:track)%00%(upstream:remotename)%00%(upstream:remoteref) refs/heads/main refs/remotes/main [4ms]
2025-01-26 22:56:37.784 [info] > git symbolic-ref --short refs/remotes/origin/HEAD [12ms]
2025-01-26 22:56:37.785 [info] fatal: ref refs/remotes/origin/HEAD is not a symbolic ref
2025-01-26 22:56:37.785 [warning] [Repository][getDefaultBranch] Failed to get default branch details: Failed to execute git.
2025-01-26 22:56:37.786 [info] > git config --local branch.main.vscode-merge-base [2ms]
2025-01-26 22:56:37.786 [warning] [Git][config] git config failed: Failed to execute git
2025-01-26 22:56:37.788 [info] > git rev-parse --show-toplevel [7ms]
2025-01-26 22:56:37.791 [info] > git reflog main --grep-reflog=branch: Created from *. [3ms]
2025-01-26 22:56:37.794 [info] > git rev-parse --show-toplevel [2ms]
2025-01-26 22:56:37.796 [info] > git reflog HEAD --grep-reflog=checkout: moving from .* to main [3ms]
2025-01-26 22:56:37.799 [info] > git rev-parse --git-dir --git-common-dir [3ms]
2025-01-26 22:56:37.802 [info] [Model][openRepository] Opened repository: /home/gabs/miPrimerProyecto
2025-01-26 22:56:37.807 [info] > git for-each-ref --format=%(refname)%00%(upstream:short)%00%(objectname)%00%(upstream:track)%00%(upstream:remotename)%00%(upstream:remoteref) refs/heads/developer refs/remotes/developer [9ms]
2025-01-26 22:56:37.810 [info] > git rev-parse --show-toplevel [3ms]
2025-01-26 22:56:37.812 [info] [Model][doInitialScan] Initial repository scan completed - repositories (2), closed repositories (0), parent repositories (0), unsafe repositories (0)
2025-01-26 22:56:38.075 [info] > git config --get commit.template [270ms]
2025-01-26 22:56:38.129 [info] > git show --textconv 5bff0ebe1ba33bdebb13d29828ce2d32f8bf22f2:.bash_history [314ms]
2025-01-26 22:56:38.129 [info] > git show --textconv 727225a96f378249415b4713efe64388b5109b9a:.bash_history [312ms]
2025-01-26 22:56:38.129 [info] > git show --textconv 5bff0ebe1ba33bdebb13d29828ce2d32f8bf22f2:.vscode-server/data/CachedProfilesData/__default__profile__/extensions.user.cache [307ms]
2025-01-26 22:56:38.129 [info] > git show --textconv 727225a96f378249415b4713efe64388b5109b9a:.vscode-server/data/CachedProfilesData/__default__profile__/extensions.user.cache [306ms]
2025-01-26 22:56:38.129 [info] > git show --textconv 5bff0ebe1ba33bdebb13d29828ce2d32f8bf22f2:.vscode-server/data/User/workspaceStorage/0c742492031483634d5235416ae18321/vscode.lock [304ms]
2025-01-26 22:56:38.129 [info] > git show --textconv 727225a96f378249415b4713efe64388b5109b9a:.vscode-server/data/User/workspaceStorage/0c742492031483634d5235416ae18321/vscode.lock [302ms]
2025-01-26 22:56:38.129 [info] > git show --textconv 5bff0ebe1ba33bdebb13d29828ce2d32f8bf22f2:.vscode-server/data/logs/20250126T223706/exthost1/remoteexthost.log [300ms]
2025-01-26 22:56:38.129 [info] > git show --textconv 727225a96f378249415b4713efe64388b5109b9a:.vscode-server/data/logs/20250126T223706/exthost1/remoteexthost.log [298ms]
2025-01-26 22:56:38.129 [info] > git show --textconv 5bff0ebe1ba33bdebb13d29828ce2d32f8bf22f2:.vscode-server/data/logs/20250126T223706/exthost1/vscode.git/Git.log [296ms]
2025-01-26 22:56:38.129 [info] > git show --textconv 727225a96f378249415b4713efe64388b5109b9a:.vscode-server/data/logs/20250126T223706/exthost1/vscode.git/Git.log [295ms]
2025-01-26 22:56:38.129 [info] > git show --textconv 5bff0ebe1ba33bdebb13d29828ce2d32f8bf22f2:.vscode-server/data/logs/20250126T223706/exthost1/vscode.github/GitHub.log [293ms]
2025-01-26 22:56:38.129 [info] > git show --textconv 727225a96f378249415b4713efe64388b5109b9a:.vscode-server/data/logs/20250126T223706/exthost1/vscode.github/GitHub.log [187ms]
2025-01-26 22:56:38.129 [info] > git show --textconv 5bff0ebe1ba33bdebb13d29828ce2d32f8bf22f2:.vscode-server/data/logs/20250126T223706/ptyhost.log [185ms]
2025-01-26 22:56:38.129 [info] > git show --textconv 727225a96f378249415b4713efe64388b5109b9a:.vscode-server/data/logs/20250126T223706/ptyhost.log [184ms]
2025-01-26 22:56:38.129 [info] > git show --textconv 5bff0ebe1ba33bdebb13d29828ce2d32f8bf22f2:.vscode-server/data/logs/20250126T223706/remoteagent.log [183ms]
2025-01-26 22:56:38.129 [info] > git show --textconv 727225a96f378249415b4713efe64388b5109b9a:.vscode-server/data/logs/20250126T223706/remoteagent.log [181ms]
2025-01-26 22:56:38.129 [info] > git show --textconv 5bff0ebe1ba33bdebb13d29828ce2d32f8bf22f2:.vscode-server/data/logs/20250126T224713/exthost1/remoteexthost.log [180ms]
2025-01-26 22:56:38.129 [info] > git show --textconv 727225a96f378249415b4713efe64388b5109b9a:.vscode-server/data/logs/20250126T224713/exthost1/remoteexthost.log [178ms]
2025-01-26 22:56:38.129 [info] > git show --textconv 5bff0ebe1ba33bdebb13d29828ce2d32f8bf22f2:.vscode-server/data/logs/20250126T224713/exthost1/vscode.git/Git.log [177ms]
2025-01-26 22:56:38.129 [info] > git show --textconv 727225a96f378249415b4713efe64388b5109b9a:.vscode-server/data/logs/20250126T224713/exthost1/vscode.git/Git.log [176ms]
2025-01-26 22:56:38.129 [info] > git show --textconv 5bff0ebe1ba33bdebb13d29828ce2d32f8bf22f2:.vscode-server/data/logs/20250126T224713/exthost1/vscode.github/GitHub.log [174ms]
2025-01-26 22:56:38.129 [info] > git show --textconv 727225a96f378249415b4713efe64388b5109b9a:.vscode-server/data/logs/20250126T224713/exthost1/vscode.github/GitHub.log [172ms]
2025-01-26 22:56:38.129 [info] > git show --textconv 5bff0ebe1ba33bdebb13d29828ce2d32f8bf22f2:.vscode-server/data/logs/20250126T224713/remoteagent.log [171ms]
2025-01-26 22:56:38.129 [info] > git show --textconv 727225a96f378249415b4713efe64388b5109b9a:.vscode-server/data/logs/20250126T224713/remoteagent.log [170ms]
2025-01-26 22:56:38.129 [info] > git show --textconv 5bff0ebe1ba33bdebb13d29828ce2d32f8bf22f2:codeconflict.txt [168ms]
2025-01-26 22:56:38.130 [info] > git show --textconv 727225a96f378249415b4713efe64388b5109b9a:codeconflict.txt [167ms]
2025-01-26 22:56:38.130 [info] > git check-ignore -v -z --stdin [33ms]
2025-01-26 22:56:38.131 [info] > git ls-tree -l 727225a96f378249415b4713efe64388b5109b9a -- /home/gabs/codeconflict.txt [57ms]
2025-01-26 22:56:38.131 [info] > git ls-tree -l 5bff0ebe1ba33bdebb13d29828ce2d32f8bf22f2 -- /home/gabs/codeconflict.txt [58ms]
2025-01-26 22:56:38.132 [info] > git ls-tree -l 727225a96f378249415b4713efe64388b5109b9a -- /home/gabs/.vscode-server/data/logs/20250126T224713/remoteagent.log [60ms]
2025-01-26 22:56:38.132 [info] > git ls-tree -l 5bff0ebe1ba33bdebb13d29828ce2d32f8bf22f2 -- /home/gabs/.vscode-server/data/logs/20250126T224713/remoteagent.log [61ms]
2025-01-26 22:56:38.132 [info] > git ls-tree -l 727225a96f378249415b4713efe64388b5109b9a -- /home/gabs/.vscode-server/data/logs/20250126T224713/exthost1/vscode.github/GitHub.log [62ms]
2025-01-26 22:56:38.132 [info] > git ls-tree -l 5bff0ebe1ba33bdebb13d29828ce2d32f8bf22f2 -- /home/gabs/.vscode-server/data/logs/20250126T224713/exthost1/vscode.github/GitHub.log [63ms]
2025-01-26 22:56:38.133 [info] > git ls-tree -l 727225a96f378249415b4713efe64388b5109b9a -- /home/gabs/.vscode-server/data/logs/20250126T224713/exthost1/vscode.git/Git.log [66ms]
2025-01-26 22:56:38.133 [info] > git ls-tree -l 5bff0ebe1ba33bdebb13d29828ce2d32f8bf22f2 -- /home/gabs/.vscode-server/data/logs/20250126T224713/exthost1/vscode.git/Git.log [67ms]
2025-01-26 22:56:38.133 [info] > git ls-tree -l 727225a96f378249415b4713efe64388b5109b9a -- /home/gabs/.vscode-server/data/logs/20250126T224713/exthost1/remoteexthost.log [68ms]
2025-01-26 22:56:38.133 [info] > git ls-tree -l 5bff0ebe1ba33bdebb13d29828ce2d32f8bf22f2 -- /home/gabs/.vscode-server/data/logs/20250126T224713/exthost1/remoteexthost.log [69ms]
2025-01-26 22:56:38.133 [info] > git ls-tree -l 727225a96f378249415b4713efe64388b5109b9a -- /home/gabs/.vscode-server/data/logs/20250126T223706/remoteagent.log [71ms]
2025-01-26 22:56:38.134 [info] > git ls-tree -l 5bff0ebe1ba33bdebb13d29828ce2d32f8bf22f2 -- /home/gabs/.vscode-server/data/logs/20250126T223706/remoteagent.log [145ms]
2025-01-26 22:56:38.134 [info] > git ls-tree -l 727225a96f378249415b4713efe64388b5109b9a -- /home/gabs/.vscode-server/data/logs/20250126T223706/ptyhost.log [147ms]
2025-01-26 22:56:38.134 [info] > git ls-tree -l 5bff0ebe1ba33bdebb13d29828ce2d32f8bf22f2 -- /home/gabs/.vscode-server/data/logs/20250126T223706/ptyhost.log [149ms]
2025-01-26 22:56:38.134 [info] > git ls-tree -l 727225a96f378249415b4713efe64388b5109b9a -- /home/gabs/.vscode-server/data/logs/20250126T223706/exthost1/vscode.github/GitHub.log [151ms]
2025-01-26 22:56:38.134 [info] > git ls-tree -l 5bff0ebe1ba33bdebb13d29828ce2d32f8bf22f2 -- /home/gabs/.vscode-server/data/logs/20250126T223706/exthost1/vscode.github/GitHub.log [153ms]
2025-01-26 22:56:38.135 [info] > git ls-tree -l 727225a96f378249415b4713efe64388b5109b9a -- /home/gabs/.vscode-server/data/logs/20250126T223706/exthost1/vscode.git/Git.log [156ms]
2025-01-26 22:56:38.135 [info] > git ls-tree -l 5bff0ebe1ba33bdebb13d29828ce2d32f8bf22f2 -- /home/gabs/.vscode-server/data/logs/20250126T223706/exthost1/vscode.git/Git.log [158ms]
2025-01-26 22:56:38.135 [info] > git ls-tree -l 727225a96f378249415b4713efe64388b5109b9a -- /home/gabs/.vscode-server/data/logs/20250126T223706/exthost1/remoteexthost.log [160ms]
2025-01-26 22:56:38.135 [info] > git ls-tree -l 5bff0ebe1ba33bdebb13d29828ce2d32f8bf22f2 -- /home/gabs/.vscode-server/data/logs/20250126T223706/exthost1/remoteexthost.log [161ms]
2025-01-26 22:56:38.136 [info] > git ls-tree -l 727225a96f378249415b4713efe64388b5109b9a -- /home/gabs/.vscode-server/data/User/workspaceStorage/0c742492031483634d5235416ae18321/vscode.lock [163ms]
2025-01-26 22:56:38.136 [info] > git ls-tree -l 5bff0ebe1ba33bdebb13d29828ce2d32f8bf22f2 -- /home/gabs/.vscode-server/data/User/workspaceStorage/0c742492031483634d5235416ae18321/vscode.lock [165ms]
2025-01-26 22:56:38.136 [info] > git ls-tree -l 727225a96f378249415b4713efe64388b5109b9a -- /home/gabs/.vscode-server/data/CachedProfilesData/__default__profile__/extensions.user.cache [167ms]
2025-01-26 22:56:38.136 [info] > git ls-tree -l 5bff0ebe1ba33bdebb13d29828ce2d32f8bf22f2 -- /home/gabs/.vscode-server/data/CachedProfilesData/__default__profile__/extensions.user.cache [168ms]
2025-01-26 22:56:38.137 [info] > git ls-tree -l 727225a96f378249415b4713efe64388b5109b9a -- /home/gabs/.vscode-server/data/CachedProfilesData/__default__profile__/extensions.builtin.cache [170ms]
2025-01-26 22:56:38.137 [info] > git ls-tree -l 5bff0ebe1ba33bdebb13d29828ce2d32f8bf22f2 -- /home/gabs/.vscode-server/data/CachedProfilesData/__default__profile__/extensions.builtin.cache [171ms]
2025-01-26 22:56:38.137 [info] > git ls-tree -l 727225a96f378249415b4713efe64388b5109b9a -- /home/gabs/.bash_history [172ms]
2025-01-26 22:56:38.137 [info] > git ls-tree -l 5bff0ebe1ba33bdebb13d29828ce2d32f8bf22f2 -- /home/gabs/.bash_history [174ms]
2025-01-26 22:56:38.141 [info] > git symbolic-ref --short refs/remotes/origin/HEAD [331ms]
2025-01-26 22:56:38.141 [info] fatal: ref refs/remotes/origin/HEAD is not a symbolic ref
2025-01-26 22:56:38.141 [warning] [Repository][getDefaultBranch] Failed to get default branch details: Failed to execute git.
2025-01-26 22:56:38.144 [info] [Git][getRemotes] No remotes found in the git config file
2025-01-26 22:56:38.145 [info] > git show --textconv 5bff0ebe1ba33bdebb13d29828ce2d32f8bf22f2:.vscode-server/data/CachedProfilesData/__default__profile__/extensions.builtin.cache [327ms]
2025-01-26 22:56:38.146 [info] > git show --textconv 727225a96f378249415b4713efe64388b5109b9a:.vscode-server/data/CachedProfilesData/__default__profile__/extensions.builtin.cache [325ms]
2025-01-26 22:56:38.146 [info] > git for-each-ref --format=%(refname)%00%(upstream:short)%00%(objectname)%00%(upstream:track)%00%(upstream:remotename)%00%(upstream:remoteref) refs/heads/main refs/remotes/main [3ms]
2025-01-26 22:56:38.151 [info] > git status -z -uall [4ms]
2025-01-26 22:56:38.175 [info] > git for-each-ref --sort -committerdate --format %(refname) %(objectname) %(*objectname) [25ms]
2025-01-26 22:56:38.186 [info] > git for-each-ref --format=%(refname)%00%(upstream:short)%00%(objectname)%00%(upstream:track)%00%(upstream:remotename)%00%(upstream:remoteref) refs/heads/main refs/remotes/main [8ms]
2025-01-26 22:56:38.195 [info] > git config --get commit.template [13ms]
2025-01-26 22:56:38.197 [info] > git config --local branch.main.vscode-merge-base [10ms]
2025-01-26 22:56:38.197 [warning] [Git][config] git config failed: Failed to execute git
2025-01-26 22:56:38.201 [info] [Git][getRemotes] No remotes found in the git config file
2025-01-26 22:56:38.202 [info] > git for-each-ref --format=%(refname)%00%(upstream:short)%00%(objectname)%00%(upstream:track)%00%(upstream:remotename)%00%(upstream:remoteref) refs/heads/main refs/remotes/main [1ms]
2025-01-26 22:56:38.207 [info] > git reflog main --grep-reflog=branch: Created from *. [8ms]
2025-01-26 22:56:38.209 [info] > git status -z -uall [5ms]
2025-01-26 22:56:38.210 [info] > git for-each-ref --sort -committerdate --format %(refname) %(objectname) %(*objectname) [3ms]
2025-01-26 22:56:38.215 [info] > git symbolic-ref --short refs/remotes/origin/HEAD [7ms]
2025-01-26 22:56:38.215 [info] fatal: ref refs/remotes/origin/HEAD is not a symbolic ref
2025-01-26 22:56:38.215 [warning] [Repository][getDefaultBranch] Failed to get default branch details: Failed to execute git.
2025-01-26 22:56:38.216 [info] > git for-each-ref --format=%(refname)%00%(upstream:short)%00%(objectname)%00%(upstream:track)%00%(upstream:remotename)%00%(upstream:remoteref) refs/heads/main refs/remotes/main [4ms]
2025-01-26 22:56:38.218 [info] > git config --local branch.main.vscode-merge-base [1ms]
2025-01-26 22:56:38.218 [warning] [Git][config] git config failed: Failed to execute git
2025-01-26 22:56:38.221 [info] > git reflog main --grep-reflog=branch: Created from *. [1ms]
2025-01-26 22:56:38.223 [info] > git symbolic-ref --short refs/remotes/origin/HEAD [1ms]
2025-01-26 22:56:38.223 [info] fatal: ref refs/remotes/origin/HEAD is not a symbolic ref
2025-01-26 22:56:38.223 [warning] [Repository][getDefaultBranch] Failed to get default branch details: Failed to execute git.
2025-01-26 22:56:38.606 [info] > git check-ignore -v -z --stdin [3ms]
2025-01-26 22:56:38.606 [info] > git check-ignore -v -z --stdin [1ms]
2025-01-26 22:56:39.390 [info] > git config --get commit.template [2ms]
2025-01-26 22:56:39.390 [info] [Git][getRemotes] No remotes found in the git config file
2025-01-26 22:56:39.391 [info] > git for-each-ref --format=%(refname)%00%(upstream:short)%00%(objectname)%00%(upstream:track)%00%(upstream:remotename)%00%(upstream:remoteref) refs/heads/main refs/remotes/main [1ms]
2025-01-26 22:56:39.394 [info] > git for-each-ref --sort -committerdate --format %(refname) %(objectname) %(*objectname) [1ms]
2025-01-26 22:56:39.404 [info] > git status -z -uall [12ms]
2025-01-26 22:56:42.199 [info] > git config --local branch.main.github-pr-owner-number [2ms]
2025-01-26 22:56:42.199 [warning] [Git][config] git config failed: Failed to execute git
2025-01-26 22:56:42.202 [info] > git config --local branch.main.github-pr-owner-number [3ms]
2025-01-26 22:56:42.202 [warning] [Git][config] git config failed: Failed to execute git
2025-01-26 22:56:42.204 [info] > git config --local branch.main.remote [3ms]
2025-01-26 22:56:42.204 [warning] [Git][config] git config failed: Failed to execute git
2025-01-26 22:56:42.208 [info] > git config --local branch.main.remote [4ms]
2025-01-26 22:56:42.208 [warning] [Git][config] git config failed: Failed to execute git
2025-01-26 22:56:42.221 [info] > git config --local branch.main.merge [6ms]
2025-01-26 22:56:42.221 [warning] [Git][config] git config failed: Failed to execute git
2025-01-26 22:56:42.221 [info] > git config --local branch.main.merge [14ms]
2025-01-26 22:56:42.222 [warning] [Git][config] git config failed: Failed to execute git
2025-01-26 22:57:08.155 [info] > git ls-tree -l 727225a96f378249415b4713efe64388b5109b9a -- /home/gabs/.vscode-server/data/CachedProfilesData/__default__profile__/extensions.builtin.cache [5ms]
2025-01-26 22:57:08.156 [info] > git ls-tree -l 5bff0ebe1ba33bdebb13d29828ce2d32f8bf22f2 -- /home/gabs/.vscode-server/data/CachedProfilesData/__default__profile__/extensions.builtin.cache [8ms]
2025-01-26 22:57:08.156 [info] > git ls-tree -l 727225a96f378249415b4713efe64388b5109b9a -- /home/gabs/.bash_history [10ms]
2025-01-26 22:57:08.156 [info] > git ls-tree -l 5bff0ebe1ba33bdebb13d29828ce2d32f8bf22f2 -- /home/gabs/.bash_history [13ms]
2025-01-26 22:57:08.157 [info] > git config --get commit.template [3ms]
2025-01-26 22:57:08.159 [info] [Git][getRemotes] No remotes found in the git config file
2025-01-26 22:57:08.160 [info] > git for-each-ref --format=%(refname)%00%(upstream:short)%00%(objectname)%00%(upstream:track)%00%(upstream:remotename)%00%(upstream:remoteref) refs/heads/main refs/remotes/main [1ms]
2025-01-26 22:57:08.166 [info] > git for-each-ref --sort -committerdate --format %(refname) %(objectname) %(*objectname) [1ms]
2025-01-26 22:57:08.174 [info] > git status -z -uall [12ms]
2025-01-26 22:57:08.262 [info] > git for-each-ref --sort -committerdate --format %(refname) %(objectname) %(*objectname) [1ms]
2025-01-26 22:57:13.182 [info] [Git][getRemotes] No remotes found in the git config file
2025-01-26 22:57:13.182 [info] > git config --get commit.template [2ms]
2025-01-26 22:57:13.183 [info] > git for-each-ref --format=%(refname)%00%(upstream:short)%00%(objectname)%00%(upstream:track)%00%(upstream:remotename)%00%(upstream:remoteref) refs/heads/main refs/remotes/main [1ms]
2025-01-26 22:57:13.186 [info] > git for-each-ref --sort -committerdate --format %(refname) %(objectname) %(*objectname) [1ms]
2025-01-26 22:57:13.194 [info] > git status -z -uall [10ms]
2025-01-26 22:57:18.201 [info] [Git][getRemotes] No remotes found in the git config file
2025-01-26 22:57:18.202 [info] > git config --get commit.template [2ms]
2025-01-26 22:57:18.202 [info] > git for-each-ref --format=%(refname)%00%(upstream:short)%00%(objectname)%00%(upstream:track)%00%(upstream:remotename)%00%(upstream:remoteref) refs/heads/main refs/remotes/main [1ms]
2025-01-26 22:57:18.206 [info] > git for-each-ref --sort -committerdate --format %(refname) %(objectname) %(*objectname) [1ms]
2025-01-26 22:57:18.214 [info] > git status -z -uall [11ms]
2025-01-26 22:57:20.688 [info] > git log --format=%H%n%aN%n%aE%n%at%n%ct%n%P%n%D%n%B -z --shortstat --diff-merges=first-parent -n50 --skip=0 --topo-order --decorate=full --stdin [473ms]
2025-01-26 22:57:20.827 [info] > git check-ignore -v -z --stdin [1ms]
2025-01-26 22:57:23.222 [info] [Git][getRemotes] No remotes found in the git config file
2025-01-26 22:57:23.222 [info] > git config --get commit.template [2ms]
2025-01-26 22:57:23.222 [info] > git for-each-ref --format=%(refname)%00%(upstream:short)%00%(objectname)%00%(upstream:track)%00%(upstream:remotename)%00%(upstream:remoteref) refs/heads/main refs/remotes/main [1ms]
2025-01-26 22:57:23.227 [info] > git for-each-ref --sort -committerdate --format %(refname) %(objectname) %(*objectname) [1ms]
2025-01-26 22:57:23.235 [info] > git status -z -uall [11ms]
2025-01-26 22:57:28.243 [info] [Git][getRemotes] No remotes found in the git config file
2025-01-26 22:57:28.243 [info] > git config --get commit.template [3ms]
2025-01-26 22:57:28.244 [info] > git for-each-ref --format=%(refname)%00%(upstream:short)%00%(objectname)%00%(upstream:track)%00%(upstream:remotename)%00%(upstream:remoteref) refs/heads/main refs/remotes/main [1ms]
2025-01-26 22:57:28.249 [info] > git for-each-ref --sort -committerdate --format %(refname) %(objectname) %(*objectname) [1ms]
2025-01-26 22:57:28.257 [info] > git status -z -uall [11ms]
2025-01-26 22:57:33.266 [info] [Git][getRemotes] No remotes found in the git config file
2025-01-26 22:57:33.267 [info] > git config --get commit.template [2ms]
2025-01-26 22:57:33.267 [info] > git for-each-ref --format=%(refname)%00%(upstream:short)%00%(objectname)%00%(upstream:track)%00%(upstream:remotename)%00%(upstream:remoteref) refs/heads/main refs/remotes/main [2ms]
2025-01-26 22:57:33.272 [info] > git for-each-ref --sort -committerdate --format %(refname) %(objectname) %(*objectname) [1ms]
2025-01-26 22:57:33.281 [info] > git status -z -uall [12ms]
2025-01-26 22:57:41.873 [info] [Git][getRemotes] No remotes found in the git config file
2025-01-26 22:57:41.881 [info] > git config --get commit.template [10ms]
2025-01-26 22:57:41.882 [info] > git for-each-ref --format=%(refname)%00%(upstream:short)%00%(objectname)%00%(upstream:track)%00%(upstream:remotename)%00%(upstream:remoteref) refs/heads/main refs/remotes/main [10ms]
2025-01-26 22:57:41.888 [info] > git for-each-ref --sort -committerdate --format %(refname) %(objectname) %(*objectname) [2ms]
2025-01-26 22:57:41.994 [info] > git status -z -uall [111ms]
2025-01-26 22:57:47.000 [info] > git config --get commit.template [2ms]
2025-01-26 22:57:47.002 [info] [Git][getRemotes] No remotes found in the git config file
2025-01-26 22:57:47.003 [info] > git for-each-ref --format=%(refname)%00%(upstream:short)%00%(objectname)%00%(upstream:track)%00%(upstream:remotename)%00%(upstream:remoteref) refs/heads/main refs/remotes/main [1ms]
2025-01-26 22:57:47.008 [info] > git for-each-ref --sort -committerdate --format %(refname) %(objectname) %(*objectname) [1ms]
2025-01-26 22:57:47.016 [info] > git status -z -uall [11ms]
2025-01-26 22:57:52.022 [info] [Git][getRemotes] No remotes found in the git config file
2025-01-26 22:57:52.022 [info] > git config --get commit.template [2ms]
2025-01-26 22:57:52.022 [info] > git for-each-ref --format=%(refname)%00%(upstream:short)%00%(objectname)%00%(upstream:track)%00%(upstream:remotename)%00%(upstream:remoteref) refs/heads/main refs/remotes/main [1ms]
2025-01-26 22:57:52.028 [info] > git for-each-ref --sort -committerdate --format %(refname) %(objectname) %(*objectname) [1ms]
2025-01-26 22:57:52.035 [info] > git status -z -uall [11ms]
2025-01-26 22:57:57.044 [info] [Git][getRemotes] No remotes found in the git config file
2025-01-26 22:57:57.044 [info] > git config --get commit.template [4ms]
2025-01-26 22:57:57.044 [info] > git for-each-ref --format=%(refname)%00%(upstream:short)%00%(objectname)%00%(upstream:track)%00%(upstream:remotename)%00%(upstream:remoteref) refs/heads/main refs/remotes/main [1ms]
2025-01-26 22:57:57.049 [info] > git for-each-ref --sort -committerdate --format %(refname) %(objectname) %(*objectname) [1ms]
2025-01-26 22:57:57.058 [info] > git status -z -uall [12ms]
2025-01-26 22:58:10.143 [info] > git ls-tree -l 5bff0ebe1ba33bdebb13d29828ce2d32f8bf22f2 -- /home/gabs/.vscode-server/data/CachedProfilesData/__default__profile__/extensions.builtin.cache [7ms]
2025-01-26 22:58:10.144 [info] > git ls-tree -l 727225a96f378249415b4713efe64388b5109b9a -- /home/gabs/.bash_history [9ms]
2025-01-26 22:58:10.144 [info] > git ls-tree -l 5bff0ebe1ba33bdebb13d29828ce2d32f8bf22f2 -- /home/gabs/.bash_history [12ms]
2025-01-26 22:58:10.144 [info] > git config --get commit.template [1ms]
2025-01-26 22:58:10.145 [info] > git ls-tree -l 727225a96f378249415b4713efe64388b5109b9a -- /home/gabs/.vscode-server/data/CachedProfilesData/__default__profile__/extensions.builtin.cache [6ms]
2025-01-26 22:58:10.149 [info] [Git][getRemotes] No remotes found in the git config file
2025-01-26 22:58:10.150 [info] > git for-each-ref --format=%(refname)%00%(upstream:short)%00%(objectname)%00%(upstream:track)%00%(upstream:remotename)%00%(upstream:remoteref) refs/heads/main refs/remotes/main [1ms]
2025-01-26 22:58:10.156 [info] > git for-each-ref --sort -committerdate --format %(refname) %(objectname) %(*objectname) [1ms]
2025-01-26 22:58:10.165 [info] > git status -z -uall [13ms]
2025-01-26 22:58:18.753 [info] [Git][getRemotes] No remotes found in the git config file
2025-01-26 22:58:18.753 [info] > git config --get commit.template [2ms]
2025-01-26 22:58:18.754 [info] > git for-each-ref --format=%(refname)%00%(upstream:short)%00%(objectname)%00%(upstream:track)%00%(upstream:remotename)%00%(upstream:remoteref) refs/heads/main refs/remotes/main [1ms]
2025-01-26 22:58:18.757 [info] > git for-each-ref --sort -committerdate --format %(refname) %(objectname) %(*objectname) [1ms]
2025-01-26 22:58:18.766 [info] > git status -z -uall [11ms]
2025-01-26 22:59:33.849 [info] > git ls-tree -l 727225a96f378249415b4713efe64388b5109b9a -- /home/gabs/.vscode-server/data/CachedProfilesData/__default__profile__/extensions.builtin.cache [5ms]
2025-01-26 22:59:33.849 [info] > git ls-tree -l 5bff0ebe1ba33bdebb13d29828ce2d32f8bf22f2 -- /home/gabs/.vscode-server/data/CachedProfilesData/__default__profile__/extensions.builtin.cache [6ms]
2025-01-26 22:59:33.850 [info] > git ls-tree -l 727225a96f378249415b4713efe64388b5109b9a -- /home/gabs/.bash_history [9ms]
2025-01-26 22:59:33.850 [info] > git ls-tree -l 5bff0ebe1ba33bdebb13d29828ce2d32f8bf22f2 -- /home/gabs/.bash_history [10ms]
2025-01-26 22:59:33.850 [info] > git config --get commit.template [2ms]
2025-01-26 22:59:33.853 [info] [Git][getRemotes] No remotes found in the git config file
2025-01-26 22:59:33.854 [info] > git for-each-ref --format=%(refname)%00%(upstream:short)%00%(objectname)%00%(upstream:track)%00%(upstream:remotename)%00%(upstream:remoteref) refs/heads/main refs/remotes/main [2ms]
2025-01-26 22:59:33.860 [info] > git for-each-ref --sort -committerdate --format %(refname) %(objectname) %(*objectname) [2ms]
2025-01-26 22:59:33.868 [info] > git status -z -uall [11ms]
2025-01-26 22:59:41.691 [info] > git ls-tree -l 727225a96f378249415b4713efe64388b5109b9a -- /home/gabs/.vscode-server/data/CachedProfilesData/__default__profile__/extensions.builtin.cache [4ms]
2025-01-26 22:59:41.692 [info] > git ls-tree -l 5bff0ebe1ba33bdebb13d29828ce2d32f8bf22f2 -- /home/gabs/.vscode-server/data/CachedProfilesData/__default__profile__/extensions.builtin.cache [6ms]
2025-01-26 22:59:41.692 [info] > git ls-tree -l 727225a96f378249415b4713efe64388b5109b9a -- /home/gabs/.bash_history [8ms]
2025-01-26 22:59:41.692 [info] > git ls-tree -l 5bff0ebe1ba33bdebb13d29828ce2d32f8bf22f2 -- /home/gabs/.bash_history [10ms]
2025-01-26 22:59:41.693 [info] > git config --get commit.template [4ms]
2025-01-26 22:59:41.696 [info] [Git][getRemotes] No remotes found in the git config file
2025-01-26 22:59:41.697 [info] > git for-each-ref --format=%(refname)%00%(upstream:short)%00%(objectname)%00%(upstream:track)%00%(upstream:remotename)%00%(upstream:remoteref) refs/heads/main refs/remotes/main [0ms]
2025-01-26 22:59:41.702 [info] > git for-each-ref --sort -committerdate --format %(refname) %(objectname) %(*objectname) [1ms]
2025-01-26 22:59:41.711 [info] > git status -z -uall [13ms]
