2025-01-29 22:13:33.179 [info] [main] Log level: Info
2025-01-29 22:13:33.179 [info] [main] Validating found git in: "git"
2025-01-29 22:13:33.179 [info] [main] Using git "2.43.0" from "git"
2025-01-29 22:13:33.179 [info] [Model][doInitialScan] Initial repository scan started
2025-01-29 22:13:33.179 [info] > git rev-parse --show-toplevel [3ms]
2025-01-29 22:13:33.179 [info] > git rev-parse --git-dir --git-common-dir [2ms]
2025-01-29 22:13:33.179 [info] [Model][openRepository] Opened repository: /home/gabs/gabrielag-06.github.io
2025-01-29 22:13:33.179 [info] [Model][doInitialScan] Initial repository scan completed - repositories (1), closed repositories (0), parent repositories (0), unsafe repositories (0)
2025-01-29 22:13:33.210 [info] > git config --get commit.template [27ms]
2025-01-29 22:13:33.215 [info] > git for-each-ref --format=%(refname)%00%(upstream:short)%00%(objectname)%00%(upstream:track)%00%(upstream:remotename)%00%(upstream:remoteref) refs/heads/main refs/remotes/main [2ms]
2025-01-29 22:13:33.218 [warning] [Git][revParse] Unable to read file: ENOENT: no such file or directory, open '/home/gabs/gabrielag-06.github.io/.git/refs/remotes/origin/main'
2025-01-29 22:13:33.220 [info] > git rev-parse refs/remotes/origin/main [2ms]
2025-01-29 22:13:33.248 [info] > git status -z -uall [23ms]
2025-01-29 22:13:33.250 [info] > git for-each-ref --sort -committerdate --format %(refname) %(objectname) %(*objectname) [22ms]
2025-01-29 22:13:33.377 [info] > git for-each-ref --format=%(refname)%00%(upstream:short)%00%(objectname)%00%(upstream:track)%00%(upstream:remotename)%00%(upstream:remoteref) refs/heads/main refs/remotes/main [120ms]
2025-01-29 22:13:33.391 [info] > git config --local branch.main.vscode-merge-base [10ms]
2025-01-29 22:13:33.391 [warning] [Git][config] git config failed: Failed to execute git
2025-01-29 22:13:33.394 [info] > git config --get commit.template [132ms]
2025-01-29 22:13:33.408 [info] > git reflog main --grep-reflog=branch: Created from *. [15ms]
2025-01-29 22:13:33.422 [info] > git for-each-ref --format=%(refname)%00%(upstream:short)%00%(objectname)%00%(upstream:track)%00%(upstream:remotename)%00%(upstream:remoteref) refs/heads/main refs/remotes/main [15ms]
2025-01-29 22:13:33.425 [warning] [Git][revParse] Unable to read file: ENOENT: no such file or directory, open '/home/gabs/gabrielag-06.github.io/.git/refs/remotes/origin/main'
2025-01-29 22:13:33.425 [info] > git symbolic-ref --short refs/remotes/origin/HEAD [14ms]
2025-01-29 22:13:33.450 [info] > git rev-parse refs/remotes/origin/main [25ms]
2025-01-29 22:13:33.457 [info] > git status -z -uall [4ms]
2025-01-29 22:13:33.457 [info] > git for-each-ref --format=%(refname)%00%(upstream:short)%00%(objectname)%00%(upstream:track)%00%(upstream:remotename)%00%(upstream:remoteref) refs/heads/origin/main refs/remotes/origin/main [29ms]
2025-01-29 22:13:33.461 [info] > git for-each-ref --sort -committerdate --format %(refname) %(objectname) %(*objectname) [6ms]
2025-01-29 22:13:33.470 [info] > git for-each-ref --format=%(refname)%00%(upstream:short)%00%(objectname)%00%(upstream:track)%00%(upstream:remotename)%00%(upstream:remoteref) refs/heads/main refs/remotes/main [5ms]
2025-01-29 22:13:33.473 [info] > git config --local branch.main.vscode-merge-base origin/main [12ms]
2025-01-29 22:13:33.567 [info] > git config --local branch.main.vscode-merge-base [95ms]
2025-01-29 22:13:33.571 [info] > git config --get commit.template [4ms]
2025-01-29 22:13:33.614 [info] > git for-each-ref --format=%(refname)%00%(upstream:short)%00%(objectname)%00%(upstream:track)%00%(upstream:remotename)%00%(upstream:remoteref) refs/heads/origin/main refs/remotes/origin/main [45ms]
2025-01-29 22:13:33.625 [info] > git merge-base refs/heads/main refs/remotes/origin/main [8ms]
2025-01-29 22:13:33.629 [info] > git for-each-ref --format=%(refname)%00%(upstream:short)%00%(objectname)%00%(upstream:track)%00%(upstream:remotename)%00%(upstream:remoteref) refs/heads/main refs/remotes/main [4ms]
2025-01-29 22:13:33.629 [info] > git diff --name-status -z --diff-filter=ADMR c5439994b8aec9ec253e8ed5fa2ac56521d065ef...refs/remotes/origin/main [2ms]
2025-01-29 22:13:33.631 [warning] [Git][revParse] Unable to read file: ENOENT: no such file or directory, open '/home/gabs/gabrielag-06.github.io/.git/refs/remotes/origin/main'
2025-01-29 22:13:33.677 [info] > git rev-parse refs/remotes/origin/main [46ms]
2025-01-29 22:13:33.681 [info] > git status -z -uall [3ms]
2025-01-29 22:13:33.682 [info] > git for-each-ref --sort -committerdate --format %(refname) %(objectname) %(*objectname) [2ms]
2025-01-29 22:13:33.761 [info] > git check-ignore -v -z --stdin [13ms]
2025-01-29 22:13:34.341 [info] > git config --local branch.main.github-pr-owner-number [254ms]
2025-01-29 22:13:34.341 [warning] [Git][config] git config failed: Failed to execute git
2025-01-29 22:13:34.395 [info] > git show --textconv :README.md [4ms]
2025-01-29 22:13:34.396 [info] > git ls-files --stage -- /home/gabs/gabrielag-06.github.io/README.md [2ms]
2025-01-29 22:13:34.399 [info] > git cat-file -s 0167bcc2454541c5cc9072b234de189a37353fc3 [1ms]
2025-01-29 22:13:34.678 [info] > git ls-files --stage -- /home/gabs/gabrielag-06.github.io/README.md [1ms]
2025-01-29 22:13:34.682 [info] > git cat-file -s 0167bcc2454541c5cc9072b234de189a37353fc3 [2ms]
2025-01-29 22:13:34.688 [info] > git show --textconv :README.md [1ms]
2025-01-29 22:16:30.279 [info] > git check-ignore -v -z --stdin [6ms]
2025-01-29 22:16:30.842 [info] > git config --get commit.template [3ms]
2025-01-29 22:16:30.849 [info] > git for-each-ref --format=%(refname)%00%(upstream:short)%00%(objectname)%00%(upstream:track)%00%(upstream:remotename)%00%(upstream:remoteref) refs/heads/main refs/remotes/main [7ms]
2025-01-29 22:16:30.851 [warning] [Git][revParse] Unable to read file: ENOENT: no such file or directory, open '/home/gabs/gabrielag-06.github.io/.git/refs/remotes/origin/main'
2025-01-29 22:16:30.853 [info] > git rev-parse refs/remotes/origin/main [2ms]
2025-01-29 22:16:30.858 [info] > git status -z -uall [3ms]
2025-01-29 22:16:30.860 [info] > git for-each-ref --sort -committerdate --format %(refname) %(objectname) %(*objectname) [2ms]
2025-01-29 22:16:43.723 [info] > git show --textconv :index.html [3ms]
2025-01-29 22:16:43.724 [info] > git ls-files --stage -- /home/gabs/gabrielag-06.github.io/index.html [2ms]
2025-01-29 22:16:44.016 [info] > git check-ignore -v -z --stdin [1ms]
2025-01-29 22:16:44.601 [info] > git config --get commit.template [3ms]
2025-01-29 22:16:44.601 [info] > git for-each-ref --format=%(refname)%00%(upstream:short)%00%(objectname)%00%(upstream:track)%00%(upstream:remotename)%00%(upstream:remoteref) refs/heads/main refs/remotes/main [1ms]
2025-01-29 22:16:44.604 [warning] [Git][revParse] Unable to read file: ENOENT: no such file or directory, open '/home/gabs/gabrielag-06.github.io/.git/refs/remotes/origin/main'
2025-01-29 22:16:44.604 [info] > git rev-parse refs/remotes/origin/main [0ms]
2025-01-29 22:16:44.609 [info] > git status -z -uall [3ms]
2025-01-29 22:16:44.610 [info] > git for-each-ref --sort -committerdate --format %(refname) %(objectname) %(*objectname) [1ms]
2025-01-29 22:17:00.665 [info] > git check-ignore -v -z --stdin [1ms]
2025-01-29 22:17:01.235 [info] > git config --get commit.template [3ms]
2025-01-29 22:17:01.235 [info] > git for-each-ref --format=%(refname)%00%(upstream:short)%00%(objectname)%00%(upstream:track)%00%(upstream:remotename)%00%(upstream:remoteref) refs/heads/main refs/remotes/main [1ms]
2025-01-29 22:17:01.237 [warning] [Git][revParse] Unable to read file: ENOENT: no such file or directory, open '/home/gabs/gabrielag-06.github.io/.git/refs/remotes/origin/main'
2025-01-29 22:17:01.238 [info] > git rev-parse refs/remotes/origin/main [1ms]
2025-01-29 22:17:01.242 [info] > git status -z -uall [3ms]
2025-01-29 22:17:01.243 [info] > git for-each-ref --sort -committerdate --format %(refname) %(objectname) %(*objectname) [1ms]
